[ 2015-06-03T10:37:19+08:00 ] 127.0.0.1 /Admin/Index/index.html
INFO: [ view_parse ] --START--
INFO: [ template_filter ] --START--
INFO: Run Behavior\ContentReplaceBehavior [ RunTime:0.000000s ]
INFO: [ template_filter ] --END-- [ RunTime:0.000000s ]
INFO: Run Behavior\ParseTemplateBehavior [ RunTime:0.042002s ]
INFO: [ view_parse ] --END-- [ RunTime:0.043002s ]
INFO: [ view_filter ] --START--
INFO: Run Behavior\WriteHtmlCacheBehavior [ RunTime:0.001000s ]
INFO: [ view_filter ] --END-- [ RunTime:0.001000s ]
INFO: [ app_end ] --START--
INFO: Run Behavior\ShowPageTraceBehavior [ RunTime:0.002000s ]
INFO: [ app_end ] --END-- [ RunTime:0.002000s ]

[ 2015-06-03T10:37:19+08:00 ] 127.0.0.1 /Admin/Index/top.html
INFO: [ view_parse ] --START--
INFO: [ template_filter ] --START--
INFO: Run Behavior\ContentReplaceBehavior [ RunTime:0.000000s ]
INFO: [ template_filter ] --END-- [ RunTime:0.000000s ]
INFO: Run Behavior\ParseTemplateBehavior [ RunTime:0.035002s ]
INFO: [ view_parse ] --END-- [ RunTime:0.036002s ]
INFO: [ view_filter ] --START--
INFO: Run Behavior\WriteHtmlCacheBehavior [ RunTime:0.001000s ]
INFO: [ view_filter ] --END-- [ RunTime:0.002000s ]
INFO: [ app_end ] --START--
INFO: Run Behavior\ShowPageTraceBehavior [ RunTime:0.002000s ]
INFO: [ app_end ] --END-- [ RunTime:0.002000s ]

[ 2015-06-03T10:37:19+08:00 ] 127.0.0.1 /Admin/Index/main.html
INFO: [ view_parse ] --START--
INFO: [ template_filter ] --START--
INFO: Run Behavior\ContentReplaceBehavior [ RunTime:0.000000s ]
INFO: [ template_filter ] --END-- [ RunTime:0.000000s ]
INFO: Run Behavior\ParseTemplateBehavior [ RunTime:0.031002s ]
INFO: [ view_parse ] --END-- [ RunTime:0.032002s ]
INFO: [ view_filter ] --START--
INFO: Run Behavior\WriteHtmlCacheBehavior [ RunTime:0.001000s ]
INFO: [ view_filter ] --END-- [ RunTime:0.001000s ]
INFO: [ app_end ] --START--
INFO: Run Behavior\ShowPageTraceBehavior [ RunTime:0.002000s ]
INFO: [ app_end ] --END-- [ RunTime:0.002000s ]

[ 2015-06-03T10:37:32+08:00 ] 127.0.0.1 /Admin/comment/comment_list.html
INFO: [ app_begin ] --START--
INFO: Run Behavior\ReadHtmlCacheBehavior [ RunTime:0.000000s ]
INFO: Run Behavior\CheckLangBehavior [ RunTime:0.001000s ]
INFO: [ app_begin ] --END-- [ RunTime:0.002000s ]
SQL: SHOW COLUMNS FROM `cz_admin` [ RunTime:0.0050s ]
SQL: SELECT * FROM `cz_admin` WHERE `admin_id` = 1 LIMIT 1   [ RunTime:0.0000s ]
SQL: SHOW COLUMNS FROM `cz_role` [ RunTime:0.0050s ]
SQL: SELECT * FROM `cz_role` WHERE `role_id` = 20 LIMIT 1   [ RunTime:0.0000s ]
SQL: SHOW COLUMNS FROM `cz_comment` [ RunTime:0.0040s ]
SQL: SHOW COLUMNS FROM `cz_comment` [ RunTime:0.0040s ]
SQL: SELECT COUNT(*) AS tp_count FROM cz_comment as c WHERE c.status = 1 LIMIT 1   [ RunTime:0.0010s ]
SQL: SHOW COLUMNS FROM `cz_comment` [ RunTime:0.0040s ]
SQL: SELECT c.comment_id,c.comment_type,c.user_name,c.ip_address,c.add_time,c.status,g.goods_id,g.goods_name FROM cz_comment as c left join cz_goods as g on g.goods_id = c.id_value  LIMIT 0,5   [ RunTime:0.0010s ]

