[ 2015-05-02T16:29:05+08:00 ] 127.0.0.1 /admin
INFO: [ app_init ] --START--
INFO: Run Behavior\BuildLiteBehavior [ RunTime:0.000000s ]
INFO: [ app_init ] --END-- [ RunTime:0.001000s ]
INFO: [ app_begin ] --START--
INFO: Run Behavior\ReadHtmlCacheBehavior [ RunTime:0.002000s ]
INFO: [ app_begin ] --END-- [ RunTime:0.002000s ]
INFO: [ view_parse ] --START--
INFO: [ template_filter ] --START--
INFO: Run Behavior\ContentReplaceBehavior [ RunTime:0.001000s ]
INFO: [ template_filter ] --END-- [ RunTime:0.001000s ]
INFO: Run Behavior\ParseTemplateBehavior [ RunTime:0.206012s ]
INFO: [ view_parse ] --END-- [ RunTime:0.206012s ]
INFO: [ view_filter ] --START--
INFO: Run Behavior\WriteHtmlCacheBehavior [ RunTime:0.017001s ]
INFO: [ view_filter ] --END-- [ RunTime:0.017001s ]

[ 2015-05-02T16:29:06+08:00 ] 127.0.0.1 /index.php/Admin/Public/login.html
INFO: [ app_init ] --START--
INFO: Run Behavior\BuildLiteBehavior [ RunTime:0.000000s ]
INFO: [ app_init ] --END-- [ RunTime:0.001000s ]
INFO: [ app_begin ] --START--
INFO: Run Behavior\ReadHtmlCacheBehavior [ RunTime:0.002001s ]
INFO: [ app_begin ] --END-- [ RunTime:0.002001s ]
INFO: [ view_parse ] --START--
INFO: [ template_filter ] --START--
INFO: Run Behavior\ContentReplaceBehavior [ RunTime:0.000000s ]
INFO: [ template_filter ] --END-- [ RunTime:0.000000s ]
INFO: Run Behavior\ParseTemplateBehavior [ RunTime:0.097005s ]
INFO: [ view_parse ] --END-- [ RunTime:0.098005s ]
INFO: [ view_filter ] --START--
INFO: Run Behavior\WriteHtmlCacheBehavior [ RunTime:0.003000s ]
INFO: [ view_filter ] --END-- [ RunTime:0.004000s ]
INFO: [ app_end ] --START--
INFO: Run Behavior\ShowPageTraceBehavior [ RunTime:0.003001s ]
INFO: [ app_end ] --END-- [ RunTime:0.003001s ]

[ 2015-05-02T16:29:07+08:00 ] 127.0.0.1 /index.php/Admin/Public/Captcha.html
INFO: [ app_init ] --START--
INFO: Run Behavior\BuildLiteBehavior [ RunTime:0.001000s ]
INFO: [ app_init ] --END-- [ RunTime:0.001000s ]
INFO: [ app_begin ] --START--
INFO: Run Behavior\ReadHtmlCacheBehavior [ RunTime:0.002001s ]
INFO: [ app_begin ] --END-- [ RunTime:0.002001s ]
INFO: [ app_end ] --START--
INFO: Run Behavior\ShowPageTraceBehavior [ RunTime:0.003000s ]
INFO: [ app_end ] --END-- [ RunTime:0.003000s ]

[ 2015-05-02T16:29:13+08:00 ] 127.0.0.1 /index.php/Admin/Public/checklogin.html
INFO: [ app_init ] --START--
INFO: Run Behavior\BuildLiteBehavior [ RunTime:0.000000s ]
INFO: [ app_init ] --END-- [ RunTime:0.001000s ]
INFO: [ app_begin ] --START--
INFO: Run Behavior\ReadHtmlCacheBehavior [ RunTime:0.002000s ]
INFO: [ app_begin ] --END-- [ RunTime:0.002000s ]
NOTIC: [8] Use of undefined constant time - assumed 'time' D:\web\www\work\cmc\Core\Common\functions.php 第 567 行.
NOTIC: [8] Use of undefined constant md5 - assumed 'md5' D:\web\www\work\cmc\Core\Common\functions.php 第 567 行.
SQL: SHOW COLUMNS FROM `cz_admin` [ RunTime:0.0090s ]
SQL: SELECT * FROM `cz_admin` WHERE ( username ='admin' ) LIMIT 1   [ RunTime:0.0010s ]
INFO: [ view_parse ] --START--
INFO: [ template_filter ] --START--
INFO: Run Behavior\ContentReplaceBehavior [ RunTime:0.000000s ]
INFO: [ template_filter ] --END-- [ RunTime:0.000000s ]
INFO: Run Behavior\ParseTemplateBehavior [ RunTime:0.024002s ]
INFO: [ view_parse ] --END-- [ RunTime:0.025002s ]
INFO: [ view_filter ] --START--
INFO: Run Behavior\WriteHtmlCacheBehavior [ RunTime:0.001000s ]
INFO: [ view_filter ] --END-- [ RunTime:0.001000s ]
INFO: [ app_end ] --START--
INFO: Run Behavior\ShowPageTraceBehavior [ RunTime:0.002000s ]
INFO: [ app_end ] --END-- [ RunTime:0.003000s ]

[ 2015-05-02T16:29:15+08:00 ] 127.0.0.1 /index.php/Admin/Index/index.html
INFO: [ app_init ] --START--
INFO: Run Behavior\BuildLiteBehavior [ RunTime:0.000000s ]
INFO: [ app_init ] --END-- [ RunTime:0.001000s ]
INFO: [ app_begin ] --START--
INFO: Run Behavior\ReadHtmlCacheBehavior [ RunTime:0.002000s ]
INFO: [ app_begin ] --END-- [ RunTime:0.003000s ]
NOTIC: [8] Use of undefined constant time - assumed 'time' D:\web\www\work\cmc\Core\Common\functions.php 第 567 行.
NOTIC: [8] Use of undefined constant md5 - assumed 'md5' D:\web\www\work\cmc\Core\Common\functions.php 第 567 行.
SQL: SHOW COLUMNS FROM `cz_admin` [ RunTime:0.0110s ]
SQL: SELECT * FROM `cz_admin` WHERE `admin_id` = 1 LIMIT 1   [ RunTime:0.0010s ]
SQL: SHOW COLUMNS FROM `cz_role` [ RunTime:0.0090s ]
SQL: SELECT * FROM `cz_role` WHERE `role_id` = 20 LIMIT 1   [ RunTime:0.0010s ]
INFO: [ view_parse ] --START--
INFO: [ template_filter ] --START--
INFO: Run Behavior\ContentReplaceBehavior [ RunTime:0.000000s ]
INFO: [ template_filter ] --END-- [ RunTime:0.000000s ]
INFO: Run Behavior\ParseTemplateBehavior [ RunTime:0.040002s ]
INFO: [ view_parse ] --END-- [ RunTime:0.040002s ]
INFO: [ view_filter ] --START--
INFO: Run Behavior\WriteHtmlCacheBehavior [ RunTime:0.002000s ]
INFO: [ view_filter ] --END-- [ RunTime:0.002000s ]
INFO: [ app_end ] --START--
INFO: Run Behavior\ShowPageTraceBehavior [ RunTime:0.004000s ]
INFO: [ app_end ] --END-- [ RunTime:0.004000s ]

[ 2015-05-02T16:29:16+08:00 ] 127.0.0.1 /index.php/Admin/Index/top.html
INFO: [ app_init ] --START--
INFO: Run Behavior\BuildLiteBehavior [ RunTime:0.000000s ]
INFO: [ app_init ] --END-- [ RunTime:0.002000s ]
INFO: [ app_begin ] --START--
INFO: Run Behavior\ReadHtmlCacheBehavior [ RunTime:0.002000s ]
INFO: [ app_begin ] --END-- [ RunTime:0.002000s ]
NOTIC: [8] Use of undefined constant time - assumed 'time' D:\web\www\work\cmc\Core\Common\functions.php 第 567 行.
NOTIC: [8] Use of undefined constant md5 - assumed 'md5' D:\web\www\work\cmc\Core\Common\functions.php 第 567 行.
SQL: SHOW COLUMNS FROM `cz_admin` [ RunTime:0.0090s ]
SQL: SELECT * FROM `cz_admin` WHERE `admin_id` = 1 LIMIT 1   [ RunTime:0.0010s ]
SQL: SHOW COLUMNS FROM `cz_role` [ RunTime:0.0090s ]
SQL: SELECT * FROM `cz_role` WHERE `role_id` = 20 LIMIT 1   [ RunTime:0.0000s ]
INFO: [ view_parse ] --START--
INFO: [ template_filter ] --START--
INFO: Run Behavior\ContentReplaceBehavior [ RunTime:0.000000s ]
INFO: [ template_filter ] --END-- [ RunTime:0.001000s ]
INFO: Run Behavior\ParseTemplateBehavior [ RunTime:0.039003s ]
INFO: [ view_parse ] --END-- [ RunTime:0.039003s ]
INFO: [ view_filter ] --START--
INFO: Run Behavior\WriteHtmlCacheBehavior [ RunTime:0.001000s ]
INFO: [ view_filter ] --END-- [ RunTime:0.001000s ]
INFO: [ app_end ] --START--
INFO: Run Behavior\ShowPageTraceBehavior [ RunTime:0.002000s ]
INFO: [ app_end ] --END-- [ RunTime:0.002000s ]

[ 2015-05-02T16:29:16+08:00 ] 127.0.0.1 /index.php/Admin/Index/main.html
INFO: [ app_init ] --START--
INFO: Run Behavior\BuildLiteBehavior [ RunTime:0.000000s ]
INFO: [ app_init ] --END-- [ RunTime:0.005000s ]
INFO: [ app_begin ] --START--
INFO: Run Behavior\ReadHtmlCacheBehavior [ RunTime:0.003000s ]
INFO: [ app_begin ] --END-- [ RunTime:0.003000s ]
NOTIC: [8] Use of undefined constant time - assumed 'time' D:\web\www\work\cmc\Core\Common\functions.php 第 567 行.
NOTIC: [8] Use of undefined constant md5 - assumed 'md5' D:\web\www\work\cmc\Core\Common\functions.php 第 567 行.
SQL: SHOW COLUMNS FROM `cz_admin` [ RunTime:0.0120s ]
SQL: SELECT * FROM `cz_admin` WHERE `admin_id` = 1 LIMIT 1   [ RunTime:0.0010s ]
SQL: SHOW COLUMNS FROM `cz_role` [ RunTime:0.0110s ]
SQL: SELECT * FROM `cz_role` WHERE `role_id` = 20 LIMIT 1   [ RunTime:0.0010s ]
INFO: [ view_parse ] --START--
INFO: [ template_filter ] --START--
INFO: Run Behavior\ContentReplaceBehavior [ RunTime:0.000000s ]
INFO: [ template_filter ] --END-- [ RunTime:0.001000s ]
INFO: Run Behavior\ParseTemplateBehavior [ RunTime:0.055003s ]
INFO: [ view_parse ] --END-- [ RunTime:0.055003s ]
INFO: [ view_filter ] --START--
INFO: Run Behavior\WriteHtmlCacheBehavior [ RunTime:0.001000s ]
INFO: [ view_filter ] --END-- [ RunTime:0.003000s ]
INFO: [ app_end ] --START--
INFO: Run Behavior\ShowPageTraceBehavior [ RunTime:0.003000s ]
INFO: [ app_end ] --END-- [ RunTime:0.004000s ]

[ 2015-05-02T16:29:16+08:00 ] 127.0.0.1 /index.php/Admin/Index/menu.html
INFO: [ app_init ] --START--
INFO: Run Behavior\BuildLiteBehavior [ RunTime:0.000000s ]
INFO: [ app_init ] --END-- [ RunTime:0.002000s ]
INFO: [ app_begin ] --START--
INFO: Run Behavior\ReadHtmlCacheBehavior [ RunTime:0.002000s ]
INFO: [ app_begin ] --END-- [ RunTime:0.002000s ]
NOTIC: [8] Use of undefined constant time - assumed 'time' D:\web\www\work\cmc\Core\Common\functions.php 第 567 行.
NOTIC: [8] Use of undefined constant md5 - assumed 'md5' D:\web\www\work\cmc\Core\Common\functions.php 第 567 行.
SQL: SHOW COLUMNS FROM `cz_admin` [ RunTime:0.0140s ]
SQL: SELECT * FROM `cz_admin` WHERE `admin_id` = 1 LIMIT 1   [ RunTime:0.0010s ]
SQL: SHOW COLUMNS FROM `cz_role` [ RunTime:0.0110s ]
SQL: SELECT * FROM `cz_role` WHERE `role_id` = 20 LIMIT 1   [ RunTime:0.0010s ]

[ 2015-05-02T16:29:16+08:00 ] 127.0.0.1 /index.php/Admin/Index/drag.html
INFO: [ app_init ] --START--
INFO: Run Behavior\BuildLiteBehavior [ RunTime:0.000000s ]
INFO: [ app_init ] --END-- [ RunTime:0.002000s ]
INFO: [ app_begin ] --START--
INFO: Run Behavior\ReadHtmlCacheBehavior [ RunTime:0.002001s ]
INFO: [ app_begin ] --END-- [ RunTime:0.002001s ]
NOTIC: [8] Use of undefined constant time - assumed 'time' D:\web\www\work\cmc\Core\Common\functions.php 第 567 行.
NOTIC: [8] Use of undefined constant md5 - assumed 'md5' D:\web\www\work\cmc\Core\Common\functions.php 第 567 行.
SQL: SHOW COLUMNS FROM `cz_admin` [ RunTime:0.0090s ]
SQL: SELECT * FROM `cz_admin` WHERE `admin_id` = 1 LIMIT 1   [ RunTime:0.0010s ]
SQL: SHOW COLUMNS FROM `cz_role` [ RunTime:0.0090s ]
SQL: SELECT * FROM `cz_role` WHERE `role_id` = 20 LIMIT 1   [ RunTime:0.0010s ]
INFO: [ view_parse ] --START--
INFO: [ template_filter ] --START--
INFO: Run Behavior\ContentReplaceBehavior [ RunTime:0.000000s ]
INFO: [ template_filter ] --END-- [ RunTime:0.001000s ]
INFO: Run Behavior\ParseTemplateBehavior [ RunTime:0.058004s ]
INFO: [ view_parse ] --END-- [ RunTime:0.058004s ]
INFO: [ view_filter ] --START--
INFO: Run Behavior\WriteHtmlCacheBehavior [ RunTime:0.002000s ]
INFO: [ view_filter ] --END-- [ RunTime:0.002000s ]
INFO: [ app_end ] --START--
INFO: Run Behavior\ShowPageTraceBehavior [ RunTime:0.003000s ]
INFO: [ app_end ] --END-- [ RunTime:0.003000s ]

[ 2015-05-02T16:29:19+08:00 ] 127.0.0.1 /index.php/Admin/Order/showlist
INFO: [ app_init ] --START--
INFO: Run Behavior\BuildLiteBehavior [ RunTime:0.000000s ]
INFO: [ app_init ] --END-- [ RunTime:0.002000s ]
INFO: [ app_begin ] --START--
INFO: Run Behavior\ReadHtmlCacheBehavior [ RunTime:0.002001s ]
INFO: [ app_begin ] --END-- [ RunTime:0.002001s ]
NOTIC: [8] Use of undefined constant time - assumed 'time' D:\web\www\work\cmc\Core\Common\functions.php 第 567 行.
NOTIC: [8] Use of undefined constant md5 - assumed 'md5' D:\web\www\work\cmc\Core\Common\functions.php 第 567 行.
SQL: SHOW COLUMNS FROM `cz_admin` [ RunTime:0.0100s ]
SQL: SELECT * FROM `cz_admin` WHERE `admin_id` = 1 LIMIT 1   [ RunTime:0.0010s ]
SQL: SHOW COLUMNS FROM `cz_role` [ RunTime:0.0120s ]
SQL: SELECT * FROM `cz_role` WHERE `role_id` = 20 LIMIT 1   [ RunTime:0.0010s ]
ERR: 模板不存在:./app/Admin/View/Order/aorder_list.html

[ 2015-05-02T16:29:31+08:00 ] 127.0.0.1 /index.php/Admin/Order/showlist
INFO: [ app_init ] --START--
INFO: Run Behavior\BuildLiteBehavior [ RunTime:0.000000s ]
INFO: [ app_init ] --END-- [ RunTime:0.001000s ]
INFO: [ app_begin ] --START--
INFO: Run Behavior\ReadHtmlCacheBehavior [ RunTime:0.002001s ]
INFO: [ app_begin ] --END-- [ RunTime:0.002001s ]
NOTIC: [8] Use of undefined constant time - assumed 'time' D:\web\www\work\cmc\Core\Common\functions.php 第 567 行.
NOTIC: [8] Use of undefined constant md5 - assumed 'md5' D:\web\www\work\cmc\Core\Common\functions.php 第 567 行.
SQL: SHOW COLUMNS FROM `cz_admin` [ RunTime:0.0070s ]
SQL: SELECT * FROM `cz_admin` WHERE `admin_id` = 1 LIMIT 1   [ RunTime:0.0000s ]
SQL: SHOW COLUMNS FROM `cz_role` [ RunTime:0.0070s ]
SQL: SELECT * FROM `cz_role` WHERE `role_id` = 20 LIMIT 1   [ RunTime:0.0010s ]
INFO: [ view_parse ] --START--
INFO: [ template_filter ] --START--
INFO: Run Behavior\ContentReplaceBehavior [ RunTime:0.000000s ]
INFO: [ template_filter ] --END-- [ RunTime:0.001000s ]
INFO: Run Behavior\ParseTemplateBehavior [ RunTime:0.096006s ]
INFO: [ view_parse ] --END-- [ RunTime:0.096006s ]
INFO: [ view_filter ] --START--
INFO: Run Behavior\WriteHtmlCacheBehavior [ RunTime:0.001000s ]
INFO: [ view_filter ] --END-- [ RunTime:0.001000s ]
INFO: [ app_end ] --START--
INFO: Run Behavior\ShowPageTraceBehavior [ RunTime:0.003000s ]
INFO: [ app_end ] --END-- [ RunTime:0.003000s ]

[ 2015-05-02T16:29:31+08:00 ] 127.0.0.1 /index.php/Admin/js/utils.js
INFO: [ app_init ] --START--
INFO: Run Behavior\BuildLiteBehavior [ RunTime:0.000000s ]
INFO: [ app_init ] --END-- [ RunTime:0.001000s ]
INFO: [ app_begin ] --START--
INFO: Run Behavior\ReadHtmlCacheBehavior [ RunTime:0.001000s ]
INFO: [ app_begin ] --END-- [ RunTime:0.002000s ]
ERR: 无法加载控制器:Js

[ 2015-05-02T16:29:31+08:00 ] 127.0.0.1 /index.php/Admin/Order/js/listtable.js
INFO: [ app_init ] --START--
INFO: Run Behavior\BuildLiteBehavior [ RunTime:0.000000s ]
INFO: [ app_init ] --END-- [ RunTime:0.001000s ]
INFO: [ app_begin ] --START--
INFO: Run Behavior\ReadHtmlCacheBehavior [ RunTime:0.002000s ]
INFO: [ app_begin ] --END-- [ RunTime:0.002000s ]
NOTIC: [8] Use of undefined constant time - assumed 'time' D:\web\www\work\cmc\Core\Common\functions.php 第 567 行.
NOTIC: [8] Use of undefined constant md5 - assumed 'md5' D:\web\www\work\cmc\Core\Common\functions.php 第 567 行.
SQL: SHOW COLUMNS FROM `cz_admin` [ RunTime:0.0110s ]
SQL: SELECT * FROM `cz_admin` WHERE `admin_id` = 1 LIMIT 1   [ RunTime:0.0010s ]
SQL: SHOW COLUMNS FROM `cz_role` [ RunTime:0.0100s ]
SQL: SELECT * FROM `cz_role` WHERE `role_id` = 20 LIMIT 1   [ RunTime:0.0010s ]
ERR: 非法操作:js

[ 2015-05-02T16:29:31+08:00 ] 127.0.0.1 /index.php/Admin/Order/images/icon_search.gif
INFO: [ app_init ] --START--
INFO: Run Behavior\BuildLiteBehavior [ RunTime:0.000000s ]
INFO: [ app_init ] --END-- [ RunTime:0.002000s ]

[ 2015-05-02T16:29:31+08:00 ] 127.0.0.1 /index.php/Admin/Order/images/sort_desc.gif
INFO: [ app_init ] --START--
INFO: Run Behavior\BuildLiteBehavior [ RunTime:0.000000s ]
INFO: [ app_init ] --END-- [ RunTime:0.001000s ]

[ 2015-05-02T16:29:32+08:00 ] 127.0.0.1 /index.php/Admin/Order/images/icon_search.gif
INFO: [ app_init ] --START--
INFO: Run Behavior\BuildLiteBehavior [ RunTime:0.000000s ]
INFO: [ app_init ] --END-- [ RunTime:0.001000s ]

[ 2015-05-02T16:29:32+08:00 ] 127.0.0.1 /index.php/Admin/Order/images/sort_desc.gif
INFO: [ app_init ] --START--
INFO: Run Behavior\BuildLiteBehavior [ RunTime:0.000000s ]
INFO: [ app_init ] --END-- [ RunTime:0.002000s ]

[ 2015-05-02T16:34:11+08:00 ] 127.0.0.1 /index.php/Admin/Order/showlist
INFO: [ app_init ] --START--
INFO: Run Behavior\BuildLiteBehavior [ RunTime:0.000000s ]
INFO: [ app_init ] --END-- [ RunTime:0.002000s ]
INFO: [ app_begin ] --START--
INFO: Run Behavior\ReadHtmlCacheBehavior [ RunTime:0.003000s ]
INFO: [ app_begin ] --END-- [ RunTime:0.003000s ]
NOTIC: [8] Use of undefined constant time - assumed 'time' D:\web\www\work\cmc\Core\Common\functions.php 第 567 行.
NOTIC: [8] Use of undefined constant md5 - assumed 'md5' D:\web\www\work\cmc\Core\Common\functions.php 第 567 行.
SQL: SHOW COLUMNS FROM `cz_admin` [ RunTime:0.0090s ]
SQL: SELECT * FROM `cz_admin` WHERE `admin_id` = 1 LIMIT 1   [ RunTime:0.0010s ]
SQL: SHOW COLUMNS FROM `cz_role` [ RunTime:0.0090s ]
SQL: SELECT * FROM `cz_role` WHERE `role_id` = 20 LIMIT 1   [ RunTime:0.0010s ]
INFO: [ view_parse ] --START--
INFO: [ template_filter ] --START--
INFO: Run Behavior\ContentReplaceBehavior [ RunTime:0.000000s ]
INFO: [ template_filter ] --END-- [ RunTime:0.001000s ]
INFO: Run Behavior\ParseTemplateBehavior [ RunTime:0.036002s ]
INFO: [ view_parse ] --END-- [ RunTime:0.036002s ]
INFO: [ view_filter ] --START--
INFO: Run Behavior\WriteHtmlCacheBehavior [ RunTime:0.001000s ]
INFO: [ view_filter ] --END-- [ RunTime:0.001000s ]
INFO: [ app_end ] --START--
INFO: Run Behavior\ShowPageTraceBehavior [ RunTime:0.002000s ]
INFO: [ app_end ] --END-- [ RunTime:0.004000s ]

[ 2015-05-02T16:35:38+08:00 ] 127.0.0.1 /index.php/Admin/Order/showlist
INFO: [ app_init ] --START--
INFO: Run Behavior\BuildLiteBehavior [ RunTime:0.000000s ]
INFO: [ app_init ] --END-- [ RunTime:0.001000s ]
INFO: [ app_begin ] --START--
INFO: Run Behavior\ReadHtmlCacheBehavior [ RunTime:0.003000s ]
INFO: [ app_begin ] --END-- [ RunTime:0.003000s ]
NOTIC: [8] Use of undefined constant time - assumed 'time' D:\web\www\work\cmc\Core\Common\functions.php 第 567 行.
NOTIC: [8] Use of undefined constant md5 - assumed 'md5' D:\web\www\work\cmc\Core\Common\functions.php 第 567 行.
SQL: SHOW COLUMNS FROM `cz_admin` [ RunTime:0.0110s ]
SQL: SELECT * FROM `cz_admin` WHERE `admin_id` = 1 LIMIT 1   [ RunTime:0.0010s ]
SQL: SHOW COLUMNS FROM `cz_role` [ RunTime:0.0100s ]
SQL: SELECT * FROM `cz_role` WHERE `role_id` = 20 LIMIT 1   [ RunTime:0.0010s ]
INFO: [ view_parse ] --START--
INFO: [ template_filter ] --START--
INFO: Run Behavior\ContentReplaceBehavior [ RunTime:0.000000s ]
INFO: [ template_filter ] --END-- [ RunTime:0.000000s ]
INFO: Run Behavior\ParseTemplateBehavior [ RunTime:0.031001s ]
INFO: [ view_parse ] --END-- [ RunTime:0.032001s ]
INFO: [ view_filter ] --START--
INFO: Run Behavior\WriteHtmlCacheBehavior [ RunTime:0.001000s ]
INFO: [ view_filter ] --END-- [ RunTime:0.001000s ]
INFO: [ app_end ] --START--
INFO: Run Behavior\ShowPageTraceBehavior [ RunTime:0.002001s ]
INFO: [ app_end ] --END-- [ RunTime:0.002001s ]

[ 2015-05-02T16:35:59+08:00 ] 127.0.0.1 /index.php/Admin/Order/showlist
INFO: [ app_init ] --START--
INFO: Run Behavior\BuildLiteBehavior [ RunTime:0.000000s ]
INFO: [ app_init ] --END-- [ RunTime:0.001000s ]
INFO: [ app_begin ] --START--
INFO: Run Behavior\ReadHtmlCacheBehavior [ RunTime:0.002000s ]
INFO: [ app_begin ] --END-- [ RunTime:0.002000s ]
NOTIC: [8] Use of undefined constant time - assumed 'time' D:\web\www\work\cmc\Core\Common\functions.php 第 567 行.
NOTIC: [8] Use of undefined constant md5 - assumed 'md5' D:\web\www\work\cmc\Core\Common\functions.php 第 567 行.
SQL: SHOW COLUMNS FROM `cz_admin` [ RunTime:0.0110s ]
SQL: SELECT * FROM `cz_admin` WHERE `admin_id` = 1 LIMIT 1   [ RunTime:0.0010s ]
SQL: SHOW COLUMNS FROM `cz_role` [ RunTime:0.0110s ]
SQL: SELECT * FROM `cz_role` WHERE `role_id` = 20 LIMIT 1   [ RunTime:0.0010s ]
INFO: [ view_parse ] --START--
INFO: [ template_filter ] --START--
INFO: Run Behavior\ContentReplaceBehavior [ RunTime:0.000000s ]
INFO: [ template_filter ] --END-- [ RunTime:0.000000s ]
INFO: Run Behavior\ParseTemplateBehavior [ RunTime:0.038002s ]
INFO: [ view_parse ] --END-- [ RunTime:0.039002s ]
INFO: [ view_filter ] --START--
INFO: Run Behavior\WriteHtmlCacheBehavior [ RunTime:0.001000s ]
INFO: [ view_filter ] --END-- [ RunTime:0.002000s ]
INFO: [ app_end ] --START--
INFO: Run Behavior\ShowPageTraceBehavior [ RunTime:0.004001s ]
INFO: [ app_end ] --END-- [ RunTime:0.004001s ]

[ 2015-05-02T16:36:11+08:00 ] 127.0.0.1 /index.php/Admin/Index/index.html
INFO: [ app_init ] --START--
INFO: Run Behavior\BuildLiteBehavior [ RunTime:0.000000s ]
INFO: [ app_init ] --END-- [ RunTime:0.002000s ]
INFO: [ app_begin ] --START--
INFO: Run Behavior\ReadHtmlCacheBehavior [ RunTime:0.006000s ]
INFO: [ app_begin ] --END-- [ RunTime:0.006000s ]
NOTIC: [8] Use of undefined constant time - assumed 'time' D:\web\www\work\cmc\Core\Common\functions.php 第 567 行.
NOTIC: [8] Use of undefined constant md5 - assumed 'md5' D:\web\www\work\cmc\Core\Common\functions.php 第 567 行.
SQL: SHOW COLUMNS FROM `cz_admin` [ RunTime:0.0100s ]
SQL: SELECT * FROM `cz_admin` WHERE `admin_id` = 1 LIMIT 1   [ RunTime:0.0010s ]
SQL: SHOW COLUMNS FROM `cz_role` [ RunTime:0.0110s ]
SQL: SELECT * FROM `cz_role` WHERE `role_id` = 20 LIMIT 1   [ RunTime:0.0010s ]
INFO: [ view_parse ] --START--
INFO: [ template_filter ] --START--
INFO: Run Behavior\ContentReplaceBehavior [ RunTime:0.000000s ]
INFO: [ template_filter ] --END-- [ RunTime:0.000000s ]
INFO: Run Behavior\ParseTemplateBehavior [ RunTime:0.022001s ]
INFO: [ view_parse ] --END-- [ RunTime:0.023001s ]
INFO: [ view_filter ] --START--
INFO: Run Behavior\WriteHtmlCacheBehavior [ RunTime:0.001000s ]
INFO: [ view_filter ] --END-- [ RunTime:0.002000s ]
INFO: [ app_end ] --START--
INFO: Run Behavior\ShowPageTraceBehavior [ RunTime:0.003001s ]
INFO: [ app_end ] --END-- [ RunTime:0.003001s ]

[ 2015-05-02T16:36:12+08:00 ] 127.0.0.1 /index.php/Admin/Index/top.html
INFO: [ app_init ] --START--
INFO: Run Behavior\BuildLiteBehavior [ RunTime:0.000000s ]
INFO: [ app_init ] --END-- [ RunTime:0.002000s ]
INFO: [ app_begin ] --START--
INFO: Run Behavior\ReadHtmlCacheBehavior [ RunTime:0.002000s ]
INFO: [ app_begin ] --END-- [ RunTime:0.003000s ]
NOTIC: [8] Use of undefined constant time - assumed 'time' D:\web\www\work\cmc\Core\Common\functions.php 第 567 行.
NOTIC: [8] Use of undefined constant md5 - assumed 'md5' D:\web\www\work\cmc\Core\Common\functions.php 第 567 行.
SQL: SHOW COLUMNS FROM `cz_admin` [ RunTime:0.0110s ]
SQL: SELECT * FROM `cz_admin` WHERE `admin_id` = 1 LIMIT 1   [ RunTime:0.0010s ]
SQL: SHOW COLUMNS FROM `cz_role` [ RunTime:0.0110s ]
SQL: SELECT * FROM `cz_role` WHERE `role_id` = 20 LIMIT 1   [ RunTime:0.0010s ]
INFO: [ view_parse ] --START--
INFO: [ template_filter ] --START--
INFO: Run Behavior\ContentReplaceBehavior [ RunTime:0.000000s ]
INFO: [ template_filter ] --END-- [ RunTime:0.000000s ]
INFO: Run Behavior\ParseTemplateBehavior [ RunTime:0.027002s ]
INFO: [ view_parse ] --END-- [ RunTime:0.027002s ]
INFO: [ view_filter ] --START--
INFO: Run Behavior\WriteHtmlCacheBehavior [ RunTime:0.002000s ]
INFO: [ view_filter ] --END-- [ RunTime:0.003000s ]
INFO: [ app_end ] --START--
INFO: Run Behavior\ShowPageTraceBehavior [ RunTime:0.002000s ]
INFO: [ app_end ] --END-- [ RunTime:0.002000s ]

[ 2015-05-02T16:36:12+08:00 ] 127.0.0.1 /index.php/Admin/Index/drag.html
INFO: [ app_init ] --START--
INFO: Run Behavior\BuildLiteBehavior [ RunTime:0.000000s ]
INFO: [ app_init ] --END-- [ RunTime:0.001000s ]
INFO: [ app_begin ] --START--
INFO: Run Behavior\ReadHtmlCacheBehavior [ RunTime:0.002000s ]
INFO: [ app_begin ] --END-- [ RunTime:0.003000s ]
NOTIC: [8] Use of undefined constant time - assumed 'time' D:\web\www\work\cmc\Core\Common\functions.php 第 567 行.
NOTIC: [8] Use of undefined constant md5 - assumed 'md5' D:\web\www\work\cmc\Core\Common\functions.php 第 567 行.
SQL: SHOW COLUMNS FROM `cz_admin` [ RunTime:0.0110s ]
SQL: SELECT * FROM `cz_admin` WHERE `admin_id` = 1 LIMIT 1   [ RunTime:0.0010s ]
SQL: SHOW COLUMNS FROM `cz_role` [ RunTime:0.0100s ]
SQL: SELECT * FROM `cz_role` WHERE `role_id` = 20 LIMIT 1   [ RunTime:0.0010s ]
INFO: [ view_parse ] --START--
INFO: [ template_filter ] --START--
INFO: Run Behavior\ContentReplaceBehavior [ RunTime:0.000000s ]
INFO: [ template_filter ] --END-- [ RunTime:0.001000s ]
INFO: Run Behavior\ParseTemplateBehavior [ RunTime:0.021001s ]
INFO: [ view_parse ] --END-- [ RunTime:0.021001s ]
INFO: [ view_filter ] --START--
INFO: Run Behavior\WriteHtmlCacheBehavior [ RunTime:0.001000s ]
INFO: [ view_filter ] --END-- [ RunTime:0.001000s ]
INFO: [ app_end ] --START--
INFO: Run Behavior\ShowPageTraceBehavior [ RunTime:0.002000s ]
INFO: [ app_end ] --END-- [ RunTime:0.002000s ]

[ 2015-05-02T16:36:12+08:00 ] 127.0.0.1 /index.php/Admin/Index/menu.html
INFO: [ app_init ] --START--
INFO: Run Behavior\BuildLiteBehavior [ RunTime:0.000000s ]
INFO: [ app_init ] --END-- [ RunTime:0.003001s ]
INFO: [ app_begin ] --START--
INFO: Run Behavior\ReadHtmlCacheBehavior [ RunTime:0.004000s ]
INFO: [ app_begin ] --END-- [ RunTime:0.004000s ]
NOTIC: [8] Use of undefined constant time - assumed 'time' D:\web\www\work\cmc\Core\Common\functions.php 第 567 行.
NOTIC: [8] Use of undefined constant md5 - assumed 'md5' D:\web\www\work\cmc\Core\Common\functions.php 第 567 行.
SQL: SHOW COLUMNS FROM `cz_admin` [ RunTime:0.0090s ]
SQL: SELECT * FROM `cz_admin` WHERE `admin_id` = 1 LIMIT 1   [ RunTime:0.0000s ]
SQL: SHOW COLUMNS FROM `cz_role` [ RunTime:0.0090s ]
SQL: SELECT * FROM `cz_role` WHERE `role_id` = 20 LIMIT 1   [ RunTime:0.0010s ]

[ 2015-05-02T16:36:12+08:00 ] 127.0.0.1 /index.php/Admin/Index/main.html
INFO: [ app_init ] --START--
INFO: Run Behavior\BuildLiteBehavior [ RunTime:0.000000s ]
INFO: [ app_init ] --END-- [ RunTime:0.002000s ]
INFO: [ app_begin ] --START--
INFO: Run Behavior\ReadHtmlCacheBehavior [ RunTime:0.011000s ]
INFO: [ app_begin ] --END-- [ RunTime:0.012000s ]
NOTIC: [8] Use of undefined constant time - assumed 'time' D:\web\www\work\cmc\Core\Common\functions.php 第 567 行.
NOTIC: [8] Use of undefined constant md5 - assumed 'md5' D:\web\www\work\cmc\Core\Common\functions.php 第 567 行.
SQL: SHOW COLUMNS FROM `cz_admin` [ RunTime:0.0070s ]
SQL: SELECT * FROM `cz_admin` WHERE `admin_id` = 1 LIMIT 1   [ RunTime:0.0010s ]
SQL: SHOW COLUMNS FROM `cz_role` [ RunTime:0.0080s ]
SQL: SELECT * FROM `cz_role` WHERE `role_id` = 20 LIMIT 1   [ RunTime:0.0010s ]
INFO: [ view_parse ] --START--
INFO: [ template_filter ] --START--
INFO: Run Behavior\ContentReplaceBehavior [ RunTime:0.000000s ]
INFO: [ template_filter ] --END-- [ RunTime:0.000000s ]
INFO: Run Behavior\ParseTemplateBehavior [ RunTime:0.020001s ]
INFO: [ view_parse ] --END-- [ RunTime:0.020001s ]
INFO: [ view_filter ] --START--
INFO: Run Behavior\WriteHtmlCacheBehavior [ RunTime:0.002000s ]
INFO: [ view_filter ] --END-- [ RunTime:0.002000s ]
INFO: [ app_end ] --START--
INFO: Run Behavior\ShowPageTraceBehavior [ RunTime:0.005001s ]
INFO: [ app_end ] --END-- [ RunTime:0.005001s ]

[ 2015-05-02T16:36:14+08:00 ] 127.0.0.1 /index.php/Admin/Order/showlist
INFO: [ app_init ] --START--
INFO: Run Behavior\BuildLiteBehavior [ RunTime:0.001000s ]
INFO: [ app_init ] --END-- [ RunTime:0.002000s ]
INFO: [ app_begin ] --START--
INFO: Run Behavior\ReadHtmlCacheBehavior [ RunTime:0.002000s ]
INFO: [ app_begin ] --END-- [ RunTime:0.002000s ]
NOTIC: [8] Use of undefined constant time - assumed 'time' D:\web\www\work\cmc\Core\Common\functions.php 第 567 行.
NOTIC: [8] Use of undefined constant md5 - assumed 'md5' D:\web\www\work\cmc\Core\Common\functions.php 第 567 行.
SQL: SHOW COLUMNS FROM `cz_admin` [ RunTime:0.0140s ]
SQL: SELECT * FROM `cz_admin` WHERE `admin_id` = 1 LIMIT 1   [ RunTime:0.0010s ]
SQL: SHOW COLUMNS FROM `cz_role` [ RunTime:0.0100s ]
SQL: SELECT * FROM `cz_role` WHERE `role_id` = 20 LIMIT 1   [ RunTime:0.0010s ]
INFO: [ view_parse ] --START--
INFO: [ template_filter ] --START--
INFO: Run Behavior\ContentReplaceBehavior [ RunTime:0.000000s ]
INFO: [ template_filter ] --END-- [ RunTime:0.000000s ]
INFO: Run Behavior\ParseTemplateBehavior [ RunTime:0.043003s ]
INFO: [ view_parse ] --END-- [ RunTime:0.043003s ]
INFO: [ view_filter ] --START--
INFO: Run Behavior\WriteHtmlCacheBehavior [ RunTime:0.002000s ]
INFO: [ view_filter ] --END-- [ RunTime:0.002000s ]
INFO: [ app_end ] --START--
INFO: Run Behavior\ShowPageTraceBehavior [ RunTime:0.002000s ]
INFO: [ app_end ] --END-- [ RunTime:0.002000s ]

[ 2015-05-02T16:36:18+08:00 ] 127.0.0.1 /index.php/Admin/Order/showlist
INFO: [ app_init ] --START--
INFO: Run Behavior\BuildLiteBehavior [ RunTime:0.001000s ]
INFO: [ app_init ] --END-- [ RunTime:0.002000s ]
INFO: [ app_begin ] --START--
INFO: Run Behavior\ReadHtmlCacheBehavior [ RunTime:0.002000s ]
INFO: [ app_begin ] --END-- [ RunTime:0.002000s ]
NOTIC: [8] Use of undefined constant time - assumed 'time' D:\web\www\work\cmc\Core\Common\functions.php 第 567 行.
NOTIC: [8] Use of undefined constant md5 - assumed 'md5' D:\web\www\work\cmc\Core\Common\functions.php 第 567 行.
SQL: SHOW COLUMNS FROM `cz_admin` [ RunTime:0.0100s ]
SQL: SELECT * FROM `cz_admin` WHERE `admin_id` = 1 LIMIT 1   [ RunTime:0.0010s ]
SQL: SHOW COLUMNS FROM `cz_role` [ RunTime:0.0090s ]
SQL: SELECT * FROM `cz_role` WHERE `role_id` = 20 LIMIT 1   [ RunTime:0.0010s ]
INFO: [ view_parse ] --START--
INFO: [ template_filter ] --START--
INFO: Run Behavior\ContentReplaceBehavior [ RunTime:0.000000s ]
INFO: [ template_filter ] --END-- [ RunTime:0.000000s ]
INFO: Run Behavior\ParseTemplateBehavior [ RunTime:0.033001s ]
INFO: [ view_parse ] --END-- [ RunTime:0.033001s ]
INFO: [ view_filter ] --START--
INFO: Run Behavior\WriteHtmlCacheBehavior [ RunTime:0.002001s ]
INFO: [ view_filter ] --END-- [ RunTime:0.002001s ]
INFO: [ app_end ] --START--
INFO: Run Behavior\ShowPageTraceBehavior [ RunTime:0.002000s ]
INFO: [ app_end ] --END-- [ RunTime:0.003000s ]

[ 2015-05-02T16:37:32+08:00 ] 127.0.0.1 /index.php/Admin/User/showlist
INFO: [ app_init ] --START--
INFO: Run Behavior\BuildLiteBehavior [ RunTime:0.000000s ]
INFO: [ app_init ] --END-- [ RunTime:0.002000s ]
INFO: [ app_begin ] --START--
INFO: Run Behavior\ReadHtmlCacheBehavior [ RunTime:0.002000s ]
INFO: [ app_begin ] --END-- [ RunTime:0.002000s ]
NOTIC: [8] Use of undefined constant time - assumed 'time' D:\web\www\work\cmc\Core\Common\functions.php 第 567 行.
NOTIC: [8] Use of undefined constant md5 - assumed 'md5' D:\web\www\work\cmc\Core\Common\functions.php 第 567 行.
SQL: SHOW COLUMNS FROM `cz_admin` [ RunTime:0.0170s ]
SQL: SELECT * FROM `cz_admin` WHERE `admin_id` = 1 LIMIT 1   [ RunTime:0.0010s ]
SQL: SHOW COLUMNS FROM `cz_role` [ RunTime:0.0130s ]
SQL: SELECT * FROM `cz_role` WHERE `role_id` = 20 LIMIT 1   [ RunTime:0.0010s ]
NOTIC: [8] Use of undefined constant md5 - assumed 'md5' D:\web\www\work\cmc\Core\Common\functions.php 第 567 行.
SQL: SHOW COLUMNS FROM `cz_user` [ RunTime:0.0140s ]
NOTIC: [8] Use of undefined constant limit - assumed 'limit' D:\web\www\work\cmc\app\Admin\Controller\UserController.class.php 第 19 行.
NOTIC: [8] Undefined index: keyword D:\web\www\work\cmc\app\Admin\Controller\UserController.class.php 第 20 行.
SQL: SELECT `user_id`,`user_name`,`email`,`reg_time`,`last_time`,`balance`,`last_ip` FROM `cz_user` LIMIT 0,8   [ RunTime:0.0010s ]
SQL: SELECT COUNT(user_id) AS tp_count FROM `cz_user` LIMIT 1   [ RunTime:0.0010s ]
INFO: [ view_parse ] --START--
INFO: [ template_filter ] --START--
INFO: Run Behavior\ContentReplaceBehavior [ RunTime:0.000000s ]
INFO: [ template_filter ] --END-- [ RunTime:0.001001s ]
INFO: Run Behavior\ParseTemplateBehavior [ RunTime:0.105006s ]
INFO: [ view_parse ] --END-- [ RunTime:0.105006s ]
INFO: [ view_filter ] --START--
INFO: Run Behavior\WriteHtmlCacheBehavior [ RunTime:0.002000s ]
INFO: [ view_filter ] --END-- [ RunTime:0.002000s ]
INFO: [ app_end ] --START--
INFO: Run Behavior\ShowPageTraceBehavior [ RunTime:0.002000s ]
INFO: [ app_end ] --END-- [ RunTime:0.003000s ]

[ 2015-05-02T22:53:21+08:00 ] 127.0.0.1 /index.php/Admin/Order/showlist
INFO: [ app_init ] --START--
INFO: Run Behavior\BuildLiteBehavior [ RunTime:0.000000s ]
INFO: [ app_init ] --END-- [ RunTime:0.002000s ]
INFO: [ app_begin ] --START--
INFO: Run Behavior\ReadHtmlCacheBehavior [ RunTime:0.020001s ]
INFO: [ app_begin ] --END-- [ RunTime:0.021001s ]
NOTIC: [8] Use of undefined constant time - assumed 'time' D:\web\www\work\cmc\Core\Common\functions.php 第 567 行.
NOTIC: [8] Use of undefined constant md5 - assumed 'md5' D:\web\www\work\cmc\Core\Common\functions.php 第 567 行.
SQL: SHOW COLUMNS FROM `cz_admin` [ RunTime:0.9381s ]
SQL: SELECT * FROM `cz_admin` WHERE `admin_id` = 1 LIMIT 1   [ RunTime:0.7130s ]
SQL: SHOW COLUMNS FROM `cz_role` [ RunTime:0.1720s ]
SQL: SELECT * FROM `cz_role` WHERE `role_id` = 20 LIMIT 1   [ RunTime:0.0240s ]
INFO: [ view_parse ] --START--
INFO: [ template_filter ] --START--
INFO: Run Behavior\ContentReplaceBehavior [ RunTime:0.001000s ]
INFO: [ template_filter ] --END-- [ RunTime:0.001000s ]
INFO: Run Behavior\ParseTemplateBehavior [ RunTime:1.471085s ]
INFO: [ view_parse ] --END-- [ RunTime:1.473085s ]
INFO: [ view_filter ] --START--
INFO: Run Behavior\WriteHtmlCacheBehavior [ RunTime:0.027001s ]
INFO: [ view_filter ] --END-- [ RunTime:0.027001s ]
INFO: [ app_end ] --START--
INFO: Run Behavior\ShowPageTraceBehavior [ RunTime:0.191011s ]
INFO: [ app_end ] --END-- [ RunTime:0.192011s ]

[ 2015-05-02T22:53:28+08:00 ] 127.0.0.1 /index.php/Admin/Order/showlist
INFO: [ app_init ] --START--
INFO: Run Behavior\BuildLiteBehavior [ RunTime:0.000000s ]
INFO: [ app_init ] --END-- [ RunTime:0.003000s ]
INFO: [ app_begin ] --START--
INFO: Run Behavior\ReadHtmlCacheBehavior [ RunTime:0.002000s ]
INFO: [ app_begin ] --END-- [ RunTime:0.003000s ]
NOTIC: [8] Use of undefined constant time - assumed 'time' D:\web\www\work\cmc\Core\Common\functions.php 第 567 行.
NOTIC: [8] Use of undefined constant md5 - assumed 'md5' D:\web\www\work\cmc\Core\Common\functions.php 第 567 行.
SQL: SHOW COLUMNS FROM `cz_admin` [ RunTime:0.0080s ]
SQL: SELECT * FROM `cz_admin` WHERE `admin_id` = 1 LIMIT 1   [ RunTime:0.0010s ]
SQL: SHOW COLUMNS FROM `cz_role` [ RunTime:0.0080s ]
SQL: SELECT * FROM `cz_role` WHERE `role_id` = 20 LIMIT 1   [ RunTime:0.0010s ]
INFO: [ view_parse ] --START--
INFO: [ template_filter ] --START--
INFO: Run Behavior\ContentReplaceBehavior [ RunTime:0.000000s ]
INFO: [ template_filter ] --END-- [ RunTime:0.001000s ]
INFO: Run Behavior\ParseTemplateBehavior [ RunTime:0.029002s ]
INFO: [ view_parse ] --END-- [ RunTime:0.029002s ]
INFO: [ view_filter ] --START--
INFO: Run Behavior\WriteHtmlCacheBehavior [ RunTime:0.001000s ]
INFO: [ view_filter ] --END-- [ RunTime:0.001000s ]
INFO: [ app_end ] --START--
INFO: Run Behavior\ShowPageTraceBehavior [ RunTime:0.002000s ]
INFO: [ app_end ] --END-- [ RunTime:0.002000s ]

[ 2015-05-02T22:56:05+08:00 ] 127.0.0.1 /index.php/Admin/Order/showlist
INFO: [ app_init ] --START--
INFO: Run Behavior\BuildLiteBehavior [ RunTime:0.000000s ]
INFO: [ app_init ] --END-- [ RunTime:0.001001s ]
INFO: [ app_begin ] --START--
INFO: Run Behavior\ReadHtmlCacheBehavior [ RunTime:0.002000s ]
INFO: [ app_begin ] --END-- [ RunTime:0.002000s ]
NOTIC: [8] Use of undefined constant time - assumed 'time' D:\web\www\work\cmc\Core\Common\functions.php 第 567 行.
NOTIC: [8] Use of undefined constant md5 - assumed 'md5' D:\web\www\work\cmc\Core\Common\functions.php 第 567 行.
SQL: SHOW COLUMNS FROM `cz_admin` [ RunTime:0.0090s ]
SQL: SELECT * FROM `cz_admin` WHERE `admin_id` = 1 LIMIT 1   [ RunTime:0.0010s ]
SQL: SHOW COLUMNS FROM `cz_role` [ RunTime:0.0100s ]
SQL: SELECT * FROM `cz_role` WHERE `role_id` = 20 LIMIT 1   [ RunTime:0.0020s ]
INFO: [ view_parse ] --START--
INFO: [ template_filter ] --START--
INFO: Run Behavior\ContentReplaceBehavior [ RunTime:0.000000s ]
INFO: [ template_filter ] --END-- [ RunTime:0.001001s ]
INFO: Run Behavior\ParseTemplateBehavior [ RunTime:0.035002s ]
INFO: [ view_parse ] --END-- [ RunTime:0.037002s ]
INFO: [ view_filter ] --START--
INFO: Run Behavior\WriteHtmlCacheBehavior [ RunTime:0.001000s ]
INFO: [ view_filter ] --END-- [ RunTime:0.001000s ]
INFO: [ app_end ] --START--
INFO: Run Behavior\ShowPageTraceBehavior [ RunTime:0.002000s ]
INFO: [ app_end ] --END-- [ RunTime:0.003000s ]

[ 2015-05-02T22:56:33+08:00 ] 127.0.0.1 /index.php/Admin/Order/showlist
INFO: [ app_init ] --START--
INFO: Run Behavior\BuildLiteBehavior [ RunTime:0.000000s ]
INFO: [ app_init ] --END-- [ RunTime:0.001001s ]
INFO: [ app_begin ] --START--
INFO: Run Behavior\ReadHtmlCacheBehavior [ RunTime:0.002000s ]
INFO: [ app_begin ] --END-- [ RunTime:0.003000s ]
NOTIC: [8] Use of undefined constant time - assumed 'time' D:\web\www\work\cmc\Core\Common\functions.php 第 567 行.
NOTIC: [8] Use of undefined constant md5 - assumed 'md5' D:\web\www\work\cmc\Core\Common\functions.php 第 567 行.
SQL: SHOW COLUMNS FROM `cz_admin` [ RunTime:0.0090s ]
SQL: SELECT * FROM `cz_admin` WHERE `admin_id` = 1 LIMIT 1   [ RunTime:0.0020s ]
SQL: SHOW COLUMNS FROM `cz_role` [ RunTime:0.0110s ]
SQL: SELECT * FROM `cz_role` WHERE `role_id` = 20 LIMIT 1   [ RunTime:0.0020s ]
INFO: [ view_parse ] --START--
INFO: [ template_filter ] --START--
INFO: Run Behavior\ContentReplaceBehavior [ RunTime:0.000000s ]
INFO: [ template_filter ] --END-- [ RunTime:0.000000s ]
INFO: Run Behavior\ParseTemplateBehavior [ RunTime:0.037002s ]
INFO: [ view_parse ] --END-- [ RunTime:0.038002s ]
INFO: [ view_filter ] --START--
INFO: Run Behavior\WriteHtmlCacheBehavior [ RunTime:0.002000s ]
INFO: [ view_filter ] --END-- [ RunTime:0.002000s ]
INFO: [ app_end ] --START--
INFO: Run Behavior\ShowPageTraceBehavior [ RunTime:0.003001s ]
INFO: [ app_end ] --END-- [ RunTime:0.003001s ]

[ 2015-05-02T22:59:44+08:00 ] 127.0.0.1 /index.php/Admin/Order/showlist
INFO: [ app_init ] --START--
INFO: Run Behavior\BuildLiteBehavior [ RunTime:0.000000s ]
INFO: [ app_init ] --END-- [ RunTime:0.010001s ]
INFO: [ app_begin ] --START--
INFO: Run Behavior\ReadHtmlCacheBehavior [ RunTime:0.009001s ]
INFO: [ app_begin ] --END-- [ RunTime:0.009001s ]
NOTIC: [8] Use of undefined constant time - assumed 'time' D:\web\www\work\cmc\Core\Common\functions.php 第 567 行.
NOTIC: [8] Use of undefined constant md5 - assumed 'md5' D:\web\www\work\cmc\Core\Common\functions.php 第 567 行.
SQL: SHOW COLUMNS FROM `cz_admin` [ RunTime:0.0160s ]
SQL: SELECT * FROM `cz_admin` WHERE `admin_id` = 1 LIMIT 1   [ RunTime:0.0010s ]
SQL: SHOW COLUMNS FROM `cz_role` [ RunTime:0.0150s ]
SQL: SELECT * FROM `cz_role` WHERE `role_id` = 20 LIMIT 1   [ RunTime:0.0010s ]
INFO: [ view_parse ] --START--
INFO: [ template_filter ] --START--
INFO: Run Behavior\ContentReplaceBehavior [ RunTime:0.000000s ]
INFO: [ template_filter ] --END-- [ RunTime:0.000000s ]
INFO: Run Behavior\ParseTemplateBehavior [ RunTime:0.045003s ]
INFO: [ view_parse ] --END-- [ RunTime:0.045003s ]
INFO: [ view_filter ] --START--
INFO: Run Behavior\WriteHtmlCacheBehavior [ RunTime:0.002000s ]
INFO: [ view_filter ] --END-- [ RunTime:0.002000s ]
INFO: [ app_end ] --START--
INFO: Run Behavior\ShowPageTraceBehavior [ RunTime:0.003000s ]
INFO: [ app_end ] --END-- [ RunTime:0.004000s ]

[ 2015-05-02T23:00:33+08:00 ] 127.0.0.1 /index.php/Admin/Order/showlist
INFO: [ app_init ] --START--
INFO: Run Behavior\BuildLiteBehavior [ RunTime:0.000000s ]
INFO: [ app_init ] --END-- [ RunTime:0.001000s ]
INFO: [ app_begin ] --START--
INFO: Run Behavior\ReadHtmlCacheBehavior [ RunTime:0.001000s ]
INFO: [ app_begin ] --END-- [ RunTime:0.001000s ]
NOTIC: [8] Use of undefined constant time - assumed 'time' D:\web\www\work\cmc\Core\Common\functions.php 第 567 行.
NOTIC: [8] Use of undefined constant md5 - assumed 'md5' D:\web\www\work\cmc\Core\Common\functions.php 第 567 行.
SQL: SHOW COLUMNS FROM `cz_admin` [ RunTime:0.0060s ]
SQL: SELECT * FROM `cz_admin` WHERE `admin_id` = 1 LIMIT 1   [ RunTime:0.0010s ]
SQL: SHOW COLUMNS FROM `cz_role` [ RunTime:0.0060s ]
SQL: SELECT * FROM `cz_role` WHERE `role_id` = 20 LIMIT 1   [ RunTime:0.0000s ]
INFO: [ view_parse ] --START--
INFO: [ template_filter ] --START--
INFO: Run Behavior\ContentReplaceBehavior [ RunTime:0.000000s ]
INFO: [ template_filter ] --END-- [ RunTime:0.000000s ]
INFO: Run Behavior\ParseTemplateBehavior [ RunTime:0.023001s ]
INFO: [ view_parse ] --END-- [ RunTime:0.023001s ]
INFO: [ view_filter ] --START--
INFO: Run Behavior\WriteHtmlCacheBehavior [ RunTime:0.000000s ]
INFO: [ view_filter ] --END-- [ RunTime:0.001000s ]
INFO: [ app_end ] --START--
INFO: Run Behavior\ShowPageTraceBehavior [ RunTime:0.001000s ]
INFO: [ app_end ] --END-- [ RunTime:0.002000s ]

[ 2015-05-02T23:01:24+08:00 ] 127.0.0.1 /index.php/Admin/Order/showlist
INFO: [ app_init ] --START--
INFO: Run Behavior\BuildLiteBehavior [ RunTime:0.000000s ]
INFO: [ app_init ] --END-- [ RunTime:0.002000s ]
INFO: [ app_begin ] --START--
INFO: Run Behavior\ReadHtmlCacheBehavior [ RunTime:0.003000s ]
INFO: [ app_begin ] --END-- [ RunTime:0.003000s ]
NOTIC: [8] Use of undefined constant time - assumed 'time' D:\web\www\work\cmc\Core\Common\functions.php 第 567 行.
NOTIC: [8] Use of undefined constant md5 - assumed 'md5' D:\web\www\work\cmc\Core\Common\functions.php 第 567 行.
SQL: SHOW COLUMNS FROM `cz_admin` [ RunTime:0.0090s ]
SQL: SELECT * FROM `cz_admin` WHERE `admin_id` = 1 LIMIT 1   [ RunTime:0.0010s ]
SQL: SHOW COLUMNS FROM `cz_role` [ RunTime:0.0100s ]
SQL: SELECT * FROM `cz_role` WHERE `role_id` = 20 LIMIT 1   [ RunTime:0.0010s ]
INFO: [ view_parse ] --START--
INFO: [ template_filter ] --START--
INFO: Run Behavior\ContentReplaceBehavior [ RunTime:0.000000s ]
INFO: [ template_filter ] --END-- [ RunTime:0.001000s ]
INFO: Run Behavior\ParseTemplateBehavior [ RunTime:0.043003s ]
INFO: [ view_parse ] --END-- [ RunTime:0.043003s ]
INFO: [ view_filter ] --START--
INFO: Run Behavior\WriteHtmlCacheBehavior [ RunTime:0.002000s ]
INFO: [ view_filter ] --END-- [ RunTime:0.002000s ]
INFO: [ app_end ] --START--
INFO: Run Behavior\ShowPageTraceBehavior [ RunTime:0.002000s ]
INFO: [ app_end ] --END-- [ RunTime:0.002000s ]

