[ 2015-05-05T13:08:47+08:00 ] 127.0.0.1 /Admin/Index/index.html
INFO: [ view_parse ] --START--
INFO: [ template_filter ] --START--
INFO: Run Behavior\ContentReplaceBehavior [ RunTime:0.000000s ]
INFO: [ template_filter ] --END-- [ RunTime:0.000000s ]
INFO: Run Behavior\ParseTemplateBehavior [ RunTime:0.039002s ]
INFO: [ view_parse ] --END-- [ RunTime:0.041002s ]
INFO: [ view_filter ] --START--
INFO: Run Behavior\WriteHtmlCacheBehavior [ RunTime:0.001000s ]
INFO: [ view_filter ] --END-- [ RunTime:0.001000s ]
INFO: [ app_end ] --START--
INFO: Run Behavior\ShowPageTraceBehavior [ RunTime:0.002000s ]
INFO: [ app_end ] --END-- [ RunTime:0.002000s ]

[ 2015-05-05T13:08:48+08:00 ] 127.0.0.1 /Admin/Index/top.html
INFO: [ view_parse ] --START--
INFO: [ template_filter ] --START--
INFO: Run Behavior\ContentReplaceBehavior [ RunTime:0.001000s ]
INFO: [ template_filter ] --END-- [ RunTime:0.001000s ]
INFO: Run Behavior\ParseTemplateBehavior [ RunTime:0.046003s ]
INFO: [ view_parse ] --END-- [ RunTime:0.047003s ]
INFO: [ view_filter ] --START--
INFO: Run Behavior\WriteHtmlCacheBehavior [ RunTime:0.000000s ]
INFO: [ view_filter ] --END-- [ RunTime:0.001000s ]
INFO: [ app_end ] --START--
INFO: Run Behavior\ShowPageTraceBehavior [ RunTime:0.001000s ]
INFO: [ app_end ] --END-- [ RunTime:0.001000s ]

[ 2015-05-05T13:08:48+08:00 ] 127.0.0.1 /Admin/Index/main.html
INFO: [ view_parse ] --START--
INFO: [ template_filter ] --START--
INFO: Run Behavior\ContentReplaceBehavior [ RunTime:0.000000s ]
INFO: [ template_filter ] --END-- [ RunTime:0.001000s ]
INFO: Run Behavior\ParseTemplateBehavior [ RunTime:0.059003s ]
INFO: [ view_parse ] --END-- [ RunTime:0.060003s ]
INFO: [ view_filter ] --START--
INFO: Run Behavior\WriteHtmlCacheBehavior [ RunTime:0.001000s ]
INFO: [ view_filter ] --END-- [ RunTime:0.001000s ]
INFO: [ app_end ] --START--
INFO: Run Behavior\ShowPageTraceBehavior [ RunTime:0.002000s ]
INFO: [ app_end ] --END-- [ RunTime:0.002000s ]

[ 2015-05-05T13:09:05+08:00 ] 127.0.0.1 /Admin/Order/look
ERR: 非法操作:look

[ 2015-05-05T13:19:53+08:00 ] 127.0.0.1 /Admin/Goods/getattrlist.html
INFO: [ app_begin ] --START--
INFO: Run Behavior\ReadHtmlCacheBehavior [ RunTime:0.001001s ]
INFO: Run Behavior\CheckLangBehavior [ RunTime:0.001000s ]
INFO: [ app_begin ] --END-- [ RunTime:0.005001s ]
SQL: SHOW COLUMNS FROM `cz_admin` [ RunTime:0.0090s ]
SQL: SELECT * FROM `cz_admin` WHERE `admin_id` = 1 LIMIT 1   [ RunTime:0.0010s ]
SQL: SHOW COLUMNS FROM `cz_role` [ RunTime:0.0130s ]
SQL: SELECT * FROM `cz_role` WHERE `role_id` = 20 LIMIT 1   [ RunTime:0.0010s ]
SQL: SHOW COLUMNS FROM `cz_category` [ RunTime:0.0110s ]
SQL: SHOW COLUMNS FROM `cz_brand` [ RunTime:0.0100s ]
SQL: SHOW COLUMNS FROM `cz_goods_type` [ RunTime:0.0090s ]
SQL: SHOW COLUMNS FROM `cz_goods` [ RunTime:0.0110s ]
SQL: SHOW COLUMNS FROM `cz_goods_attr` [ RunTime:0.0090s ]
SQL: SHOW COLUMNS FROM `cz_gallery` [ RunTime:0.0120s ]
SQL: SHOW COLUMNS FROM `cz_attribute` [ RunTime:0.0100s ]
SQL: SHOW COLUMNS FROM `cz_attribute` [ RunTime:0.0110s ]
SQL: SHOW COLUMNS FROM `cz_attribute` [ RunTime:0.0120s ]
SQL: SELECT a.attr_id,a.attr_name,a.attr_input_type,a.attr_type,a.attr_values,v.attr_value,v.attr_price FROM cz_attribute as a left join cz_goods_attr as v on v.attr_id = a.attr_id and v.goods_id=0  WHERE ( a.type_id =4 or a.type_id=0 ) ORDER BY a.sort_order , a.attr_type, a.attr_id, v.attr_price,v.goods_attr_id  [ RunTime:0.0100s ]

[ 2015-05-05T13:19:55+08:00 ] 127.0.0.1 /Admin/Goods/getattrlist.html
INFO: [ app_begin ] --START--
INFO: Run Behavior\ReadHtmlCacheBehavior [ RunTime:0.001000s ]
INFO: Run Behavior\CheckLangBehavior [ RunTime:0.002000s ]
INFO: [ app_begin ] --END-- [ RunTime:0.004000s ]
SQL: SHOW COLUMNS FROM `cz_admin` [ RunTime:0.0110s ]
SQL: SELECT * FROM `cz_admin` WHERE `admin_id` = 1 LIMIT 1   [ RunTime:0.0010s ]
SQL: SHOW COLUMNS FROM `cz_role` [ RunTime:0.0090s ]
SQL: SELECT * FROM `cz_role` WHERE `role_id` = 20 LIMIT 1   [ RunTime:0.0010s ]
SQL: SHOW COLUMNS FROM `cz_category` [ RunTime:0.0120s ]
SQL: SHOW COLUMNS FROM `cz_brand` [ RunTime:0.0090s ]
SQL: SHOW COLUMNS FROM `cz_goods_type` [ RunTime:0.0090s ]
SQL: SHOW COLUMNS FROM `cz_goods` [ RunTime:0.0140s ]
SQL: SHOW COLUMNS FROM `cz_goods_attr` [ RunTime:0.0090s ]
SQL: SHOW COLUMNS FROM `cz_gallery` [ RunTime:0.0090s ]
SQL: SHOW COLUMNS FROM `cz_attribute` [ RunTime:0.0120s ]
SQL: SHOW COLUMNS FROM `cz_attribute` [ RunTime:0.0120s ]
SQL: SHOW COLUMNS FROM `cz_attribute` [ RunTime:0.0080s ]
SQL: SELECT a.attr_id,a.attr_name,a.attr_input_type,a.attr_type,a.attr_values,v.attr_value,v.attr_price FROM cz_attribute as a left join cz_goods_attr as v on v.attr_id = a.attr_id and v.goods_id=0  WHERE ( a.type_id =2 or a.type_id=0 ) ORDER BY a.sort_order , a.attr_type, a.attr_id, v.attr_price,v.goods_attr_id  [ RunTime:0.0090s ]

[ 2015-05-05T15:32:23+08:00 ] 127.0.0.1 /Admin/Index/index.html
INFO: [ view_parse ] --START--
INFO: [ template_filter ] --START--
INFO: Run Behavior\ContentReplaceBehavior [ RunTime:0.000000s ]
INFO: [ template_filter ] --END-- [ RunTime:0.001000s ]
INFO: Run Behavior\ParseTemplateBehavior [ RunTime:0.021001s ]
INFO: [ view_parse ] --END-- [ RunTime:0.023001s ]
INFO: [ view_filter ] --START--
INFO: Run Behavior\WriteHtmlCacheBehavior [ RunTime:0.001000s ]
INFO: [ view_filter ] --END-- [ RunTime:0.001000s ]
INFO: [ app_end ] --START--
INFO: Run Behavior\ShowPageTraceBehavior [ RunTime:0.002000s ]
INFO: [ app_end ] --END-- [ RunTime:0.002000s ]

[ 2015-05-05T15:32:24+08:00 ] 127.0.0.1 /Admin/Index/top.html
INFO: [ view_parse ] --START--
INFO: [ template_filter ] --START--
INFO: Run Behavior\ContentReplaceBehavior [ RunTime:0.000000s ]
INFO: [ template_filter ] --END-- [ RunTime:0.001000s ]
INFO: Run Behavior\ParseTemplateBehavior [ RunTime:0.030001s ]
INFO: [ view_parse ] --END-- [ RunTime:0.031001s ]
INFO: [ view_filter ] --START--
INFO: Run Behavior\WriteHtmlCacheBehavior [ RunTime:0.001001s ]
INFO: [ view_filter ] --END-- [ RunTime:0.001001s ]
INFO: [ app_end ] --START--
INFO: Run Behavior\ShowPageTraceBehavior [ RunTime:0.002000s ]
INFO: [ app_end ] --END-- [ RunTime:0.002000s ]

[ 2015-05-05T15:32:24+08:00 ] 127.0.0.1 /Admin/Index/main.html
INFO: [ view_parse ] --START--
INFO: [ template_filter ] --START--
INFO: Run Behavior\ContentReplaceBehavior [ RunTime:0.001000s ]
INFO: [ template_filter ] --END-- [ RunTime:0.001000s ]
INFO: Run Behavior\ParseTemplateBehavior [ RunTime:0.036002s ]
INFO: [ view_parse ] --END-- [ RunTime:0.039002s ]
INFO: [ view_filter ] --START--
INFO: Run Behavior\WriteHtmlCacheBehavior [ RunTime:0.001000s ]
INFO: [ view_filter ] --END-- [ RunTime:0.001000s ]
INFO: [ app_end ] --START--
INFO: Run Behavior\ShowPageTraceBehavior [ RunTime:0.005000s ]
INFO: [ app_end ] --END-- [ RunTime:0.009000s ]

