[ 2015-05-04T13:32:10+08:00 ] 127.0.0.1 /index.php/Admin/Index/index.html
INFO: [ view_parse ] --START--
INFO: [ template_filter ] --START--
INFO: Run Behavior\ContentReplaceBehavior [ RunTime:0.000000s ]
INFO: [ template_filter ] --END-- [ RunTime:0.000000s ]
INFO: Run Behavior\ParseTemplateBehavior [ RunTime:0.069004s ]
INFO: [ view_parse ] --END-- [ RunTime:0.070004s ]
INFO: [ view_filter ] --START--
INFO: Run Behavior\WriteHtmlCacheBehavior [ RunTime:0.000000s ]
INFO: [ view_filter ] --END-- [ RunTime:0.001000s ]
INFO: [ app_end ] --START--
INFO: Run Behavior\ShowPageTraceBehavior [ RunTime:0.002000s ]
INFO: [ app_end ] --END-- [ RunTime:0.002000s ]

[ 2015-05-04T13:32:10+08:00 ] 127.0.0.1 /index.php/Admin/Index/top.html
INFO: [ view_parse ] --START--
INFO: [ template_filter ] --START--
INFO: Run Behavior\ContentReplaceBehavior [ RunTime:0.000000s ]
INFO: [ template_filter ] --END-- [ RunTime:0.000000s ]
INFO: Run Behavior\ParseTemplateBehavior [ RunTime:0.042002s ]
INFO: [ view_parse ] --END-- [ RunTime:0.043002s ]
INFO: [ view_filter ] --START--
INFO: Run Behavior\WriteHtmlCacheBehavior [ RunTime:0.000000s ]
INFO: [ view_filter ] --END-- [ RunTime:0.001000s ]
INFO: [ app_end ] --START--
INFO: Run Behavior\ShowPageTraceBehavior [ RunTime:0.002000s ]
INFO: [ app_end ] --END-- [ RunTime:0.002000s ]

[ 2015-05-04T13:32:11+08:00 ] 127.0.0.1 /index.php/Admin/Index/main.html
INFO: [ view_parse ] --START--
INFO: [ template_filter ] --START--
INFO: Run Behavior\ContentReplaceBehavior [ RunTime:0.000000s ]
INFO: [ template_filter ] --END-- [ RunTime:0.000000s ]
INFO: Run Behavior\ParseTemplateBehavior [ RunTime:0.050003s ]
INFO: [ view_parse ] --END-- [ RunTime:0.051003s ]
INFO: [ view_filter ] --START--
INFO: Run Behavior\WriteHtmlCacheBehavior [ RunTime:0.001000s ]
INFO: [ view_filter ] --END-- [ RunTime:0.001000s ]
INFO: [ app_end ] --START--
INFO: Run Behavior\ShowPageTraceBehavior [ RunTime:0.001000s ]
INFO: [ app_end ] --END-- [ RunTime:0.001000s ]

[ 2015-05-04T15:22:44+08:00 ] 127.0.0.1 /index.php/Admin/Goods/getattrlist.html
INFO: [ app_begin ] --START--
INFO: Run Behavior\ReadHtmlCacheBehavior [ RunTime:0.001000s ]
INFO: Run Behavior\CheckLangBehavior [ RunTime:0.002000s ]
INFO: [ app_begin ] --END-- [ RunTime:0.005000s ]
SQL: SHOW COLUMNS FROM `cz_admin` [ RunTime:0.0140s ]
SQL: SELECT * FROM `cz_admin` WHERE `admin_id` = 1 LIMIT 1   [ RunTime:0.0010s ]
SQL: SHOW COLUMNS FROM `cz_role` [ RunTime:0.0120s ]
SQL: SELECT * FROM `cz_role` WHERE `role_id` = 20 LIMIT 1   [ RunTime:0.0010s ]
SQL: SHOW COLUMNS FROM `cz_category` [ RunTime:0.0130s ]
SQL: SHOW COLUMNS FROM `cz_brand` [ RunTime:0.0090s ]
SQL: SHOW COLUMNS FROM `cz_goods_type` [ RunTime:0.0090s ]
SQL: SHOW COLUMNS FROM `cz_goods` [ RunTime:0.0100s ]
SQL: SHOW COLUMNS FROM `cz_goods_attr` [ RunTime:0.0090s ]
SQL: SHOW COLUMNS FROM `cz_gallery` [ RunTime:0.0100s ]
SQL: SHOW COLUMNS FROM `cz_attribute` [ RunTime:0.0130s ]
SQL: SHOW COLUMNS FROM `cz_attribute` [ RunTime:0.0130s ]
SQL: SELECT a.attr_id,a.attr_name,a.attr_input_type,a.attr_type,a.attr_values,v.attr_value,v.attr_price FROM cz_attribute as a left join cz_goods_attr as v on v.attr_id = a.attr_id and v.goods_id=1  WHERE ( a.type_id =1 or a.type_id=0 ) ORDER BY a.sort_order , a.attr_type, a.attr_id, v.attr_price,v.goods_attr_id  [ RunTime:0.0070s ]

[ 2015-05-04T15:22:44+08:00 ] 127.0.0.1 /index.php/Admin/Goods/delattr.html
INFO: [ app_begin ] --START--
INFO: Run Behavior\ReadHtmlCacheBehavior [ RunTime:0.003000s ]
INFO: Run Behavior\CheckLangBehavior [ RunTime:0.002000s ]
INFO: [ app_begin ] --END-- [ RunTime:0.007001s ]
SQL: SHOW COLUMNS FROM `cz_admin` [ RunTime:0.0100s ]
SQL: SELECT * FROM `cz_admin` WHERE `admin_id` = 1 LIMIT 1   [ RunTime:0.0010s ]
SQL: SHOW COLUMNS FROM `cz_role` [ RunTime:0.0090s ]
SQL: SELECT * FROM `cz_role` WHERE `role_id` = 20 LIMIT 1   [ RunTime:0.0010s ]
SQL: SHOW COLUMNS FROM `cz_category` [ RunTime:0.0080s ]
SQL: SHOW COLUMNS FROM `cz_brand` [ RunTime:0.0090s ]
SQL: SHOW COLUMNS FROM `cz_goods_type` [ RunTime:0.0100s ]
SQL: SHOW COLUMNS FROM `cz_goods` [ RunTime:0.0130s ]
SQL: SHOW COLUMNS FROM `cz_goods_attr` [ RunTime:0.0100s ]
SQL: SHOW COLUMNS FROM `cz_gallery` [ RunTime:0.0080s ]
SQL: DELETE FROM `cz_goods_attr` WHERE ( goods_id =1 ) [ RunTime:0.0150s ]
INFO: [ app_end ] --START--
INFO: Run Behavior\ShowPageTraceBehavior [ RunTime:0.003000s ]
INFO: [ app_end ] --END-- [ RunTime:0.003000s ]

[ 2015-05-04T15:22:48+08:00 ] 127.0.0.1 /index.php/Admin/Goods/getattrlist.html
INFO: [ app_begin ] --START--
INFO: Run Behavior\ReadHtmlCacheBehavior [ RunTime:0.001000s ]
INFO: Run Behavior\CheckLangBehavior [ RunTime:0.001000s ]
INFO: [ app_begin ] --END-- [ RunTime:0.002000s ]
SQL: SHOW COLUMNS FROM `cz_admin` [ RunTime:0.0050s ]
SQL: SELECT * FROM `cz_admin` WHERE `admin_id` = 1 LIMIT 1   [ RunTime:0.0000s ]
SQL: SHOW COLUMNS FROM `cz_role` [ RunTime:0.0040s ]
SQL: SELECT * FROM `cz_role` WHERE `role_id` = 20 LIMIT 1   [ RunTime:0.0000s ]
SQL: SHOW COLUMNS FROM `cz_category` [ RunTime:0.0060s ]
SQL: SHOW COLUMNS FROM `cz_brand` [ RunTime:0.0050s ]
SQL: SHOW COLUMNS FROM `cz_goods_type` [ RunTime:0.0040s ]
SQL: SHOW COLUMNS FROM `cz_goods` [ RunTime:0.0050s ]
SQL: SHOW COLUMNS FROM `cz_goods_attr` [ RunTime:0.0040s ]
SQL: SHOW COLUMNS FROM `cz_gallery` [ RunTime:0.0040s ]
SQL: SHOW COLUMNS FROM `cz_attribute` [ RunTime:0.0050s ]
SQL: SHOW COLUMNS FROM `cz_attribute` [ RunTime:0.0040s ]
SQL: SELECT a.attr_id,a.attr_name,a.attr_input_type,a.attr_type,a.attr_values,v.attr_value,v.attr_price FROM cz_attribute as a left join cz_goods_attr as v on v.attr_id = a.attr_id and v.goods_id=1  WHERE ( a.type_id =9 or a.type_id=0 ) ORDER BY a.sort_order , a.attr_type, a.attr_id, v.attr_price,v.goods_attr_id  [ RunTime:0.0050s ]

[ 2015-05-04T15:22:48+08:00 ] 127.0.0.1 /index.php/Admin/Goods/delattr.html
INFO: [ app_begin ] --START--
INFO: Run Behavior\ReadHtmlCacheBehavior [ RunTime:0.001000s ]
INFO: Run Behavior\CheckLangBehavior [ RunTime:0.001000s ]
INFO: [ app_begin ] --END-- [ RunTime:0.003000s ]
SQL: SHOW COLUMNS FROM `cz_admin` [ RunTime:0.0070s ]
SQL: SELECT * FROM `cz_admin` WHERE `admin_id` = 1 LIMIT 1   [ RunTime:0.0000s ]
SQL: SHOW COLUMNS FROM `cz_role` [ RunTime:0.0070s ]
SQL: SELECT * FROM `cz_role` WHERE `role_id` = 20 LIMIT 1   [ RunTime:0.0000s ]
SQL: SHOW COLUMNS FROM `cz_category` [ RunTime:0.0070s ]
SQL: SHOW COLUMNS FROM `cz_brand` [ RunTime:0.0060s ]
SQL: SHOW COLUMNS FROM `cz_goods_type` [ RunTime:0.0040s ]
SQL: SHOW COLUMNS FROM `cz_goods` [ RunTime:0.0060s ]
SQL: SHOW COLUMNS FROM `cz_goods_attr` [ RunTime:0.0050s ]
SQL: SHOW COLUMNS FROM `cz_gallery` [ RunTime:0.0040s ]
SQL: DELETE FROM `cz_goods_attr` WHERE ( goods_id =1 ) [ RunTime:0.0000s ]
INFO: [ app_end ] --START--
INFO: Run Behavior\ShowPageTraceBehavior [ RunTime:0.001000s ]
INFO: [ app_end ] --END-- [ RunTime:0.001000s ]

[ 2015-05-04T16:24:26+08:00 ] 127.0.0.1 /index.php/Admin/Goods/getattrlist.html
INFO: [ app_begin ] --START--
INFO: Run Behavior\ReadHtmlCacheBehavior [ RunTime:0.001000s ]
INFO: Run Behavior\CheckLangBehavior [ RunTime:0.001000s ]
INFO: [ app_begin ] --END-- [ RunTime:0.002000s ]
SQL: SHOW COLUMNS FROM `cz_admin` [ RunTime:0.0050s ]
SQL: SELECT * FROM `cz_admin` WHERE `admin_id` = 1 LIMIT 1   [ RunTime:0.0010s ]
SQL: SHOW COLUMNS FROM `cz_role` [ RunTime:0.0040s ]
SQL: SELECT * FROM `cz_role` WHERE `role_id` = 20 LIMIT 1   [ RunTime:0.0000s ]
SQL: SHOW COLUMNS FROM `cz_category` [ RunTime:0.0040s ]
SQL: SHOW COLUMNS FROM `cz_brand` [ RunTime:0.0060s ]
SQL: SHOW COLUMNS FROM `cz_goods_type` [ RunTime:0.0050s ]
SQL: SHOW COLUMNS FROM `cz_goods` [ RunTime:0.0060s ]
SQL: SHOW COLUMNS FROM `cz_goods_attr` [ RunTime:0.0040s ]
SQL: SHOW COLUMNS FROM `cz_gallery` [ RunTime:0.0040s ]
SQL: SHOW COLUMNS FROM `cz_attribute` [ RunTime:0.0050s ]
SQL: SHOW COLUMNS FROM `cz_attribute` [ RunTime:0.0040s ]
SQL: SELECT a.attr_id,a.attr_name,a.attr_input_type,a.attr_type,a.attr_values,v.attr_value,v.attr_price FROM cz_attribute as a left join cz_goods_attr as v on v.attr_id = a.attr_id and v.goods_id=31  WHERE ( a.type_id =2 or a.type_id=0 ) ORDER BY a.sort_order , a.attr_type, a.attr_id, v.attr_price,v.goods_attr_id  [ RunTime:0.0040s ]

[ 2015-05-04T16:24:26+08:00 ] 127.0.0.1 /index.php/Admin/Goods/delattr.html
INFO: [ app_begin ] --START--
INFO: Run Behavior\ReadHtmlCacheBehavior [ RunTime:0.001000s ]
INFO: Run Behavior\CheckLangBehavior [ RunTime:0.001000s ]
INFO: [ app_begin ] --END-- [ RunTime:0.002000s ]
SQL: SHOW COLUMNS FROM `cz_admin` [ RunTime:0.0070s ]
SQL: SELECT * FROM `cz_admin` WHERE `admin_id` = 1 LIMIT 1   [ RunTime:0.0010s ]
SQL: SHOW COLUMNS FROM `cz_role` [ RunTime:0.0050s ]
SQL: SELECT * FROM `cz_role` WHERE `role_id` = 20 LIMIT 1   [ RunTime:0.0010s ]
SQL: SHOW COLUMNS FROM `cz_category` [ RunTime:0.0060s ]
SQL: SHOW COLUMNS FROM `cz_brand` [ RunTime:0.0050s ]
SQL: SHOW COLUMNS FROM `cz_goods_type` [ RunTime:0.0060s ]
SQL: SHOW COLUMNS FROM `cz_goods` [ RunTime:0.0080s ]
SQL: SHOW COLUMNS FROM `cz_goods_attr` [ RunTime:0.0060s ]
SQL: SHOW COLUMNS FROM `cz_gallery` [ RunTime:0.0060s ]
SQL: DELETE FROM `cz_goods_attr` WHERE ( goods_id =31 ) [ RunTime:0.0030s ]
INFO: [ app_end ] --START--
INFO: Run Behavior\ShowPageTraceBehavior [ RunTime:0.002000s ]
INFO: [ app_end ] --END-- [ RunTime:0.002000s ]

[ 2015-05-04T16:24:28+08:00 ] 127.0.0.1 /index.php/Admin/Goods/getattrlist.html
INFO: [ app_begin ] --START--
INFO: Run Behavior\ReadHtmlCacheBehavior [ RunTime:0.001000s ]
INFO: Run Behavior\CheckLangBehavior [ RunTime:0.001000s ]
INFO: [ app_begin ] --END-- [ RunTime:0.002000s ]
SQL: SHOW COLUMNS FROM `cz_admin` [ RunTime:0.0040s ]
SQL: SELECT * FROM `cz_admin` WHERE `admin_id` = 1 LIMIT 1   [ RunTime:0.0010s ]
SQL: SHOW COLUMNS FROM `cz_role` [ RunTime:0.0040s ]
SQL: SELECT * FROM `cz_role` WHERE `role_id` = 20 LIMIT 1   [ RunTime:0.0010s ]
SQL: SHOW COLUMNS FROM `cz_category` [ RunTime:0.0040s ]
SQL: SHOW COLUMNS FROM `cz_brand` [ RunTime:0.0040s ]
SQL: SHOW COLUMNS FROM `cz_goods_type` [ RunTime:0.0030s ]
SQL: SHOW COLUMNS FROM `cz_goods` [ RunTime:0.0040s ]
SQL: SHOW COLUMNS FROM `cz_goods_attr` [ RunTime:0.0030s ]
SQL: SHOW COLUMNS FROM `cz_gallery` [ RunTime:0.0030s ]
SQL: SHOW COLUMNS FROM `cz_attribute` [ RunTime:0.0030s ]
SQL: SHOW COLUMNS FROM `cz_attribute` [ RunTime:0.0050s ]
SQL: SELECT a.attr_id,a.attr_name,a.attr_input_type,a.attr_type,a.attr_values,v.attr_value,v.attr_price FROM cz_attribute as a left join cz_goods_attr as v on v.attr_id = a.attr_id and v.goods_id=31  WHERE ( a.type_id =9 or a.type_id=0 ) ORDER BY a.sort_order , a.attr_type, a.attr_id, v.attr_price,v.goods_attr_id  [ RunTime:0.0040s ]

[ 2015-05-04T16:24:28+08:00 ] 127.0.0.1 /index.php/Admin/Goods/delattr.html
INFO: [ app_begin ] --START--
INFO: Run Behavior\ReadHtmlCacheBehavior [ RunTime:0.001000s ]
INFO: Run Behavior\CheckLangBehavior [ RunTime:0.001001s ]
INFO: [ app_begin ] --END-- [ RunTime:0.002001s ]
SQL: SHOW COLUMNS FROM `cz_admin` [ RunTime:0.0040s ]
SQL: SELECT * FROM `cz_admin` WHERE `admin_id` = 1 LIMIT 1   [ RunTime:0.0000s ]
SQL: SHOW COLUMNS FROM `cz_role` [ RunTime:0.0030s ]
SQL: SELECT * FROM `cz_role` WHERE `role_id` = 20 LIMIT 1   [ RunTime:0.0000s ]
SQL: SHOW COLUMNS FROM `cz_category` [ RunTime:0.0030s ]
SQL: SHOW COLUMNS FROM `cz_brand` [ RunTime:0.0030s ]
SQL: SHOW COLUMNS FROM `cz_goods_type` [ RunTime:0.0030s ]
SQL: SHOW COLUMNS FROM `cz_goods` [ RunTime:0.0040s ]
SQL: SHOW COLUMNS FROM `cz_goods_attr` [ RunTime:0.0030s ]
SQL: SHOW COLUMNS FROM `cz_gallery` [ RunTime:0.0030s ]
SQL: DELETE FROM `cz_goods_attr` WHERE ( goods_id =31 ) [ RunTime:0.0000s ]
INFO: [ app_end ] --START--
INFO: Run Behavior\ShowPageTraceBehavior [ RunTime:0.001000s ]
INFO: [ app_end ] --END-- [ RunTime:0.001000s ]

[ 2015-05-04T18:26:22+08:00 ] 127.0.0.1 /admin
INFO: [ view_parse ] --START--
INFO: [ template_filter ] --START--
INFO: Run Behavior\ContentReplaceBehavior [ RunTime:0.000000s ]
INFO: [ template_filter ] --END-- [ RunTime:0.000000s ]
INFO: Run Behavior\ParseTemplateBehavior [ RunTime:0.037002s ]
INFO: [ view_parse ] --END-- [ RunTime:0.038002s ]
INFO: [ view_filter ] --START--
INFO: Run Behavior\WriteHtmlCacheBehavior [ RunTime:0.001000s ]
INFO: [ view_filter ] --END-- [ RunTime:0.002000s ]
INFO: [ app_end ] --START--
INFO: Run Behavior\ShowPageTraceBehavior [ RunTime:0.002000s ]
INFO: [ app_end ] --END-- [ RunTime:0.002000s ]

[ 2015-05-04T18:26:22+08:00 ] 127.0.0.1 /index.php/Admin-Index-top.html
INFO: [ view_parse ] --START--
INFO: [ template_filter ] --START--
INFO: Run Behavior\ContentReplaceBehavior [ RunTime:0.000000s ]
INFO: [ template_filter ] --END-- [ RunTime:0.000000s ]
INFO: Run Behavior\ParseTemplateBehavior [ RunTime:0.050003s ]
INFO: [ view_parse ] --END-- [ RunTime:0.050003s ]
INFO: [ view_filter ] --START--
INFO: Run Behavior\WriteHtmlCacheBehavior [ RunTime:0.001000s ]
INFO: [ view_filter ] --END-- [ RunTime:0.001000s ]
INFO: [ app_end ] --START--
INFO: Run Behavior\ShowPageTraceBehavior [ RunTime:0.002000s ]
INFO: [ app_end ] --END-- [ RunTime:0.002000s ]

[ 2015-05-04T18:26:23+08:00 ] 127.0.0.1 /index.php/Admin-Index-main.html
INFO: [ view_parse ] --START--
INFO: [ template_filter ] --START--
INFO: Run Behavior\ContentReplaceBehavior [ RunTime:0.000000s ]
INFO: [ template_filter ] --END-- [ RunTime:0.000000s ]
INFO: Run Behavior\ParseTemplateBehavior [ RunTime:0.020001s ]
INFO: [ view_parse ] --END-- [ RunTime:0.021001s ]
INFO: [ view_filter ] --START--
INFO: Run Behavior\WriteHtmlCacheBehavior [ RunTime:0.001000s ]
INFO: [ view_filter ] --END-- [ RunTime:0.001000s ]
INFO: [ app_end ] --START--
INFO: Run Behavior\ShowPageTraceBehavior [ RunTime:0.001000s ]
INFO: [ app_end ] --END-- [ RunTime:0.001000s ]

[ 2015-05-04T18:30:44+08:00 ] 127.0.0.1 /admin
INFO: [ view_parse ] --START--
INFO: [ template_filter ] --START--
INFO: Run Behavior\ContentReplaceBehavior [ RunTime:0.000000s ]
INFO: [ template_filter ] --END-- [ RunTime:0.001000s ]
INFO: Run Behavior\ParseTemplateBehavior [ RunTime:0.009000s ]
INFO: [ view_parse ] --END-- [ RunTime:0.010000s ]
INFO: [ view_filter ] --START--
INFO: Run Behavior\WriteHtmlCacheBehavior [ RunTime:0.001000s ]
INFO: [ view_filter ] --END-- [ RunTime:0.001000s ]
INFO: [ app_end ] --START--
INFO: Run Behavior\ShowPageTraceBehavior [ RunTime:0.001000s ]
INFO: [ app_end ] --END-- [ RunTime:0.001000s ]

[ 2015-05-04T18:30:44+08:00 ] 127.0.0.1 /index.php/Admin/Index/top.html
INFO: [ view_parse ] --START--
INFO: [ template_filter ] --START--
INFO: Run Behavior\ContentReplaceBehavior [ RunTime:0.001000s ]
INFO: [ template_filter ] --END-- [ RunTime:0.001000s ]
INFO: Run Behavior\ParseTemplateBehavior [ RunTime:0.009001s ]
INFO: [ view_parse ] --END-- [ RunTime:0.009001s ]
INFO: [ view_filter ] --START--
INFO: Run Behavior\WriteHtmlCacheBehavior [ RunTime:0.000000s ]
INFO: [ view_filter ] --END-- [ RunTime:0.000000s ]
INFO: [ app_end ] --START--
INFO: Run Behavior\ShowPageTraceBehavior [ RunTime:0.001000s ]
INFO: [ app_end ] --END-- [ RunTime:0.001000s ]

[ 2015-05-04T18:30:44+08:00 ] 127.0.0.1 /index.php/Admin/Index/main.html
INFO: [ view_parse ] --START--
INFO: [ template_filter ] --START--
INFO: Run Behavior\ContentReplaceBehavior [ RunTime:0.000000s ]
INFO: [ template_filter ] --END-- [ RunTime:0.000000s ]
INFO: Run Behavior\ParseTemplateBehavior [ RunTime:0.013001s ]
INFO: [ view_parse ] --END-- [ RunTime:0.014001s ]
INFO: [ view_filter ] --START--
INFO: Run Behavior\WriteHtmlCacheBehavior [ RunTime:0.001000s ]
INFO: [ view_filter ] --END-- [ RunTime:0.001000s ]
INFO: [ app_end ] --START--
INFO: Run Behavior\ShowPageTraceBehavior [ RunTime:0.001000s ]
INFO: [ app_end ] --END-- [ RunTime:0.001000s ]

[ 2015-05-04T18:31:42+08:00 ] 127.0.0.1 /index.php/Admin/Index/index.html
INFO: [ view_parse ] --START--
INFO: [ template_filter ] --START--
INFO: Run Behavior\ContentReplaceBehavior [ RunTime:0.000000s ]
INFO: [ template_filter ] --END-- [ RunTime:0.000000s ]
INFO: Run Behavior\ParseTemplateBehavior [ RunTime:0.038002s ]
INFO: [ view_parse ] --END-- [ RunTime:0.039002s ]
INFO: [ view_filter ] --START--
INFO: Run Behavior\WriteHtmlCacheBehavior [ RunTime:0.001000s ]
INFO: [ view_filter ] --END-- [ RunTime:0.001000s ]
INFO: [ app_end ] --START--
INFO: Run Behavior\ShowPageTraceBehavior [ RunTime:0.002000s ]
INFO: [ app_end ] --END-- [ RunTime:0.002000s ]

[ 2015-05-04T19:51:11+08:00 ] 127.0.0.1 /index.php/Admin/Index/index.html
INFO: [ view_parse ] --START--
INFO: [ template_filter ] --START--
INFO: Run Behavior\ContentReplaceBehavior [ RunTime:0.000000s ]
INFO: [ template_filter ] --END-- [ RunTime:0.000000s ]
INFO: Run Behavior\ParseTemplateBehavior [ RunTime:0.082005s ]
INFO: [ view_parse ] --END-- [ RunTime:0.084005s ]
INFO: [ view_filter ] --START--
INFO: Run Behavior\WriteHtmlCacheBehavior [ RunTime:0.001000s ]
INFO: [ view_filter ] --END-- [ RunTime:0.001000s ]
INFO: [ app_end ] --START--
INFO: Run Behavior\ShowPageTraceBehavior [ RunTime:0.001000s ]
INFO: [ app_end ] --END-- [ RunTime:0.002000s ]

[ 2015-05-04T19:51:11+08:00 ] 127.0.0.1 /index.php/Admin/Index/main.html
INFO: [ view_parse ] --START--
INFO: [ template_filter ] --START--
INFO: Run Behavior\ContentReplaceBehavior [ RunTime:0.000000s ]
INFO: [ template_filter ] --END-- [ RunTime:0.000000s ]
INFO: Run Behavior\ParseTemplateBehavior [ RunTime:0.051003s ]
INFO: [ view_parse ] --END-- [ RunTime:0.052003s ]
INFO: [ view_filter ] --START--
INFO: Run Behavior\WriteHtmlCacheBehavior [ RunTime:0.002000s ]
INFO: [ view_filter ] --END-- [ RunTime:0.003000s ]
INFO: [ app_end ] --START--
INFO: Run Behavior\ShowPageTraceBehavior [ RunTime:0.003000s ]
INFO: [ app_end ] --END-- [ RunTime:0.004001s ]

[ 2015-05-04T19:51:11+08:00 ] 127.0.0.1 /index.php/Admin/Index/top.html
INFO: [ view_parse ] --START--
INFO: [ template_filter ] --START--
INFO: Run Behavior\ContentReplaceBehavior [ RunTime:0.000000s ]
INFO: [ template_filter ] --END-- [ RunTime:0.000000s ]
INFO: Run Behavior\ParseTemplateBehavior [ RunTime:0.032002s ]
INFO: [ view_parse ] --END-- [ RunTime:0.033002s ]
INFO: [ view_filter ] --START--
INFO: Run Behavior\WriteHtmlCacheBehavior [ RunTime:0.001000s ]
INFO: [ view_filter ] --END-- [ RunTime:0.001000s ]
INFO: [ app_end ] --START--
INFO: Run Behavior\ShowPageTraceBehavior [ RunTime:0.002000s ]
INFO: [ app_end ] --END-- [ RunTime:0.002000s ]

[ 2015-05-04T20:42:12+08:00 ] 127.0.0.1 /index.php/Admin/Goods/save
ERR: SQLSTATE[HY000]: General error: 1364 Field 'attr_value' doesn't have a default value

[ 2015-05-04T21:27:25+08:00 ] 127.0.0.1 /index.php/Admin/Goods/getattrlist.html
INFO: [ app_begin ] --START--
INFO: Run Behavior\ReadHtmlCacheBehavior [ RunTime:0.003000s ]
INFO: Run Behavior\CheckLangBehavior [ RunTime:0.002000s ]
INFO: [ app_begin ] --END-- [ RunTime:0.006000s ]
SQL: SHOW COLUMNS FROM `cz_admin` [ RunTime:0.0110s ]
SQL: SELECT * FROM `cz_admin` WHERE `admin_id` = 1 LIMIT 1   [ RunTime:0.0010s ]
SQL: SHOW COLUMNS FROM `cz_role` [ RunTime:0.0100s ]
SQL: SELECT * FROM `cz_role` WHERE `role_id` = 20 LIMIT 1   [ RunTime:0.0010s ]
SQL: SHOW COLUMNS FROM `cz_category` [ RunTime:0.0090s ]
SQL: SHOW COLUMNS FROM `cz_brand` [ RunTime:0.0120s ]
SQL: SHOW COLUMNS FROM `cz_goods_type` [ RunTime:0.0090s ]
SQL: SHOW COLUMNS FROM `cz_goods` [ RunTime:0.0110s ]
SQL: SHOW COLUMNS FROM `cz_goods_attr` [ RunTime:0.0070s ]
SQL: SHOW COLUMNS FROM `cz_gallery` [ RunTime:0.0080s ]
SQL: SHOW COLUMNS FROM `cz_attribute` [ RunTime:0.0090s ]
SQL: SHOW COLUMNS FROM `cz_attribute` [ RunTime:0.0110s ]
SQL: SHOW COLUMNS FROM `cz_attribute` [ RunTime:0.0100s ]
SQL: SELECT a.attr_id,a.attr_name,a.attr_input_type,a.attr_type,a.attr_values,v.attr_value,v.attr_price FROM cz_attribute as a left join cz_goods_attr as v on v.attr_id = a.attr_id and v.goods_id=2  WHERE ( a.type_id =9 or a.type_id=0 ) ORDER BY a.sort_order , a.attr_type, a.attr_id, v.attr_price,v.goods_attr_id  [ RunTime:0.0100s ]

[ 2015-05-04T21:27:25+08:00 ] 127.0.0.1 /index.php/Admin/Goods/delattr.html
INFO: [ app_begin ] --START--
INFO: Run Behavior\ReadHtmlCacheBehavior [ RunTime:0.003000s ]
INFO: Run Behavior\CheckLangBehavior [ RunTime:0.002000s ]
INFO: [ app_begin ] --END-- [ RunTime:0.006000s ]
SQL: SHOW COLUMNS FROM `cz_admin` [ RunTime:0.0070s ]
SQL: SELECT * FROM `cz_admin` WHERE `admin_id` = 1 LIMIT 1   [ RunTime:0.0000s ]
SQL: SHOW COLUMNS FROM `cz_role` [ RunTime:0.0080s ]
SQL: SELECT * FROM `cz_role` WHERE `role_id` = 20 LIMIT 1   [ RunTime:0.0010s ]
SQL: SHOW COLUMNS FROM `cz_category` [ RunTime:0.0110s ]
SQL: SHOW COLUMNS FROM `cz_brand` [ RunTime:0.0090s ]
SQL: SHOW COLUMNS FROM `cz_goods_type` [ RunTime:0.0110s ]
SQL: SHOW COLUMNS FROM `cz_goods` [ RunTime:0.0150s ]
SQL: SHOW COLUMNS FROM `cz_goods_attr` [ RunTime:0.0120s ]
SQL: SHOW COLUMNS FROM `cz_gallery` [ RunTime:0.0110s ]
SQL: SHOW COLUMNS FROM `cz_attribute` [ RunTime:0.0130s ]
SQL: DELETE FROM `cz_goods_attr` WHERE ( goods_id =2 ) [ RunTime:0.0000s ]
INFO: [ app_end ] --START--
INFO: Run Behavior\ShowPageTraceBehavior [ RunTime:0.002000s ]
INFO: [ app_end ] --END-- [ RunTime:0.002000s ]

[ 2015-05-04T21:28:23+08:00 ] 127.0.0.1 /index.php/Admin/Goods/getattrlist.html
INFO: [ app_begin ] --START--
INFO: Run Behavior\ReadHtmlCacheBehavior [ RunTime:0.003000s ]
INFO: Run Behavior\CheckLangBehavior [ RunTime:0.003000s ]
INFO: [ app_begin ] --END-- [ RunTime:0.009001s ]
SQL: SHOW COLUMNS FROM `cz_admin` [ RunTime:0.0110s ]
SQL: SELECT * FROM `cz_admin` WHERE `admin_id` = 1 LIMIT 1   [ RunTime:0.0010s ]
SQL: SHOW COLUMNS FROM `cz_role` [ RunTime:0.0100s ]
SQL: SELECT * FROM `cz_role` WHERE `role_id` = 20 LIMIT 1   [ RunTime:0.0010s ]
SQL: SHOW COLUMNS FROM `cz_category` [ RunTime:0.0110s ]
SQL: SHOW COLUMNS FROM `cz_brand` [ RunTime:0.0120s ]
SQL: SHOW COLUMNS FROM `cz_goods_type` [ RunTime:0.0100s ]
SQL: SHOW COLUMNS FROM `cz_goods` [ RunTime:0.0140s ]
SQL: SHOW COLUMNS FROM `cz_goods_attr` [ RunTime:0.0120s ]
SQL: SHOW COLUMNS FROM `cz_gallery` [ RunTime:0.0110s ]
SQL: SHOW COLUMNS FROM `cz_attribute` [ RunTime:0.0120s ]
SQL: SHOW COLUMNS FROM `cz_attribute` [ RunTime:0.0130s ]
SQL: SHOW COLUMNS FROM `cz_attribute` [ RunTime:0.0100s ]
SQL: SELECT a.attr_id,a.attr_name,a.attr_input_type,a.attr_type,a.attr_values,v.attr_value,v.attr_price FROM cz_attribute as a left join cz_goods_attr as v on v.attr_id = a.attr_id and v.goods_id=2  WHERE ( a.type_id =3 or a.type_id=0 ) ORDER BY a.sort_order , a.attr_type, a.attr_id, v.attr_price,v.goods_attr_id  [ RunTime:0.0100s ]

[ 2015-05-04T21:28:23+08:00 ] 127.0.0.1 /index.php/Admin/Goods/delattr.html
INFO: [ app_begin ] --START--
INFO: Run Behavior\ReadHtmlCacheBehavior [ RunTime:0.003000s ]
INFO: Run Behavior\CheckLangBehavior [ RunTime:0.004000s ]
INFO: [ app_begin ] --END-- [ RunTime:0.009000s ]
SQL: SHOW COLUMNS FROM `cz_admin` [ RunTime:0.0110s ]
SQL: SELECT * FROM `cz_admin` WHERE `admin_id` = 1 LIMIT 1   [ RunTime:0.0010s ]
SQL: SHOW COLUMNS FROM `cz_role` [ RunTime:0.0140s ]
SQL: SELECT * FROM `cz_role` WHERE `role_id` = 20 LIMIT 1   [ RunTime:0.0010s ]
SQL: SHOW COLUMNS FROM `cz_category` [ RunTime:0.0150s ]
SQL: SHOW COLUMNS FROM `cz_brand` [ RunTime:0.0140s ]
SQL: SHOW COLUMNS FROM `cz_goods_type` [ RunTime:0.0100s ]
SQL: SHOW COLUMNS FROM `cz_goods` [ RunTime:0.0140s ]
SQL: SHOW COLUMNS FROM `cz_goods_attr` [ RunTime:0.0100s ]
SQL: SHOW COLUMNS FROM `cz_gallery` [ RunTime:0.0120s ]
SQL: SHOW COLUMNS FROM `cz_attribute` [ RunTime:0.0100s ]
SQL: DELETE FROM `cz_goods_attr` WHERE ( goods_id =2 ) [ RunTime:0.0030s ]
INFO: [ app_end ] --START--
INFO: Run Behavior\ShowPageTraceBehavior [ RunTime:0.003000s ]
INFO: [ app_end ] --END-- [ RunTime:0.003000s ]

[ 2015-05-04T21:29:15+08:00 ] 127.0.0.1 /index.php/Admin/Goods/getattrlist.html
INFO: [ app_begin ] --START--
INFO: Run Behavior\ReadHtmlCacheBehavior [ RunTime:0.002000s ]
INFO: Run Behavior\CheckLangBehavior [ RunTime:0.005000s ]
INFO: [ app_begin ] --END-- [ RunTime:0.008000s ]
SQL: SHOW COLUMNS FROM `cz_admin` [ RunTime:0.0150s ]
SQL: SELECT * FROM `cz_admin` WHERE `admin_id` = 1 LIMIT 1   [ RunTime:0.0010s ]
SQL: SHOW COLUMNS FROM `cz_role` [ RunTime:0.0110s ]
SQL: SELECT * FROM `cz_role` WHERE `role_id` = 20 LIMIT 1   [ RunTime:0.0010s ]
SQL: SHOW COLUMNS FROM `cz_category` [ RunTime:0.0120s ]
SQL: SHOW COLUMNS FROM `cz_brand` [ RunTime:0.0110s ]
SQL: SHOW COLUMNS FROM `cz_goods_type` [ RunTime:0.0080s ]
SQL: SHOW COLUMNS FROM `cz_goods` [ RunTime:0.0100s ]
SQL: SHOW COLUMNS FROM `cz_goods_attr` [ RunTime:0.0080s ]
SQL: SHOW COLUMNS FROM `cz_gallery` [ RunTime:0.0090s ]
SQL: SHOW COLUMNS FROM `cz_attribute` [ RunTime:0.0100s ]
SQL: SHOW COLUMNS FROM `cz_attribute` [ RunTime:0.0080s ]
SQL: SHOW COLUMNS FROM `cz_attribute` [ RunTime:0.0100s ]
SQL: SELECT a.attr_id,a.attr_name,a.attr_input_type,a.attr_type,a.attr_values,v.attr_value,v.attr_price FROM cz_attribute as a left join cz_goods_attr as v on v.attr_id = a.attr_id and v.goods_id=2  WHERE ( a.type_id =1 or a.type_id=0 ) ORDER BY a.sort_order , a.attr_type, a.attr_id, v.attr_price,v.goods_attr_id  [ RunTime:0.0100s ]

[ 2015-05-04T21:29:15+08:00 ] 127.0.0.1 /index.php/Admin/Goods/delattr.html
INFO: [ app_begin ] --START--
INFO: Run Behavior\ReadHtmlCacheBehavior [ RunTime:0.002000s ]
INFO: Run Behavior\CheckLangBehavior [ RunTime:0.002000s ]
INFO: [ app_begin ] --END-- [ RunTime:0.005000s ]
SQL: SHOW COLUMNS FROM `cz_admin` [ RunTime:0.0120s ]
SQL: SELECT * FROM `cz_admin` WHERE `admin_id` = 1 LIMIT 1   [ RunTime:0.0010s ]
SQL: SHOW COLUMNS FROM `cz_role` [ RunTime:0.0150s ]
SQL: SELECT * FROM `cz_role` WHERE `role_id` = 20 LIMIT 1   [ RunTime:0.0010s ]
SQL: SHOW COLUMNS FROM `cz_category` [ RunTime:0.0120s ]
SQL: SHOW COLUMNS FROM `cz_brand` [ RunTime:0.0120s ]
SQL: SHOW COLUMNS FROM `cz_goods_type` [ RunTime:0.0130s ]
SQL: SHOW COLUMNS FROM `cz_goods` [ RunTime:0.0130s ]
SQL: SHOW COLUMNS FROM `cz_goods_attr` [ RunTime:0.0140s ]
SQL: SHOW COLUMNS FROM `cz_gallery` [ RunTime:0.0110s ]
SQL: SHOW COLUMNS FROM `cz_attribute` [ RunTime:0.0110s ]
SQL: DELETE FROM `cz_goods_attr` WHERE ( goods_id =2 ) [ RunTime:0.0010s ]
INFO: [ app_end ] --START--
INFO: Run Behavior\ShowPageTraceBehavior [ RunTime:0.003000s ]
INFO: [ app_end ] --END-- [ RunTime:0.003000s ]

[ 2015-05-04T21:31:59+08:00 ] 127.0.0.1 /index.php/Admin/Goods/delattr.html
INFO: [ app_begin ] --START--
INFO: Run Behavior\ReadHtmlCacheBehavior [ RunTime:0.002000s ]
INFO: Run Behavior\CheckLangBehavior [ RunTime:0.003000s ]
INFO: [ app_begin ] --END-- [ RunTime:0.007000s ]
SQL: SHOW COLUMNS FROM `cz_admin` [ RunTime:0.0130s ]
SQL: SELECT * FROM `cz_admin` WHERE `admin_id` = 1 LIMIT 1   [ RunTime:0.0020s ]
SQL: SHOW COLUMNS FROM `cz_role` [ RunTime:0.0090s ]
SQL: SELECT * FROM `cz_role` WHERE `role_id` = 20 LIMIT 1   [ RunTime:0.0030s ]
SQL: SHOW COLUMNS FROM `cz_category` [ RunTime:0.0090s ]
SQL: SHOW COLUMNS FROM `cz_brand` [ RunTime:0.0120s ]
SQL: SHOW COLUMNS FROM `cz_goods_type` [ RunTime:0.0100s ]
SQL: SHOW COLUMNS FROM `cz_goods` [ RunTime:0.0100s ]
SQL: SHOW COLUMNS FROM `cz_goods_attr` [ RunTime:0.0090s ]
SQL: SHOW COLUMNS FROM `cz_gallery` [ RunTime:0.0100s ]
SQL: SHOW COLUMNS FROM `cz_attribute` [ RunTime:0.0100s ]
SQL: DELETE FROM `cz_goods_attr` WHERE ( goods_id =2 ) [ RunTime:0.0020s ]
INFO: [ app_end ] --START--
INFO: Run Behavior\ShowPageTraceBehavior [ RunTime:0.002000s ]
INFO: [ app_end ] --END-- [ RunTime:0.002000s ]

[ 2015-05-04T21:31:59+08:00 ] 127.0.0.1 /index.php/Admin/Goods/getattrlist.html
INFO: [ app_begin ] --START--
INFO: Run Behavior\ReadHtmlCacheBehavior [ RunTime:0.002000s ]
INFO: Run Behavior\CheckLangBehavior [ RunTime:0.002001s ]
INFO: [ app_begin ] --END-- [ RunTime:0.006001s ]
SQL: SHOW COLUMNS FROM `cz_admin` [ RunTime:0.0110s ]
SQL: SELECT * FROM `cz_admin` WHERE `admin_id` = 1 LIMIT 1   [ RunTime:0.0010s ]
SQL: SHOW COLUMNS FROM `cz_role` [ RunTime:0.0110s ]
SQL: SELECT * FROM `cz_role` WHERE `role_id` = 20 LIMIT 1   [ RunTime:0.0010s ]
SQL: SHOW COLUMNS FROM `cz_category` [ RunTime:0.0120s ]
SQL: SHOW COLUMNS FROM `cz_brand` [ RunTime:0.0090s ]
SQL: SHOW COLUMNS FROM `cz_goods_type` [ RunTime:0.0110s ]
SQL: SHOW COLUMNS FROM `cz_goods` [ RunTime:0.0100s ]
SQL: SHOW COLUMNS FROM `cz_goods_attr` [ RunTime:0.0110s ]
SQL: SHOW COLUMNS FROM `cz_gallery` [ RunTime:0.0100s ]
SQL: SHOW COLUMNS FROM `cz_attribute` [ RunTime:0.0150s ]
SQL: SHOW COLUMNS FROM `cz_attribute` [ RunTime:0.0130s ]
SQL: SHOW COLUMNS FROM `cz_attribute` [ RunTime:0.0130s ]
SQL: SELECT a.attr_id,a.attr_name,a.attr_input_type,a.attr_type,a.attr_values,v.attr_value,v.attr_price FROM cz_attribute as a left join cz_goods_attr as v on v.attr_id = a.attr_id and v.goods_id=2  WHERE ( a.type_id =1 or a.type_id=0 ) ORDER BY a.sort_order , a.attr_type, a.attr_id, v.attr_price,v.goods_attr_id  [ RunTime:0.0080s ]

[ 2015-05-04T21:37:08+08:00 ] 127.0.0.1 /index.php/Admin/Goods/getattrlist.html
INFO: [ app_begin ] --START--
INFO: Run Behavior\ReadHtmlCacheBehavior [ RunTime:0.002000s ]
INFO: Run Behavior\CheckLangBehavior [ RunTime:0.003000s ]
INFO: [ app_begin ] --END-- [ RunTime:0.006000s ]
SQL: SHOW COLUMNS FROM `cz_admin` [ RunTime:0.0090s ]
SQL: SELECT * FROM `cz_admin` WHERE `admin_id` = 1 LIMIT 1   [ RunTime:0.0010s ]
SQL: SHOW COLUMNS FROM `cz_role` [ RunTime:0.0120s ]
SQL: SELECT * FROM `cz_role` WHERE `role_id` = 20 LIMIT 1   [ RunTime:0.0020s ]
SQL: SHOW COLUMNS FROM `cz_category` [ RunTime:0.0100s ]
SQL: SHOW COLUMNS FROM `cz_brand` [ RunTime:0.0100s ]
SQL: SHOW COLUMNS FROM `cz_goods_type` [ RunTime:0.0090s ]
SQL: SHOW COLUMNS FROM `cz_goods` [ RunTime:0.0110s ]
SQL: SHOW COLUMNS FROM `cz_goods_attr` [ RunTime:0.0090s ]
SQL: SHOW COLUMNS FROM `cz_gallery` [ RunTime:0.0100s ]
SQL: SHOW COLUMNS FROM `cz_attribute` [ RunTime:0.0090s ]
SQL: SHOW COLUMNS FROM `cz_attribute` [ RunTime:0.0100s ]
SQL: SHOW COLUMNS FROM `cz_attribute` [ RunTime:0.0100s ]
SQL: SELECT a.attr_id,a.attr_name,a.attr_input_type,a.attr_type,a.attr_values,v.attr_value,v.attr_price FROM cz_attribute as a left join cz_goods_attr as v on v.attr_id = a.attr_id and v.goods_id=0  WHERE ( a.type_id =1 or a.type_id=0 ) ORDER BY a.sort_order , a.attr_type, a.attr_id, v.attr_price,v.goods_attr_id  [ RunTime:0.0140s ]

[ 2015-05-04T21:45:07+08:00 ] 127.0.0.1 /index.php/Admin/Goods/getattrlist.html
INFO: [ app_begin ] --START--
INFO: Run Behavior\ReadHtmlCacheBehavior [ RunTime:0.001000s ]
INFO: Run Behavior\CheckLangBehavior [ RunTime:0.004001s ]
INFO: [ app_begin ] --END-- [ RunTime:0.008001s ]
SQL: SHOW COLUMNS FROM `cz_admin` [ RunTime:0.0100s ]
SQL: SELECT * FROM `cz_admin` WHERE `admin_id` = 1 LIMIT 1   [ RunTime:0.0010s ]
SQL: SHOW COLUMNS FROM `cz_role` [ RunTime:0.0080s ]
SQL: SELECT * FROM `cz_role` WHERE `role_id` = 20 LIMIT 1   [ RunTime:0.0000s ]
SQL: SHOW COLUMNS FROM `cz_category` [ RunTime:0.0080s ]
SQL: SHOW COLUMNS FROM `cz_brand` [ RunTime:0.0080s ]
SQL: SHOW COLUMNS FROM `cz_goods_type` [ RunTime:0.0070s ]
SQL: SHOW COLUMNS FROM `cz_goods` [ RunTime:0.0090s ]
SQL: SHOW COLUMNS FROM `cz_goods_attr` [ RunTime:0.0070s ]
SQL: SHOW COLUMNS FROM `cz_gallery` [ RunTime:0.0060s ]
SQL: SHOW COLUMNS FROM `cz_attribute` [ RunTime:0.0080s ]
SQL: SHOW COLUMNS FROM `cz_attribute` [ RunTime:0.0070s ]
SQL: SHOW COLUMNS FROM `cz_attribute` [ RunTime:0.0080s ]
SQL: SELECT a.attr_id,a.attr_name,a.attr_input_type,a.attr_type,a.attr_values,v.attr_value,v.attr_price FROM cz_attribute as a left join cz_goods_attr as v on v.attr_id = a.attr_id and v.goods_id=0  WHERE ( a.type_id =9 or a.type_id=0 ) ORDER BY a.sort_order , a.attr_type, a.attr_id, v.attr_price,v.goods_attr_id  [ RunTime:0.0090s ]

[ 2015-05-04T21:46:44+08:00 ] 127.0.0.1 /index.php/Admin/Goods/delattr.html
INFO: [ app_begin ] --START--
INFO: Run Behavior\ReadHtmlCacheBehavior [ RunTime:0.002000s ]
INFO: Run Behavior\CheckLangBehavior [ RunTime:0.002000s ]
INFO: [ app_begin ] --END-- [ RunTime:0.006000s ]
SQL: SHOW COLUMNS FROM `cz_admin` [ RunTime:0.0080s ]
SQL: SELECT * FROM `cz_admin` WHERE `admin_id` = 1 LIMIT 1   [ RunTime:0.0010s ]
SQL: SHOW COLUMNS FROM `cz_role` [ RunTime:0.0080s ]
SQL: SELECT * FROM `cz_role` WHERE `role_id` = 20 LIMIT 1   [ RunTime:0.0010s ]
SQL: SHOW COLUMNS FROM `cz_category` [ RunTime:0.0110s ]
SQL: SHOW COLUMNS FROM `cz_brand` [ RunTime:0.0110s ]
SQL: SHOW COLUMNS FROM `cz_goods_type` [ RunTime:0.0090s ]
SQL: SHOW COLUMNS FROM `cz_goods` [ RunTime:0.0120s ]
SQL: SHOW COLUMNS FROM `cz_goods_attr` [ RunTime:0.0100s ]
SQL: SHOW COLUMNS FROM `cz_gallery` [ RunTime:0.0080s ]
SQL: SHOW COLUMNS FROM `cz_attribute` [ RunTime:0.0070s ]
SQL: DELETE FROM `cz_goods_attr` WHERE ( goods_id =33 ) [ RunTime:0.0040s ]
INFO: [ app_end ] --START--
INFO: Run Behavior\ShowPageTraceBehavior [ RunTime:0.003000s ]
INFO: [ app_end ] --END-- [ RunTime:0.003000s ]

[ 2015-05-04T21:46:45+08:00 ] 127.0.0.1 /index.php/Admin/Goods/getattrlist.html
INFO: [ app_begin ] --START--
INFO: Run Behavior\ReadHtmlCacheBehavior [ RunTime:0.002000s ]
INFO: Run Behavior\CheckLangBehavior [ RunTime:0.004000s ]
INFO: [ app_begin ] --END-- [ RunTime:0.009001s ]
SQL: SHOW COLUMNS FROM `cz_admin` [ RunTime:0.0080s ]
SQL: SELECT * FROM `cz_admin` WHERE `admin_id` = 1 LIMIT 1   [ RunTime:0.0010s ]
SQL: SHOW COLUMNS FROM `cz_role` [ RunTime:0.0090s ]
SQL: SELECT * FROM `cz_role` WHERE `role_id` = 20 LIMIT 1   [ RunTime:0.0010s ]
SQL: SHOW COLUMNS FROM `cz_category` [ RunTime:0.0090s ]
SQL: SHOW COLUMNS FROM `cz_brand` [ RunTime:0.0070s ]
SQL: SHOW COLUMNS FROM `cz_goods_type` [ RunTime:0.0060s ]
SQL: SHOW COLUMNS FROM `cz_goods` [ RunTime:0.0080s ]
SQL: SHOW COLUMNS FROM `cz_goods_attr` [ RunTime:0.0070s ]
SQL: SHOW COLUMNS FROM `cz_gallery` [ RunTime:0.0070s ]
SQL: SHOW COLUMNS FROM `cz_attribute` [ RunTime:0.0070s ]
SQL: SHOW COLUMNS FROM `cz_attribute` [ RunTime:0.0070s ]
SQL: SHOW COLUMNS FROM `cz_attribute` [ RunTime:0.0070s ]
SQL: SELECT a.attr_id,a.attr_name,a.attr_input_type,a.attr_type,a.attr_values,v.attr_value,v.attr_price FROM cz_attribute as a left join cz_goods_attr as v on v.attr_id = a.attr_id and v.goods_id=33  WHERE ( a.type_id =1 or a.type_id=0 ) ORDER BY a.sort_order , a.attr_type, a.attr_id, v.attr_price,v.goods_attr_id  [ RunTime:0.0070s ]

[ 2015-05-04T21:59:42+08:00 ] 127.0.0.1 /index.php/Admin/Goods/getattrlist.html
INFO: [ app_begin ] --START--
INFO: Run Behavior\ReadHtmlCacheBehavior [ RunTime:0.003000s ]
INFO: Run Behavior\CheckLangBehavior [ RunTime:0.003001s ]
INFO: [ app_begin ] --END-- [ RunTime:0.009001s ]
SQL: SHOW COLUMNS FROM `cz_admin` [ RunTime:0.0110s ]
SQL: SELECT * FROM `cz_admin` WHERE `admin_id` = 1 LIMIT 1   [ RunTime:0.0010s ]
SQL: SHOW COLUMNS FROM `cz_role` [ RunTime:0.0120s ]
SQL: SELECT * FROM `cz_role` WHERE `role_id` = 20 LIMIT 1   [ RunTime:0.0010s ]
SQL: SHOW COLUMNS FROM `cz_category` [ RunTime:0.0110s ]
SQL: SHOW COLUMNS FROM `cz_brand` [ RunTime:0.0110s ]
SQL: SHOW COLUMNS FROM `cz_goods_type` [ RunTime:0.0090s ]
SQL: SHOW COLUMNS FROM `cz_goods` [ RunTime:0.0120s ]
SQL: SHOW COLUMNS FROM `cz_goods_attr` [ RunTime:0.0100s ]
SQL: SHOW COLUMNS FROM `cz_gallery` [ RunTime:0.0100s ]
SQL: SHOW COLUMNS FROM `cz_attribute` [ RunTime:0.0130s ]
SQL: SHOW COLUMNS FROM `cz_attribute` [ RunTime:0.0120s ]
SQL: SHOW COLUMNS FROM `cz_attribute` [ RunTime:0.0110s ]
SQL: SELECT a.attr_id,a.attr_name,a.attr_input_type,a.attr_type,a.attr_values,v.attr_value,v.attr_price FROM cz_attribute as a left join cz_goods_attr as v on v.attr_id = a.attr_id and v.goods_id=0  WHERE ( a.type_id =2 or a.type_id=0 ) ORDER BY a.sort_order , a.attr_type, a.attr_id, v.attr_price,v.goods_attr_id  [ RunTime:0.0140s ]

[ 2015-05-04T21:59:47+08:00 ] 127.0.0.1 /index.php/Admin/Goods/getattrlist.html
INFO: [ app_begin ] --START--
INFO: Run Behavior\ReadHtmlCacheBehavior [ RunTime:0.002000s ]
INFO: Run Behavior\CheckLangBehavior [ RunTime:0.002000s ]
INFO: [ app_begin ] --END-- [ RunTime:0.006001s ]
SQL: SHOW COLUMNS FROM `cz_admin` [ RunTime:0.0080s ]
SQL: SELECT * FROM `cz_admin` WHERE `admin_id` = 1 LIMIT 1   [ RunTime:0.0020s ]
SQL: SHOW COLUMNS FROM `cz_role` [ RunTime:0.0090s ]
SQL: SELECT * FROM `cz_role` WHERE `role_id` = 20 LIMIT 1   [ RunTime:0.0010s ]
SQL: SHOW COLUMNS FROM `cz_category` [ RunTime:0.0090s ]
SQL: SHOW COLUMNS FROM `cz_brand` [ RunTime:0.0120s ]
SQL: SHOW COLUMNS FROM `cz_goods_type` [ RunTime:0.0100s ]
SQL: SHOW COLUMNS FROM `cz_goods` [ RunTime:0.0120s ]
SQL: SHOW COLUMNS FROM `cz_goods_attr` [ RunTime:0.0100s ]
SQL: SHOW COLUMNS FROM `cz_gallery` [ RunTime:0.0080s ]
SQL: SHOW COLUMNS FROM `cz_attribute` [ RunTime:0.0090s ]
SQL: SHOW COLUMNS FROM `cz_attribute` [ RunTime:0.0140s ]
SQL: SHOW COLUMNS FROM `cz_attribute` [ RunTime:0.0160s ]
SQL: SELECT a.attr_id,a.attr_name,a.attr_input_type,a.attr_type,a.attr_values,v.attr_value,v.attr_price FROM cz_attribute as a left join cz_goods_attr as v on v.attr_id = a.attr_id and v.goods_id=0  WHERE ( a.type_id =9 or a.type_id=0 ) ORDER BY a.sort_order , a.attr_type, a.attr_id, v.attr_price,v.goods_attr_id  [ RunTime:0.0100s ]

[ 2015-05-04T23:22:46+08:00 ] 127.0.0.1 /Admin/goods/edit/edit/1.html
ERR: 参数错误或者未定义:goods_id

[ 2015-05-04T23:46:01+08:00 ] 127.0.0.1 /index.php/Admin/User/order.php?act=list&user_id=6
ERR: 非法操作:order.php

[ 2015-05-04T23:46:06+08:00 ] 127.0.0.1 /index.php/Admin/User/users.php?act=address_list&id=6
ERR: 非法操作:users.php

