[ 2015-04-26T00:03:06+08:00 ] 127.0.0.1 /Admin/Brand/p/1
ERR: 非法操作:p

[ 2015-04-26T00:22:29+08:00 ] 127.0.0.1 /Admin/Brand/showlist.html&page=4
ERR: 非法操作:showlist.html&page=4

[ 2015-04-26T00:41:52+08:00 ] 127.0.0.1 /admin
INFO: [ view_parse ] --START--
INFO: [ template_filter ] --START--
INFO: Run Behavior\ContentReplaceBehavior [ RunTime:0.001000s ]
INFO: [ template_filter ] --END-- [ RunTime:0.001000s ]
INFO: Run Behavior\ParseTemplateBehavior [ RunTime:0.020001s ]
INFO: [ view_parse ] --END-- [ RunTime:0.022001s ]
INFO: [ view_filter ] --START--
INFO: Run Behavior\WriteHtmlCacheBehavior [ RunTime:0.001001s ]
INFO: [ view_filter ] --END-- [ RunTime:0.002001s ]
INFO: [ app_end ] --START--
INFO: Run Behavior\ShowPageTraceBehavior [ RunTime:0.002000s ]
INFO: [ app_end ] --END-- [ RunTime:0.002000s ]

[ 2015-04-26T00:41:52+08:00 ] 127.0.0.1 /Admin/Index/top.html
INFO: [ view_parse ] --START--
INFO: [ template_filter ] --START--
INFO: Run Behavior\ContentReplaceBehavior [ RunTime:0.000000s ]
INFO: [ template_filter ] --END-- [ RunTime:0.000000s ]
INFO: Run Behavior\ParseTemplateBehavior [ RunTime:0.021001s ]
INFO: [ view_parse ] --END-- [ RunTime:0.022001s ]
INFO: [ view_filter ] --START--
INFO: Run Behavior\WriteHtmlCacheBehavior [ RunTime:0.001000s ]
INFO: [ view_filter ] --END-- [ RunTime:0.001000s ]
INFO: [ app_end ] --START--
INFO: Run Behavior\ShowPageTraceBehavior [ RunTime:0.002000s ]
INFO: [ app_end ] --END-- [ RunTime:0.002000s ]

[ 2015-04-26T00:41:52+08:00 ] 127.0.0.1 /Admin/Index/main.html
INFO: [ view_parse ] --START--
INFO: [ template_filter ] --START--
INFO: Run Behavior\ContentReplaceBehavior [ RunTime:0.000000s ]
INFO: [ template_filter ] --END-- [ RunTime:0.001000s ]
INFO: Run Behavior\ParseTemplateBehavior [ RunTime:0.021002s ]
INFO: [ view_parse ] --END-- [ RunTime:0.023002s ]
INFO: [ view_filter ] --START--
INFO: Run Behavior\WriteHtmlCacheBehavior [ RunTime:0.002000s ]
INFO: [ view_filter ] --END-- [ RunTime:0.002000s ]
INFO: [ app_end ] --START--
INFO: Run Behavior\ShowPageTraceBehavior [ RunTime:0.002000s ]
INFO: [ app_end ] --END-- [ RunTime:0.003000s ]

[ 2015-04-26T00:41:52+08:00 ] 127.0.0.1 /Admin/Index/menu.html
INFO: [ view_parse ] --START--
INFO: [ template_filter ] --START--
INFO: Run Behavior\ContentReplaceBehavior [ RunTime:0.000000s ]
INFO: [ template_filter ] --END-- [ RunTime:0.000000s ]
INFO: Run Behavior\ParseTemplateBehavior [ RunTime:0.021002s ]
INFO: [ view_parse ] --END-- [ RunTime:0.023002s ]
INFO: [ view_filter ] --START--
INFO: Run Behavior\WriteHtmlCacheBehavior [ RunTime:0.001000s ]
INFO: [ view_filter ] --END-- [ RunTime:0.001000s ]
INFO: [ app_end ] --START--
INFO: Run Behavior\ShowPageTraceBehavior [ RunTime:0.001000s ]
INFO: [ app_end ] --END-- [ RunTime:0.002000s ]

[ 2015-04-26T08:38:12+08:00 ] 127.0.0.1 /admin
INFO: [ view_parse ] --START--
INFO: [ template_filter ] --START--
INFO: Run Behavior\ContentReplaceBehavior [ RunTime:0.000000s ]
INFO: [ template_filter ] --END-- [ RunTime:0.000000s ]
INFO: Run Behavior\ParseTemplateBehavior [ RunTime:0.095005s ]
INFO: [ view_parse ] --END-- [ RunTime:0.098005s ]
INFO: [ view_filter ] --START--
INFO: Run Behavior\WriteHtmlCacheBehavior [ RunTime:0.011001s ]
INFO: [ view_filter ] --END-- [ RunTime:0.011001s ]
INFO: [ app_end ] --START--
INFO: Run Behavior\ShowPageTraceBehavior [ RunTime:0.002000s ]
INFO: [ app_end ] --END-- [ RunTime:0.003000s ]

[ 2015-04-26T08:38:13+08:00 ] 127.0.0.1 /Admin/Index/top.html
INFO: [ view_parse ] --START--
INFO: [ template_filter ] --START--
INFO: Run Behavior\ContentReplaceBehavior [ RunTime:0.001000s ]
INFO: [ template_filter ] --END-- [ RunTime:0.001000s ]
INFO: Run Behavior\ParseTemplateBehavior [ RunTime:0.104006s ]
INFO: [ view_parse ] --END-- [ RunTime:0.105006s ]
INFO: [ view_filter ] --START--
INFO: Run Behavior\WriteHtmlCacheBehavior [ RunTime:0.003000s ]
INFO: [ view_filter ] --END-- [ RunTime:0.003000s ]
INFO: [ app_end ] --START--
INFO: Run Behavior\ShowPageTraceBehavior [ RunTime:0.001000s ]
INFO: [ app_end ] --END-- [ RunTime:0.001000s ]

[ 2015-04-26T08:38:13+08:00 ] 127.0.0.1 /Admin/Index/menu.html
INFO: [ view_parse ] --START--
INFO: [ template_filter ] --START--
INFO: Run Behavior\ContentReplaceBehavior [ RunTime:0.000000s ]
INFO: [ template_filter ] --END-- [ RunTime:0.000000s ]
INFO: Run Behavior\ParseTemplateBehavior [ RunTime:0.068004s ]
INFO: [ view_parse ] --END-- [ RunTime:0.069004s ]
INFO: [ view_filter ] --START--
INFO: Run Behavior\WriteHtmlCacheBehavior [ RunTime:0.001000s ]
INFO: [ view_filter ] --END-- [ RunTime:0.001000s ]
INFO: [ app_end ] --START--
INFO: Run Behavior\ShowPageTraceBehavior [ RunTime:0.002000s ]
INFO: [ app_end ] --END-- [ RunTime:0.002000s ]

[ 2015-04-26T08:38:13+08:00 ] 127.0.0.1 /Admin/Index/main.html
INFO: [ view_parse ] --START--
INFO: [ template_filter ] --START--
INFO: Run Behavior\ContentReplaceBehavior [ RunTime:0.001000s ]
INFO: [ template_filter ] --END-- [ RunTime:0.001000s ]
INFO: Run Behavior\ParseTemplateBehavior [ RunTime:0.043003s ]
INFO: [ view_parse ] --END-- [ RunTime:0.045003s ]
INFO: [ view_filter ] --START--
INFO: Run Behavior\WriteHtmlCacheBehavior [ RunTime:0.001000s ]
INFO: [ view_filter ] --END-- [ RunTime:0.001000s ]
INFO: [ app_end ] --START--
INFO: Run Behavior\ShowPageTraceBehavior [ RunTime:0.003000s ]
INFO: [ app_end ] --END-- [ RunTime:0.004000s ]

[ 2015-04-26T08:39:26+08:00 ] 127.0.0.1 /admin
INFO: [ view_parse ] --START--
INFO: [ template_filter ] --START--
INFO: Run Behavior\ContentReplaceBehavior [ RunTime:0.001000s ]
INFO: [ template_filter ] --END-- [ RunTime:0.001000s ]
INFO: Run Behavior\ParseTemplateBehavior [ RunTime:0.020001s ]
INFO: [ view_parse ] --END-- [ RunTime:0.021001s ]
INFO: [ view_filter ] --START--
INFO: Run Behavior\WriteHtmlCacheBehavior [ RunTime:0.001000s ]
INFO: [ view_filter ] --END-- [ RunTime:0.001000s ]
INFO: [ app_end ] --START--
INFO: Run Behavior\ShowPageTraceBehavior [ RunTime:0.002000s ]
INFO: [ app_end ] --END-- [ RunTime:0.002000s ]

[ 2015-04-26T08:39:26+08:00 ] 127.0.0.1 /Admin/Index/menu.html
INFO: [ view_parse ] --START--
INFO: [ template_filter ] --START--
INFO: Run Behavior\ContentReplaceBehavior [ RunTime:0.000000s ]
INFO: [ template_filter ] --END-- [ RunTime:0.001000s ]
INFO: Run Behavior\ParseTemplateBehavior [ RunTime:0.053003s ]
INFO: [ view_parse ] --END-- [ RunTime:0.054003s ]
INFO: [ view_filter ] --START--
INFO: Run Behavior\WriteHtmlCacheBehavior [ RunTime:0.000000s ]
INFO: [ view_filter ] --END-- [ RunTime:0.001000s ]
INFO: [ app_end ] --START--
INFO: Run Behavior\ShowPageTraceBehavior [ RunTime:0.014001s ]
INFO: [ app_end ] --END-- [ RunTime:0.014001s ]

[ 2015-04-26T08:39:27+08:00 ] 127.0.0.1 /Admin/Index/top.html
INFO: [ view_parse ] --START--
INFO: [ template_filter ] --START--
INFO: Run Behavior\ContentReplaceBehavior [ RunTime:0.000000s ]
INFO: [ template_filter ] --END-- [ RunTime:0.000000s ]
INFO: Run Behavior\ParseTemplateBehavior [ RunTime:0.028002s ]
INFO: [ view_parse ] --END-- [ RunTime:0.029002s ]
INFO: [ view_filter ] --START--
INFO: Run Behavior\WriteHtmlCacheBehavior [ RunTime:0.001000s ]
INFO: [ view_filter ] --END-- [ RunTime:0.001000s ]
INFO: [ app_end ] --START--
INFO: Run Behavior\ShowPageTraceBehavior [ RunTime:0.002000s ]
INFO: [ app_end ] --END-- [ RunTime:0.022001s ]

[ 2015-04-26T08:39:27+08:00 ] 127.0.0.1 /Admin/Index/main.html
INFO: [ view_parse ] --START--
INFO: [ template_filter ] --START--
INFO: Run Behavior\ContentReplaceBehavior [ RunTime:0.000000s ]
INFO: [ template_filter ] --END-- [ RunTime:0.000000s ]
INFO: Run Behavior\ParseTemplateBehavior [ RunTime:0.027002s ]
INFO: [ view_parse ] --END-- [ RunTime:0.028002s ]
INFO: [ view_filter ] --START--
INFO: Run Behavior\WriteHtmlCacheBehavior [ RunTime:0.034002s ]
INFO: [ view_filter ] --END-- [ RunTime:0.034002s ]
INFO: [ app_end ] --START--
INFO: Run Behavior\ShowPageTraceBehavior [ RunTime:0.011000s ]
INFO: [ app_end ] --END-- [ RunTime:0.012000s ]

[ 2015-04-26T09:05:20+08:00 ] 127.0.0.1 /Admin/Brand/showlist?brand_name=ss&page=4
ERR: SQLSTATE[42000]: Syntax error or access violation: 1064 You have an error in your SQL syntax; check the manual that corresponds to your MySQL server version for the right syntax to use near '15, 5' at line 1

[ 2015-04-26T09:26:58+08:00 ] 127.0.0.1 /Admin/Brand/showlist?brand_name=
ERR: SQLSTATE[42000]: Syntax error or access violation: 1064 You have an error in your SQL syntax; check the manual that corresponds to your MySQL server version for the right syntax to use near '' at line 1

[ 2015-04-26T09:28:17+08:00 ] 127.0.0.1 /Admin/Brand/showlist?brand_name=
ERR: SQLSTATE[42000]: Syntax error or access violation: 1064 You have an error in your SQL syntax; check the manual that corresponds to your MySQL server version for the right syntax to use near '' at line 1

[ 2015-04-26T10:04:29+08:00 ] 127.0.0.1 /Admin/Brand/droplogo/Arraybrand_id.html
ERR: 非法操作:droplogo

[ 2015-04-26T10:27:29+08:00 ] 127.0.0.1 /Admin/Brand/edit/brand_id/1.html
ERR: SQLSTATE[23000]: Integrity constraint violation: 1048 Column 'site_url' cannot be null

[ 2015-04-26T10:27:49+08:00 ] 127.0.0.1 /Admin/Brand/edit/brand_id/1.html
ERR: SQLSTATE[23000]: Integrity constraint violation: 1048 Column 'site_url' cannot be null

[ 2015-04-26T10:28:53+08:00 ] 127.0.0.1 /admin
INFO: [ view_parse ] --START--
INFO: [ template_filter ] --START--
INFO: Run Behavior\ContentReplaceBehavior [ RunTime:0.000000s ]
INFO: [ template_filter ] --END-- [ RunTime:0.000000s ]
INFO: Run Behavior\ParseTemplateBehavior [ RunTime:0.029001s ]
INFO: [ view_parse ] --END-- [ RunTime:0.031001s ]
INFO: [ view_filter ] --START--
INFO: Run Behavior\WriteHtmlCacheBehavior [ RunTime:0.003001s ]
INFO: [ view_filter ] --END-- [ RunTime:0.003001s ]
INFO: [ app_end ] --START--
INFO: Run Behavior\ShowPageTraceBehavior [ RunTime:0.003000s ]
INFO: [ app_end ] --END-- [ RunTime:0.004000s ]

[ 2015-04-26T10:28:53+08:00 ] 127.0.0.1 /Admin/Index/menu.html
INFO: [ view_parse ] --START--
INFO: [ template_filter ] --START--
INFO: Run Behavior\ContentReplaceBehavior [ RunTime:0.001000s ]
INFO: [ template_filter ] --END-- [ RunTime:0.001000s ]
INFO: Run Behavior\ParseTemplateBehavior [ RunTime:0.076004s ]
INFO: [ view_parse ] --END-- [ RunTime:0.078004s ]
INFO: [ view_filter ] --START--
INFO: Run Behavior\WriteHtmlCacheBehavior [ RunTime:0.003000s ]
INFO: [ view_filter ] --END-- [ RunTime:0.003000s ]
INFO: [ app_end ] --START--
INFO: Run Behavior\ShowPageTraceBehavior [ RunTime:0.005001s ]
INFO: [ app_end ] --END-- [ RunTime:0.005001s ]

[ 2015-04-26T10:28:53+08:00 ] 127.0.0.1 /Admin/Index/top.html
INFO: [ view_parse ] --START--
INFO: [ template_filter ] --START--
INFO: Run Behavior\ContentReplaceBehavior [ RunTime:0.000000s ]
INFO: [ template_filter ] --END-- [ RunTime:0.001000s ]
INFO: Run Behavior\ParseTemplateBehavior [ RunTime:0.060003s ]
INFO: [ view_parse ] --END-- [ RunTime:0.064004s ]
INFO: [ view_filter ] --START--
INFO: Run Behavior\WriteHtmlCacheBehavior [ RunTime:0.005000s ]
INFO: [ view_filter ] --END-- [ RunTime:0.005000s ]
INFO: [ app_end ] --START--
INFO: Run Behavior\ShowPageTraceBehavior [ RunTime:0.005001s ]
INFO: [ app_end ] --END-- [ RunTime:0.005001s ]

[ 2015-04-26T10:28:53+08:00 ] 127.0.0.1 /Admin/Index/main.html
INFO: [ view_parse ] --START--
INFO: [ template_filter ] --START--
INFO: Run Behavior\ContentReplaceBehavior [ RunTime:0.001000s ]
INFO: [ template_filter ] --END-- [ RunTime:0.001000s ]
INFO: Run Behavior\ParseTemplateBehavior [ RunTime:0.036002s ]
INFO: [ view_parse ] --END-- [ RunTime:0.037002s ]
INFO: [ view_filter ] --START--
INFO: Run Behavior\WriteHtmlCacheBehavior [ RunTime:0.002000s ]
INFO: [ view_filter ] --END-- [ RunTime:0.002000s ]
INFO: [ app_end ] --START--
INFO: Run Behavior\ShowPageTraceBehavior [ RunTime:0.003000s ]
INFO: [ app_end ] --END-- [ RunTime:0.003000s ]

[ 2015-04-26T10:29:57+08:00 ] 127.0.0.1 /Admin/Brand/del/brand_id/5.html
ERR: 非法操作:del

[ 2015-04-26T10:39:26+08:00 ] 127.0.0.1 /admin
INFO: [ view_parse ] --START--
INFO: [ template_filter ] --START--
INFO: Run Behavior\ContentReplaceBehavior [ RunTime:0.001000s ]
INFO: [ template_filter ] --END-- [ RunTime:0.001000s ]
INFO: Run Behavior\ParseTemplateBehavior [ RunTime:0.032002s ]
INFO: [ view_parse ] --END-- [ RunTime:0.034002s ]
INFO: [ view_filter ] --START--
INFO: Run Behavior\WriteHtmlCacheBehavior [ RunTime:0.001000s ]
INFO: [ view_filter ] --END-- [ RunTime:0.001000s ]
INFO: [ app_end ] --START--
INFO: Run Behavior\ShowPageTraceBehavior [ RunTime:0.002000s ]
INFO: [ app_end ] --END-- [ RunTime:0.003000s ]

[ 2015-04-26T10:39:26+08:00 ] 127.0.0.1 /Admin/Index/top.html
INFO: [ view_parse ] --START--
INFO: [ template_filter ] --START--
INFO: Run Behavior\ContentReplaceBehavior [ RunTime:0.001000s ]
INFO: [ template_filter ] --END-- [ RunTime:0.001000s ]
INFO: Run Behavior\ParseTemplateBehavior [ RunTime:0.034002s ]
INFO: [ view_parse ] --END-- [ RunTime:0.035002s ]
INFO: [ view_filter ] --START--
INFO: Run Behavior\WriteHtmlCacheBehavior [ RunTime:0.001000s ]
INFO: [ view_filter ] --END-- [ RunTime:0.002000s ]
INFO: [ app_end ] --START--
INFO: Run Behavior\ShowPageTraceBehavior [ RunTime:0.002000s ]
INFO: [ app_end ] --END-- [ RunTime:0.002000s ]

[ 2015-04-26T10:39:26+08:00 ] 127.0.0.1 /Admin/Index/main.html
INFO: [ view_parse ] --START--
INFO: [ template_filter ] --START--
INFO: Run Behavior\ContentReplaceBehavior [ RunTime:0.000000s ]
INFO: [ template_filter ] --END-- [ RunTime:0.000000s ]
INFO: Run Behavior\ParseTemplateBehavior [ RunTime:0.039003s ]
INFO: [ view_parse ] --END-- [ RunTime:0.046003s ]
INFO: [ view_filter ] --START--
INFO: Run Behavior\WriteHtmlCacheBehavior [ RunTime:0.002000s ]
INFO: [ view_filter ] --END-- [ RunTime:0.003000s ]
INFO: [ app_end ] --START--
INFO: Run Behavior\ShowPageTraceBehavior [ RunTime:0.004000s ]
INFO: [ app_end ] --END-- [ RunTime:0.004000s ]

[ 2015-04-26T10:39:26+08:00 ] 127.0.0.1 /Admin/Index/menu.html
INFO: [ view_parse ] --START--
INFO: [ template_filter ] --START--
INFO: Run Behavior\ContentReplaceBehavior [ RunTime:0.000000s ]
INFO: [ template_filter ] --END-- [ RunTime:0.000000s ]
INFO: Run Behavior\ParseTemplateBehavior [ RunTime:0.041002s ]
INFO: [ view_parse ] --END-- [ RunTime:0.043002s ]
INFO: [ view_filter ] --START--
INFO: Run Behavior\WriteHtmlCacheBehavior [ RunTime:0.002000s ]
INFO: [ view_filter ] --END-- [ RunTime:0.002000s ]
INFO: [ app_end ] --START--
INFO: Run Behavior\ShowPageTraceBehavior [ RunTime:0.003001s ]
INFO: [ app_end ] --END-- [ RunTime:0.003001s ]

[ 2015-04-26T10:43:33+08:00 ] 127.0.0.1 /admin
INFO: [ view_parse ] --START--
INFO: [ template_filter ] --START--
INFO: Run Behavior\ContentReplaceBehavior [ RunTime:0.000000s ]
INFO: [ template_filter ] --END-- [ RunTime:0.000000s ]
INFO: Run Behavior\ParseTemplateBehavior [ RunTime:0.025002s ]
INFO: [ view_parse ] --END-- [ RunTime:0.026002s ]
INFO: [ view_filter ] --START--
INFO: Run Behavior\WriteHtmlCacheBehavior [ RunTime:0.002000s ]
INFO: [ view_filter ] --END-- [ RunTime:0.002000s ]
INFO: [ app_end ] --START--
INFO: Run Behavior\ShowPageTraceBehavior [ RunTime:0.002000s ]
INFO: [ app_end ] --END-- [ RunTime:0.003000s ]

[ 2015-04-26T10:43:33+08:00 ] 127.0.0.1 /Admin/Index/menu.html
INFO: [ view_parse ] --START--
INFO: [ template_filter ] --START--
INFO: Run Behavior\ContentReplaceBehavior [ RunTime:0.000000s ]
INFO: [ template_filter ] --END-- [ RunTime:0.001000s ]
INFO: Run Behavior\ParseTemplateBehavior [ RunTime:0.097005s ]
INFO: [ view_parse ] --END-- [ RunTime:0.101005s ]
INFO: [ view_filter ] --START--
INFO: Run Behavior\WriteHtmlCacheBehavior [ RunTime:0.001000s ]
INFO: [ view_filter ] --END-- [ RunTime:0.001000s ]
INFO: [ app_end ] --START--
INFO: Run Behavior\ShowPageTraceBehavior [ RunTime:0.002000s ]
INFO: [ app_end ] --END-- [ RunTime:0.003000s ]

[ 2015-04-26T10:43:33+08:00 ] 127.0.0.1 /Admin/Index/top.html
INFO: [ view_parse ] --START--
INFO: [ template_filter ] --START--
INFO: Run Behavior\ContentReplaceBehavior [ RunTime:0.000000s ]
INFO: [ template_filter ] --END-- [ RunTime:0.002000s ]
INFO: Run Behavior\ParseTemplateBehavior [ RunTime:0.031002s ]
INFO: [ view_parse ] --END-- [ RunTime:0.033002s ]
INFO: [ view_filter ] --START--
INFO: Run Behavior\WriteHtmlCacheBehavior [ RunTime:0.002000s ]
INFO: [ view_filter ] --END-- [ RunTime:0.003000s ]
INFO: [ app_end ] --START--
INFO: Run Behavior\ShowPageTraceBehavior [ RunTime:0.006001s ]
INFO: [ app_end ] --END-- [ RunTime:0.006001s ]

[ 2015-04-26T10:43:33+08:00 ] 127.0.0.1 /Admin/Index/main.html
INFO: [ view_parse ] --START--
INFO: [ template_filter ] --START--
INFO: Run Behavior\ContentReplaceBehavior [ RunTime:0.000000s ]
INFO: [ template_filter ] --END-- [ RunTime:0.000000s ]
INFO: Run Behavior\ParseTemplateBehavior [ RunTime:0.025002s ]
INFO: [ view_parse ] --END-- [ RunTime:0.027002s ]
INFO: [ view_filter ] --START--
INFO: Run Behavior\WriteHtmlCacheBehavior [ RunTime:0.001000s ]
INFO: [ view_filter ] --END-- [ RunTime:0.001000s ]
INFO: [ app_end ] --START--
INFO: Run Behavior\ShowPageTraceBehavior [ RunTime:0.004000s ]
INFO: [ app_end ] --END-- [ RunTime:0.004000s ]

[ 2015-04-26T10:44:23+08:00 ] 127.0.0.1 /Admin/Index/goods_type.php?act=list
ERR: 非法操作:goods_type.php

[ 2015-04-26T10:52:21+08:00 ] 127.0.0.1 /admin
INFO: [ view_parse ] --START--
INFO: [ template_filter ] --START--
INFO: Run Behavior\ContentReplaceBehavior [ RunTime:0.000000s ]
INFO: [ template_filter ] --END-- [ RunTime:0.000000s ]
INFO: Run Behavior\ParseTemplateBehavior [ RunTime:0.024001s ]
INFO: [ view_parse ] --END-- [ RunTime:0.027002s ]
INFO: [ view_filter ] --START--
INFO: Run Behavior\WriteHtmlCacheBehavior [ RunTime:0.001000s ]
INFO: [ view_filter ] --END-- [ RunTime:0.001000s ]
INFO: [ app_end ] --START--
INFO: Run Behavior\ShowPageTraceBehavior [ RunTime:0.002000s ]
INFO: [ app_end ] --END-- [ RunTime:0.002000s ]

[ 2015-04-26T10:52:21+08:00 ] 127.0.0.1 /Admin/Index/top.html
INFO: [ view_parse ] --START--
INFO: [ template_filter ] --START--
INFO: Run Behavior\ContentReplaceBehavior [ RunTime:0.000000s ]
INFO: [ template_filter ] --END-- [ RunTime:0.001000s ]
INFO: Run Behavior\ParseTemplateBehavior [ RunTime:0.032002s ]
INFO: [ view_parse ] --END-- [ RunTime:0.033002s ]
INFO: [ view_filter ] --START--
INFO: Run Behavior\WriteHtmlCacheBehavior [ RunTime:0.002000s ]
INFO: [ view_filter ] --END-- [ RunTime:0.002000s ]
INFO: [ app_end ] --START--
INFO: Run Behavior\ShowPageTraceBehavior [ RunTime:0.002000s ]
INFO: [ app_end ] --END-- [ RunTime:0.003000s ]

[ 2015-04-26T10:52:21+08:00 ] 127.0.0.1 /Admin/Index/main.html
INFO: [ view_parse ] --START--
INFO: [ template_filter ] --START--
INFO: Run Behavior\ContentReplaceBehavior [ RunTime:0.001000s ]
INFO: [ template_filter ] --END-- [ RunTime:0.001000s ]
INFO: Run Behavior\ParseTemplateBehavior [ RunTime:0.029002s ]
INFO: [ view_parse ] --END-- [ RunTime:0.030002s ]
INFO: [ view_filter ] --START--
INFO: Run Behavior\WriteHtmlCacheBehavior [ RunTime:0.001000s ]
INFO: [ view_filter ] --END-- [ RunTime:0.001000s ]
INFO: [ app_end ] --START--
INFO: Run Behavior\ShowPageTraceBehavior [ RunTime:0.003000s ]
INFO: [ app_end ] --END-- [ RunTime:0.003000s ]

[ 2015-04-26T10:52:21+08:00 ] 127.0.0.1 /Admin/Index/menu.html
INFO: [ view_parse ] --START--
INFO: [ template_filter ] --START--
INFO: Run Behavior\ContentReplaceBehavior [ RunTime:0.000000s ]
INFO: [ template_filter ] --END-- [ RunTime:0.000000s ]
INFO: Run Behavior\ParseTemplateBehavior [ RunTime:0.036003s ]
INFO: [ view_parse ] --END-- [ RunTime:0.038003s ]
INFO: [ view_filter ] --START--
INFO: Run Behavior\WriteHtmlCacheBehavior [ RunTime:0.002000s ]
INFO: [ view_filter ] --END-- [ RunTime:0.002000s ]
INFO: [ app_end ] --START--
INFO: Run Behavior\ShowPageTraceBehavior [ RunTime:0.003000s ]
INFO: [ app_end ] --END-- [ RunTime:0.003000s ]

[ 2015-04-26T11:01:50+08:00 ] 127.0.0.1 /Admin/Type/styles/main.css
ERR: 非法操作:styles

[ 2015-04-26T11:01:50+08:00 ] 127.0.0.1 /Admin/Type/styles/general.css
ERR: 非法操作:styles

[ 2015-04-26T11:08:33+08:00 ] 127.0.0.1 /Admin/Type/add.html
ERR: 非法操作:add

[ 2015-04-26T11:12:04+08:00 ] 127.0.0.1 /Admin/Type/styles/general.css
ERR: 非法操作:styles

[ 2015-04-26T11:12:04+08:00 ] 127.0.0.1 /Admin/Type/styles/main.css
ERR: 非法操作:styles

[ 2015-04-26T11:14:35+08:00 ] 127.0.0.1 /Admin/Type/ADMIN_S_PATH/styles/general.css
ERR: 非法操作:ADMIN_S_PATH

[ 2015-04-26T11:14:35+08:00 ] 127.0.0.1 /Admin/Type/ADMIN_S_PATH/styles/main.css
ERR: 非法操作:ADMIN_S_PATH

[ 2015-04-26T11:14:48+08:00 ] 127.0.0.1 /Admin/Type/ADMIN_S_PATH/styles/general.css
ERR: 非法操作:ADMIN_S_PATH

[ 2015-04-26T11:14:48+08:00 ] 127.0.0.1 /Admin/Type/ADMIN_S_PATH/styles/main.css
ERR: 非法操作:ADMIN_S_PATH

[ 2015-04-26T11:14:55+08:00 ] 127.0.0.1 /Admin/Type/ADMIN_S_PATH/styles/general.css
ERR: 非法操作:ADMIN_S_PATH

[ 2015-04-26T11:14:55+08:00 ] 127.0.0.1 /Admin/Type/ADMIN_S_PATH/styles/main.css
ERR: 非法操作:ADMIN_S_PATH

[ 2015-04-26T11:41:44+08:00 ] 127.0.0.1 /Admin/Type/add.html
ERR: SQLSTATE[HY000]: General error: 1364 Field 'attr_group' doesn't have a default value

[ 2015-04-26T11:42:31+08:00 ] 127.0.0.1 /Admin/Type/goods_type.php?act=edit&cat_id=1
ERR: 非法操作:goods_type.php

[ 2015-04-26T12:45:40+08:00 ] 127.0.0.1 /Admin/Type/showlist.html?&page=2
ERR: SQLSTATE[42000]: Syntax error or access violation: 1064 You have an error in your SQL syntax; check the manual that corresponds to your MySQL server version for the right syntax to use near 'jon cz_attribute as a on a.type_id = t.type_id Limit 9, 9' at line 1

[ 2015-04-26T13:27:32+08:00 ] 127.0.0.1 /Admin/Type/del/type_id/9.html
ERR: SQLSTATE[42000]: Syntax error or access violation: 1064 You have an error in your SQL syntax; check the manual that corresponds to your MySQL server version for the right syntax to use near ') LIMIT 1' at line 1

[ 2015-04-26T13:34:07+08:00 ] 127.0.0.1 /Admin/Attribute/show/goods_type/1.html
ERR: 非法操作:show

[ 2015-04-26T15:17:56+08:00 ] 127.0.0.1 /admin
INFO: [ view_parse ] --START--
INFO: [ template_filter ] --START--
INFO: Run Behavior\ContentReplaceBehavior [ RunTime:0.001000s ]
INFO: [ template_filter ] --END-- [ RunTime:0.001000s ]
INFO: Run Behavior\ParseTemplateBehavior [ RunTime:0.025002s ]
INFO: [ view_parse ] --END-- [ RunTime:0.027002s ]
INFO: [ view_filter ] --START--
INFO: Run Behavior\WriteHtmlCacheBehavior [ RunTime:0.001000s ]
INFO: [ view_filter ] --END-- [ RunTime:0.001000s ]
INFO: [ app_end ] --START--
INFO: Run Behavior\ShowPageTraceBehavior [ RunTime:0.003000s ]
INFO: [ app_end ] --END-- [ RunTime:0.003000s ]

[ 2015-04-26T15:17:57+08:00 ] 127.0.0.1 /Admin/Index/top.html
INFO: [ view_parse ] --START--
INFO: [ template_filter ] --START--
INFO: Run Behavior\ContentReplaceBehavior [ RunTime:0.001000s ]
INFO: [ template_filter ] --END-- [ RunTime:0.001000s ]
INFO: Run Behavior\ParseTemplateBehavior [ RunTime:0.035002s ]
INFO: [ view_parse ] --END-- [ RunTime:0.036002s ]
INFO: [ view_filter ] --START--
INFO: Run Behavior\WriteHtmlCacheBehavior [ RunTime:0.001000s ]
INFO: [ view_filter ] --END-- [ RunTime:0.001000s ]
INFO: [ app_end ] --START--
INFO: Run Behavior\ShowPageTraceBehavior [ RunTime:0.002000s ]
INFO: [ app_end ] --END-- [ RunTime:0.003000s ]

[ 2015-04-26T15:17:57+08:00 ] 127.0.0.1 /Admin/Index/main.html
INFO: [ view_parse ] --START--
INFO: [ template_filter ] --START--
INFO: Run Behavior\ContentReplaceBehavior [ RunTime:0.000000s ]
INFO: [ template_filter ] --END-- [ RunTime:0.001000s ]
INFO: Run Behavior\ParseTemplateBehavior [ RunTime:0.025002s ]
INFO: [ view_parse ] --END-- [ RunTime:0.026002s ]
INFO: [ view_filter ] --START--
INFO: Run Behavior\WriteHtmlCacheBehavior [ RunTime:0.001000s ]
INFO: [ view_filter ] --END-- [ RunTime:0.002000s ]
INFO: [ app_end ] --START--
INFO: Run Behavior\ShowPageTraceBehavior [ RunTime:0.002000s ]
INFO: [ app_end ] --END-- [ RunTime:0.002000s ]

[ 2015-04-26T15:17:57+08:00 ] 127.0.0.1 /Admin/Index/menu.html
INFO: [ view_parse ] --START--
INFO: [ template_filter ] --START--
INFO: Run Behavior\ContentReplaceBehavior [ RunTime:0.000000s ]
INFO: [ template_filter ] --END-- [ RunTime:0.000000s ]
INFO: Run Behavior\ParseTemplateBehavior [ RunTime:0.053003s ]
INFO: [ view_parse ] --END-- [ RunTime:0.055003s ]
INFO: [ view_filter ] --START--
INFO: Run Behavior\WriteHtmlCacheBehavior [ RunTime:0.002000s ]
INFO: [ view_filter ] --END-- [ RunTime:0.002000s ]
INFO: [ app_end ] --START--
INFO: Run Behavior\ShowPageTraceBehavior [ RunTime:0.004000s ]
INFO: [ app_end ] --END-- [ RunTime:0.004000s ]

[ 2015-04-26T15:59:18+08:00 ] 127.0.0.1 /Admin/Attribute/showlist/goods_type/1.html
ERR: SQLSTATE[42000]: Syntax error or access violation: 1064 You have an error in your SQL syntax; check the manual that corresponds to your MySQL server version for the right syntax to use near '-6,6' at line 1

[ 2015-04-26T16:31:27+08:00 ] 127.0.0.1 /Admin/Attribute/showlist/goods_type/1.html?&page=2
ERR: Think\Model:fields方法不存在！

[ 2015-04-26T16:31:44+08:00 ] 127.0.0.1 /Admin/Attribute/showlist/goods_type/1.html?&page=2
ERR: SQLSTATE[23000]: Integrity constraint violation: 1052 Column 'type_id' in where clause is ambiguous

[ 2015-04-26T16:32:45+08:00 ] 127.0.0.1 /Admin/Attribute/showlist/goods_type/1.html?&page=2
ERR: SQLSTATE[23000]: Integrity constraint violation: 1052 Column 'type_id' in where clause is ambiguous

[ 2015-04-26T16:32:46+08:00 ] 127.0.0.1 /Admin/Attribute/showlist/goods_type/1.html?&page=2
ERR: SQLSTATE[23000]: Integrity constraint violation: 1052 Column 'type_id' in where clause is ambiguous

[ 2015-04-26T16:32:46+08:00 ] 127.0.0.1 /Admin/Attribute/showlist/goods_type/1.html?&page=2
ERR: SQLSTATE[23000]: Integrity constraint violation: 1052 Column 'type_id' in where clause is ambiguous

[ 2015-04-26T16:32:47+08:00 ] 127.0.0.1 /Admin/Attribute/showlist/goods_type/1.html?&page=2
ERR: SQLSTATE[23000]: Integrity constraint violation: 1052 Column 'type_id' in where clause is ambiguous

[ 2015-04-26T16:57:16+08:00 ] 127.0.0.1 /Admin/Attribute/add/goods_type/1.html
ERR: 模板不存在:./app/Admin/View/Attribute/attrbute_add.html

[ 2015-04-26T17:19:58+08:00 ] 127.0.0.1 /Admin/Attribute/showlist/goods_type/1.html?&page=1
ERR: XML标签语法错误 : condition="$good_type.type_id eq $goods_type

[ 2015-04-26T17:54:31+08:00 ] 127.0.0.1 /Admin/Attribute/add/goods_type/4.html
ERR: Think\Controller:succes方法不存在！

[ 2015-04-26T18:34:39+08:00 ] 127.0.0.1 /Admin/Attribute/showist/goods_type.html
ERR: 非法操作:showist

[ 2015-04-26T18:35:26+08:00 ] 127.0.0.1 /Admin/Attribute/showist/goods_type.html
ERR: 非法操作:showist

[ 2015-04-26T19:37:51+08:00 ] 127.0.0.1 /Admin/Attribute/showlist/goods_type/attribute.php?act=batch
ERR: SQLSTATE[42S22]: Column not found: 1054 Unknown column 'attribute.php' in 'where clause'

[ 2015-04-26T20:04:00+08:00 ] 127.0.0.1 /Admin/Attribute/add/goods_type/1.html
ERR: SQLSTATE[HY000]: General error: 1364 Field 'attr_values' doesn't have a default value

[ 2015-04-26T20:04:58+08:00 ] 127.0.0.1 /Admin/Attribute/add/goods_type/1.html
ERR: SQLSTATE[HY000]: General error: 1364 Field 'attr_values' doesn't have a default value

[ 2015-04-26T20:04:59+08:00 ] 127.0.0.1 /Admin/Attribute/add/goods_type/1.html
ERR: SQLSTATE[HY000]: General error: 1364 Field 'attr_values' doesn't have a default value

[ 2015-04-26T20:06:38+08:00 ] 127.0.0.1 /Admin/Index/goods.php?act=list
ERR: 非法操作:goods.php

[ 2015-04-26T20:06:39+08:00 ] 127.0.0.1 /Admin/Index/goods.php?act=add
ERR: 非法操作:goods.php

[ 2015-04-26T20:22:38+08:00 ] 127.0.0.1 /Admin/Index/goods.php?act=add
ERR: 非法操作:goods.php

[ 2015-04-26T20:22:40+08:00 ] 127.0.0.1 /admin
INFO: [ view_parse ] --START--
INFO: [ template_filter ] --START--
INFO: Run Behavior\ContentReplaceBehavior [ RunTime:0.000000s ]
INFO: [ template_filter ] --END-- [ RunTime:0.001001s ]
INFO: Run Behavior\ParseTemplateBehavior [ RunTime:0.033002s ]
INFO: [ view_parse ] --END-- [ RunTime:0.035002s ]
INFO: [ view_filter ] --START--
INFO: Run Behavior\WriteHtmlCacheBehavior [ RunTime:0.001000s ]
INFO: [ view_filter ] --END-- [ RunTime:0.001000s ]
INFO: [ app_end ] --START--
INFO: Run Behavior\ShowPageTraceBehavior [ RunTime:0.002000s ]
INFO: [ app_end ] --END-- [ RunTime:0.002000s ]

[ 2015-04-26T20:22:40+08:00 ] 127.0.0.1 /Admin/Index/top.html
INFO: [ view_parse ] --START--
INFO: [ template_filter ] --START--
INFO: Run Behavior\ContentReplaceBehavior [ RunTime:0.000000s ]
INFO: [ template_filter ] --END-- [ RunTime:0.000000s ]
INFO: Run Behavior\ParseTemplateBehavior [ RunTime:0.099006s ]
INFO: [ view_parse ] --END-- [ RunTime:0.100006s ]
INFO: [ view_filter ] --START--
INFO: Run Behavior\WriteHtmlCacheBehavior [ RunTime:0.001000s ]
INFO: [ view_filter ] --END-- [ RunTime:0.002000s ]
INFO: [ app_end ] --START--
INFO: Run Behavior\ShowPageTraceBehavior [ RunTime:0.003000s ]
INFO: [ app_end ] --END-- [ RunTime:0.003000s ]

[ 2015-04-26T20:22:40+08:00 ] 127.0.0.1 /Admin/Index/menu.html
INFO: [ view_parse ] --START--
INFO: [ template_filter ] --START--
INFO: Run Behavior\ContentReplaceBehavior [ RunTime:0.000000s ]
INFO: [ template_filter ] --END-- [ RunTime:0.000000s ]
INFO: Run Behavior\ParseTemplateBehavior [ RunTime:0.059004s ]
INFO: [ view_parse ] --END-- [ RunTime:0.061004s ]
INFO: [ view_filter ] --START--
INFO: Run Behavior\WriteHtmlCacheBehavior [ RunTime:0.002000s ]
INFO: [ view_filter ] --END-- [ RunTime:0.003000s ]
INFO: [ app_end ] --START--
INFO: Run Behavior\ShowPageTraceBehavior [ RunTime:0.005000s ]
INFO: [ app_end ] --END-- [ RunTime:0.005000s ]

[ 2015-04-26T20:22:40+08:00 ] 127.0.0.1 /Admin/Index/main.html
INFO: [ view_parse ] --START--
INFO: [ template_filter ] --START--
INFO: Run Behavior\ContentReplaceBehavior [ RunTime:0.000000s ]
INFO: [ template_filter ] --END-- [ RunTime:0.000000s ]
INFO: Run Behavior\ParseTemplateBehavior [ RunTime:0.035002s ]
INFO: [ view_parse ] --END-- [ RunTime:0.036002s ]
INFO: [ view_filter ] --START--
INFO: Run Behavior\WriteHtmlCacheBehavior [ RunTime:0.001000s ]
INFO: [ view_filter ] --END-- [ RunTime:0.002000s ]
INFO: [ app_end ] --START--
INFO: Run Behavior\ShowPageTraceBehavior [ RunTime:0.003000s ]
INFO: [ app_end ] --END-- [ RunTime:0.003000s ]

[ 2015-04-26T20:24:08+08:00 ] 127.0.0.1 /Admin/Goods/js/selectzone.js
ERR: 非法操作:js

[ 2015-04-26T20:24:08+08:00 ] 127.0.0.1 /Admin/Goods/styles/general.css
ERR: 非法操作:styles

[ 2015-04-26T20:24:08+08:00 ] 127.0.0.1 /Admin/Goods/styles/main.css
ERR: 非法操作:styles

[ 2015-04-26T20:24:08+08:00 ] 127.0.0.1 /Admin/Goods/js/utils.js
ERR: 非法操作:js

[ 2015-04-26T20:24:08+08:00 ] 127.0.0.1 /Admin/Goods/js/colorselector.js
ERR: 非法操作:js

[ 2015-04-26T20:24:08+08:00 ] 127.0.0.1 /Admin/Goods/js/calendar.php?lang=
ERR: 非法操作:js

[ 2015-04-26T20:24:08+08:00 ] 127.0.0.1 /Admin/Goods/js/tab.js
ERR: 非法操作:js

[ 2015-04-26T20:24:08+08:00 ] 127.0.0.1 /Admin/Goods/fckeditor/editor/fckeditor.html?InstanceName=goods_desc&Toolbar=Normal
ERR: 非法操作:fckeditor

[ 2015-04-26T20:26:14+08:00 ] 127.0.0.1 /Admin/Goods/js/tab.js
ERR: 非法操作:js

[ 2015-04-26T20:26:14+08:00 ] 127.0.0.1 /Admin/Goods/fckeditor/editor/fckeditor.html?InstanceName=goods_desc&Toolbar=Normal
ERR: 非法操作:fckeditor

[ 2015-04-26T20:29:57+08:00 ] 127.0.0.1 /Admin/Goods/fckeditor/editor/fckeditor.html?InstanceName=goods_desc&Toolbar=Normal
ERR: 非法操作:fckeditor

[ 2015-04-26T20:29:57+08:00 ] 127.0.0.1 /Admin/Goods/js/tab.js
ERR: 非法操作:js

[ 2015-04-26T20:30:32+08:00 ] 127.0.0.1 /Admin/Goods/js/tab.js
ERR: 非法操作:js

[ 2015-04-26T20:30:32+08:00 ] 127.0.0.1 /Admin/Goods/fckeditor/editor/fckeditor.html?InstanceName=goods_desc&Toolbar=Normal
ERR: 非法操作:fckeditor

[ 2015-04-26T20:32:06+08:00 ] 127.0.0.1 /Admin/Goods/fckeditor/editor/fckeditor.html?InstanceName=goods_desc&Toolbar=Normal
ERR: 非法操作:fckeditor

[ 2015-04-26T20:32:06+08:00 ] 127.0.0.1 /Admin/Goods/js/tab.js
ERR: 非法操作:js

[ 2015-04-26T21:14:13+08:00 ] 127.0.0.1 /index.php?m=admin
INFO: [ view_parse ] --START--
INFO: [ template_filter ] --START--
INFO: Run Behavior\ContentReplaceBehavior [ RunTime:0.000000s ]
INFO: [ template_filter ] --END-- [ RunTime:0.000000s ]
INFO: Run Behavior\ParseTemplateBehavior [ RunTime:0.078005s ]
INFO: [ view_parse ] --END-- [ RunTime:0.081005s ]
INFO: [ view_filter ] --START--
INFO: Run Behavior\WriteHtmlCacheBehavior [ RunTime:0.001000s ]
INFO: [ view_filter ] --END-- [ RunTime:0.002000s ]
INFO: [ app_end ] --START--
INFO: Run Behavior\ShowPageTraceBehavior [ RunTime:0.002000s ]
INFO: [ app_end ] --END-- [ RunTime:0.003000s ]

[ 2015-04-26T21:14:13+08:00 ] 127.0.0.1 /index.php?m=Admin&c=Index&a=top
INFO: [ view_parse ] --START--
INFO: [ template_filter ] --START--
INFO: Run Behavior\ContentReplaceBehavior [ RunTime:0.000000s ]
INFO: [ template_filter ] --END-- [ RunTime:0.001000s ]
INFO: Run Behavior\ParseTemplateBehavior [ RunTime:0.210012s ]
INFO: [ view_parse ] --END-- [ RunTime:0.212012s ]
INFO: [ view_filter ] --START--
INFO: Run Behavior\WriteHtmlCacheBehavior [ RunTime:0.001000s ]
INFO: [ view_filter ] --END-- [ RunTime:0.001000s ]
INFO: [ app_end ] --START--
INFO: Run Behavior\ShowPageTraceBehavior [ RunTime:0.002000s ]
INFO: [ app_end ] --END-- [ RunTime:0.002000s ]

[ 2015-04-26T21:14:14+08:00 ] 127.0.0.1 /index.php?m=Admin&c=Index&a=main
INFO: [ view_parse ] --START--
INFO: [ template_filter ] --START--
INFO: Run Behavior\ContentReplaceBehavior [ RunTime:0.000000s ]
INFO: [ template_filter ] --END-- [ RunTime:0.001000s ]
INFO: Run Behavior\ParseTemplateBehavior [ RunTime:0.055003s ]
INFO: [ view_parse ] --END-- [ RunTime:0.056003s ]
INFO: [ view_filter ] --START--
INFO: Run Behavior\WriteHtmlCacheBehavior [ RunTime:0.002000s ]
INFO: [ view_filter ] --END-- [ RunTime:0.002000s ]
INFO: [ app_end ] --START--
INFO: Run Behavior\ShowPageTraceBehavior [ RunTime:0.003000s ]
INFO: [ app_end ] --END-- [ RunTime:0.003000s ]

[ 2015-04-26T21:14:14+08:00 ] 127.0.0.1 /index.php?m=Admin&c=Index&a=menu
INFO: [ view_parse ] --START--
INFO: [ template_filter ] --START--
INFO: Run Behavior\ContentReplaceBehavior [ RunTime:0.000000s ]
INFO: [ template_filter ] --END-- [ RunTime:0.000000s ]
INFO: Run Behavior\ParseTemplateBehavior [ RunTime:0.063003s ]
INFO: [ view_parse ] --END-- [ RunTime:0.064003s ]
INFO: [ view_filter ] --START--
INFO: Run Behavior\WriteHtmlCacheBehavior [ RunTime:0.001000s ]
INFO: [ view_filter ] --END-- [ RunTime:0.001000s ]
INFO: [ app_end ] --START--
INFO: Run Behavior\ShowPageTraceBehavior [ RunTime:0.002000s ]
INFO: [ app_end ] --END-- [ RunTime:0.002000s ]

[ 2015-04-26T21:14:34+08:00 ] 127.0.0.1 /index.php/Admin/Goods/js/tab.js
ERR: 非法操作:js

[ 2015-04-26T21:14:34+08:00 ] 127.0.0.1 /index.php/Admin/Goods/fckeditor/editor/fckeditor.html?InstanceName=goods_desc&Toolbar=Normal
ERR: 非法操作:fckeditor

[ 2015-04-26T21:22:49+08:00 ] 127.0.0.1 /index.php/Admin/Goods/fckeditor/editor/fckeditor.html?InstanceName=goods_desc&Toolbar=Normal
ERR: 非法操作:fckeditor

[ 2015-04-26T21:22:49+08:00 ] 127.0.0.1 /index.php/Admin/Goods/js/tab.js
ERR: 非法操作:js

[ 2015-04-26T22:35:35+08:00 ] 127.0.0.1 /index.php/Admin/Goods/fckeditor/editor/fckeditor.html?InstanceName=goods_desc&Toolbar=Normal
ERR: 非法操作:fckeditor

[ 2015-04-26T22:35:35+08:00 ] 127.0.0.1 /index.php/Admin/Goods/js/tab.js
ERR: 非法操作:js

[ 2015-04-26T22:35:39+08:00 ] 127.0.0.1 /index.php/Admin/Goods/js/tab.js
ERR: 非法操作:js

[ 2015-04-26T22:35:39+08:00 ] 127.0.0.1 /index.php/Admin/Goods/fckeditor/editor/fckeditor.html?InstanceName=goods_desc&Toolbar=Normal
ERR: 非法操作:fckeditor

[ 2015-04-26T22:39:26+08:00 ] 127.0.0.1 /index.php/Admin/Goods/fckeditor/editor/fckeditor.html?InstanceName=goods_desc&Toolbar=Normal
ERR: 非法操作:fckeditor

[ 2015-04-26T22:39:26+08:00 ] 127.0.0.1 /index.php/Admin/Goods/js/tab.js
ERR: 非法操作:js

[ 2015-04-26T22:41:16+08:00 ] 127.0.0.1 /index.php/Admin/Goods/js/tab.js
ERR: 非法操作:js

[ 2015-04-26T22:41:16+08:00 ] 127.0.0.1 /index.php/Admin/Goods/fckeditor/editor/fckeditor.html?InstanceName=goods_desc&Toolbar=Normal
ERR: 非法操作:fckeditor

[ 2015-04-26T22:42:49+08:00 ] 127.0.0.1 /index.php/Admin/Goods/fckeditor/editor/fckeditor.html?InstanceName=goods_desc&Toolbar=Normal
ERR: 非法操作:fckeditor

[ 2015-04-26T22:42:49+08:00 ] 127.0.0.1 /index.php/Admin/Goods/js/tab.js
ERR: 非法操作:js

[ 2015-04-26T22:43:21+08:00 ] 127.0.0.1 /index.php/Admin/Goods/fckeditor/editor/fckeditor.html?InstanceName=goods_desc&Toolbar=Normal
ERR: 非法操作:fckeditor

[ 2015-04-26T22:43:21+08:00 ] 127.0.0.1 /index.php/Admin/Goods/js/tab.js
ERR: 非法操作:js

[ 2015-04-26T22:44:18+08:00 ] 127.0.0.1 /index.php/Admin/Goods/fckeditor/editor/fckeditor.html?InstanceName=goods_desc&Toolbar=Normal
ERR: 非法操作:fckeditor

[ 2015-04-26T22:44:18+08:00 ] 127.0.0.1 /index.php/Admin/Goods/js/tab.js
ERR: 非法操作:js

[ 2015-04-26T22:44:36+08:00 ] 127.0.0.1 /index.php/Admin/Goods/fckeditor/editor/fckeditor.html?InstanceName=goods_desc&Toolbar=Normal
ERR: 非法操作:fckeditor

[ 2015-04-26T22:44:36+08:00 ] 127.0.0.1 /index.php/Admin/Goods/js/tab.js
ERR: 非法操作:js

[ 2015-04-26T22:45:03+08:00 ] 127.0.0.1 /index.php/Admin/Goods/fckeditor/editor/fckeditor.html?InstanceName=goods_desc&Toolbar=Normal
ERR: 非法操作:fckeditor

[ 2015-04-26T22:45:03+08:00 ] 127.0.0.1 /index.php/Admin/Goods/js/tab.js
ERR: 非法操作:js

[ 2015-04-26T22:50:11+08:00 ] 127.0.0.1 /index.php/Admin/Goods/js/tab.js
ERR: 非法操作:js

[ 2015-04-26T22:50:12+08:00 ] 127.0.0.1 /index.php/Admin/Goods/fckeditor/editor/fckeditor.html?InstanceName=goods_desc&Toolbar=Normal
ERR: 非法操作:fckeditor

[ 2015-04-26T22:50:40+08:00 ] 127.0.0.1 /index.php/Admin/Goods/js/tab.js
ERR: 非法操作:js

[ 2015-04-26T22:50:40+08:00 ] 127.0.0.1 /index.php/Admin/Goods/fckeditor/editor/fckeditor.html?InstanceName=goods_desc&Toolbar=Normal
ERR: 非法操作:fckeditor

[ 2015-04-26T22:59:23+08:00 ] 127.0.0.1 /index.php?m=admin
INFO: [ view_parse ] --START--
INFO: [ template_filter ] --START--
INFO: Run Behavior\ContentReplaceBehavior [ RunTime:0.000000s ]
INFO: [ template_filter ] --END-- [ RunTime:0.000000s ]
INFO: Run Behavior\ParseTemplateBehavior [ RunTime:0.042002s ]
INFO: [ view_parse ] --END-- [ RunTime:0.043002s ]
INFO: [ view_filter ] --START--
INFO: Run Behavior\WriteHtmlCacheBehavior [ RunTime:0.003000s ]
INFO: [ view_filter ] --END-- [ RunTime:0.003000s ]
INFO: [ app_end ] --START--
INFO: Run Behavior\ShowPageTraceBehavior [ RunTime:0.003000s ]
INFO: [ app_end ] --END-- [ RunTime:0.003000s ]

[ 2015-04-26T22:59:23+08:00 ] 127.0.0.1 /index.php/Admin/Index/top.html
INFO: [ view_parse ] --START--
INFO: [ template_filter ] --START--
INFO: Run Behavior\ContentReplaceBehavior [ RunTime:0.001000s ]
INFO: [ template_filter ] --END-- [ RunTime:0.001000s ]
INFO: Run Behavior\ParseTemplateBehavior [ RunTime:0.071004s ]
INFO: [ view_parse ] --END-- [ RunTime:0.072004s ]
INFO: [ view_filter ] --START--
INFO: Run Behavior\WriteHtmlCacheBehavior [ RunTime:0.001000s ]
INFO: [ view_filter ] --END-- [ RunTime:0.002000s ]
INFO: [ app_end ] --START--
INFO: Run Behavior\ShowPageTraceBehavior [ RunTime:0.003000s ]
INFO: [ app_end ] --END-- [ RunTime:0.004000s ]

[ 2015-04-26T22:59:23+08:00 ] 127.0.0.1 /index.php/Admin/Index/main.html
INFO: [ view_parse ] --START--
INFO: [ template_filter ] --START--
INFO: Run Behavior\ContentReplaceBehavior [ RunTime:0.001000s ]
INFO: [ template_filter ] --END-- [ RunTime:0.001000s ]
INFO: Run Behavior\ParseTemplateBehavior [ RunTime:0.017001s ]
INFO: [ view_parse ] --END-- [ RunTime:0.018001s ]
INFO: [ view_filter ] --START--
INFO: Run Behavior\WriteHtmlCacheBehavior [ RunTime:0.000000s ]
INFO: [ view_filter ] --END-- [ RunTime:0.001000s ]
INFO: [ app_end ] --START--
INFO: Run Behavior\ShowPageTraceBehavior [ RunTime:0.001000s ]
INFO: [ app_end ] --END-- [ RunTime:0.001000s ]

[ 2015-04-26T22:59:23+08:00 ] 127.0.0.1 /index.php/Admin/Index/menu.html
INFO: [ view_parse ] --START--
INFO: [ template_filter ] --START--
INFO: Run Behavior\ContentReplaceBehavior [ RunTime:0.001001s ]
INFO: [ template_filter ] --END-- [ RunTime:0.001001s ]
INFO: Run Behavior\ParseTemplateBehavior [ RunTime:0.022002s ]
INFO: [ view_parse ] --END-- [ RunTime:0.023002s ]
INFO: [ view_filter ] --START--
INFO: Run Behavior\WriteHtmlCacheBehavior [ RunTime:0.001000s ]
INFO: [ view_filter ] --END-- [ RunTime:0.001000s ]
INFO: [ app_end ] --START--
INFO: Run Behavior\ShowPageTraceBehavior [ RunTime:0.002000s ]
INFO: [ app_end ] --END-- [ RunTime:0.002000s ]

[ 2015-04-26T22:59:28+08:00 ] 127.0.0.1 /index.php/Admin/Goods/fckeditor/editor/fckeditor.html?InstanceName=goods_desc&Toolbar=Normal
ERR: 非法操作:fckeditor

[ 2015-04-26T22:59:28+08:00 ] 127.0.0.1 /index.php/Admin/Goods/js/tab.js
ERR: 非法操作:js

[ 2015-04-26T22:59:35+08:00 ] 127.0.0.1 /index.php/Admin/Goods/fckeditor/editor/fckeditor.html?InstanceName=goods_desc&Toolbar=Normal
ERR: 非法操作:fckeditor

[ 2015-04-26T22:59:35+08:00 ] 127.0.0.1 /index.php/Admin/Goods/js/tab.js
ERR: 非法操作:js

[ 2015-04-26T23:00:56+08:00 ] 127.0.0.1 /index.php/Admin/Goods/fckeditor/editor/fckeditor.html?InstanceName=goods_desc&Toolbar=Normal
ERR: 非法操作:fckeditor

[ 2015-04-26T23:00:56+08:00 ] 127.0.0.1 /index.php/Admin/Goods/js/tab.js
ERR: 非法操作:js

[ 2015-04-26T23:01:13+08:00 ] 127.0.0.1 /index.php/Admin/Goods/fckeditor/editor/fckeditor.html?InstanceName=goods_desc&Toolbar=Normal
ERR: 非法操作:fckeditor

[ 2015-04-26T23:01:13+08:00 ] 127.0.0.1 /index.php/Admin/Goods/js/tab.js
ERR: 非法操作:js

[ 2015-04-26T23:02:37+08:00 ] 127.0.0.1 /index.php/Admin/Goods/fckeditor/editor/fckeditor.html?InstanceName=goods_desc&Toolbar=Normal
ERR: 非法操作:fckeditor

[ 2015-04-26T23:02:37+08:00 ] 127.0.0.1 /index.php/Admin/Goods/js/tab.js
ERR: 非法操作:js

[ 2015-04-26T23:02:42+08:00 ] 127.0.0.1 /index.php/Admin/Goods/fckeditor/editor/fckeditor.html?InstanceName=goods_desc&Toolbar=Normal
ERR: 非法操作:fckeditor

[ 2015-04-26T23:02:42+08:00 ] 127.0.0.1 /index.php/Admin/Goods/js/tab.js
ERR: 非法操作:js

[ 2015-04-26T23:02:43+08:00 ] 127.0.0.1 /index.php/Admin/Goods/fckeditor/editor/fckeditor.html?InstanceName=goods_desc&Toolbar=Normal
ERR: 非法操作:fckeditor

[ 2015-04-26T23:02:43+08:00 ] 127.0.0.1 /index.php/Admin/Goods/js/tab.js
ERR: 非法操作:js

[ 2015-04-26T23:02:43+08:00 ] 127.0.0.1 /index.php/Admin/Goods/fckeditor/editor/fckeditor.html?InstanceName=goods_desc&Toolbar=Normal
ERR: 非法操作:fckeditor

[ 2015-04-26T23:02:43+08:00 ] 127.0.0.1 /index.php/Admin/Goods/js/tab.js
ERR: 非法操作:js

[ 2015-04-26T23:03:18+08:00 ] 127.0.0.1 /index.php/Admin/Goods/fckeditor/editor/fckeditor.html?InstanceName=goods_desc&Toolbar=Normal
ERR: 非法操作:fckeditor

[ 2015-04-26T23:03:18+08:00 ] 127.0.0.1 /index.php/Admin////app/Admin/View/
ERR: 无法加载控制器:App

[ 2015-04-26T23:03:18+08:00 ] 127.0.0.1 /index.php/Admin/Goods/js/tab.js
ERR: 非法操作:js

[ 2015-04-26T23:05:01+08:00 ] 127.0.0.1 /index.php/Admin/Goods/fckeditor/editor/fckeditor.html?InstanceName=goods_desc&Toolbar=Normal
ERR: 非法操作:fckeditor

[ 2015-04-26T23:05:01+08:00 ] 127.0.0.1 /index.php/Admin////app/Admin/View/
ERR: 无法加载控制器:App

[ 2015-04-26T23:05:43+08:00 ] 127.0.0.1 /index.php/Admin////app/Admin/View/
ERR: 无法加载控制器:App

[ 2015-04-26T23:05:43+08:00 ] 127.0.0.1 /index.php/Admin/Goods/fckeditor/editor/fckeditor.html?InstanceName=goods_desc&Toolbar=Normal
ERR: 非法操作:fckeditor

[ 2015-04-26T23:06:43+08:00 ] 127.0.0.1 /index.php/Admin/Goods/fckeditor/editor/fckeditor.html?InstanceName=goods_desc&Toolbar=Normal
ERR: 非法操作:fckeditor

[ 2015-04-26T23:06:43+08:00 ] 127.0.0.1 /index.php/Admin////app/Admin/View/
ERR: 无法加载控制器:App

[ 2015-04-26T23:08:58+08:00 ] 127.0.0.1 /index.php/Admin////app/Admin/View/
ERR: 无法加载控制器:App

[ 2015-04-26T23:09:15+08:00 ] 127.0.0.1 /index.php/Admin////app/Admin/View/
ERR: 无法加载控制器:App

[ 2015-04-26T23:09:39+08:00 ] 127.0.0.1 /index.php/Admin////app/Admin/View/
ERR: 无法加载控制器:App

[ 2015-04-26T23:09:47+08:00 ] 127.0.0.1 /index.php/Admin////app/Admin/View/
ERR: 无法加载控制器:App

