[ 2015-05-12T00:23:52+08:00 ] 127.0.0.1 /Admin/Index/index.html
INFO: [ view_parse ] --START--
INFO: [ template_filter ] --START--
INFO: Run Behavior\ContentReplaceBehavior [ RunTime:0.000000s ]
INFO: [ template_filter ] --END-- [ RunTime:0.000000s ]
INFO: Run Behavior\ParseTemplateBehavior [ RunTime:0.026002s ]
INFO: [ view_parse ] --END-- [ RunTime:0.027002s ]
INFO: [ view_filter ] --START--
INFO: Run Behavior\WriteHtmlCacheBehavior [ RunTime:0.001000s ]
INFO: [ view_filter ] --END-- [ RunTime:0.001000s ]
INFO: [ app_end ] --START--
INFO: Run Behavior\ShowPageTraceBehavior [ RunTime:0.001000s ]
INFO: [ app_end ] --END-- [ RunTime:0.001000s ]

[ 2015-05-12T00:23:52+08:00 ] 127.0.0.1 /Admin/Index/top.html
INFO: [ view_parse ] --START--
INFO: [ template_filter ] --START--
INFO: Run Behavior\ContentReplaceBehavior [ RunTime:0.000000s ]
INFO: [ template_filter ] --END-- [ RunTime:0.000000s ]
INFO: Run Behavior\ParseTemplateBehavior [ RunTime:0.033002s ]
INFO: [ view_parse ] --END-- [ RunTime:0.033002s ]
INFO: [ view_filter ] --START--
INFO: Run Behavior\WriteHtmlCacheBehavior [ RunTime:0.001000s ]
INFO: [ view_filter ] --END-- [ RunTime:0.001000s ]
INFO: [ app_end ] --START--
INFO: Run Behavior\ShowPageTraceBehavior [ RunTime:0.001000s ]
INFO: [ app_end ] --END-- [ RunTime:0.001000s ]

[ 2015-05-12T00:23:52+08:00 ] 127.0.0.1 /Admin/Index/main.html
INFO: [ view_parse ] --START--
INFO: [ template_filter ] --START--
INFO: Run Behavior\ContentReplaceBehavior [ RunTime:0.000000s ]
INFO: [ template_filter ] --END-- [ RunTime:0.000000s ]
INFO: Run Behavior\ParseTemplateBehavior [ RunTime:0.038002s ]
INFO: [ view_parse ] --END-- [ RunTime:0.039002s ]
INFO: [ view_filter ] --START--
INFO: Run Behavior\WriteHtmlCacheBehavior [ RunTime:0.001000s ]
INFO: [ view_filter ] --END-- [ RunTime:0.001000s ]
INFO: [ app_end ] --START--
INFO: Run Behavior\ShowPageTraceBehavior [ RunTime:0.001000s ]
INFO: [ app_end ] --END-- [ RunTime:0.001000s ]

[ 2015-05-12T00:32:26+08:00 ] 127.0.0.1 /Admin/Category/edit/cat_id/1.html
ERR: XML标签语法错误 : $type_attr eq 0

[ 2015-05-12T14:40:37+08:00 ] 127.0.0.1 /Admin/Index/index.html
INFO: [ view_parse ] --START--
INFO: [ template_filter ] --START--
INFO: Run Behavior\ContentReplaceBehavior [ RunTime:0.000000s ]
INFO: [ template_filter ] --END-- [ RunTime:0.000000s ]
INFO: Run Behavior\ParseTemplateBehavior [ RunTime:0.007000s ]
INFO: [ view_parse ] --END-- [ RunTime:0.008000s ]
INFO: [ view_filter ] --START--
INFO: Run Behavior\WriteHtmlCacheBehavior [ RunTime:0.000000s ]
INFO: [ view_filter ] --END-- [ RunTime:0.000000s ]
INFO: [ app_end ] --START--
INFO: Run Behavior\ShowPageTraceBehavior [ RunTime:0.000000s ]
INFO: [ app_end ] --END-- [ RunTime:0.001000s ]

[ 2015-05-12T14:40:37+08:00 ] 127.0.0.1 /Admin/Index/top.html
INFO: [ view_parse ] --START--
INFO: [ template_filter ] --START--
INFO: Run Behavior\ContentReplaceBehavior [ RunTime:0.000000s ]
INFO: [ template_filter ] --END-- [ RunTime:0.000000s ]
INFO: Run Behavior\ParseTemplateBehavior [ RunTime:0.011001s ]
INFO: [ view_parse ] --END-- [ RunTime:0.013001s ]
INFO: [ view_filter ] --START--
INFO: Run Behavior\WriteHtmlCacheBehavior [ RunTime:0.001000s ]
INFO: [ view_filter ] --END-- [ RunTime:0.001000s ]
INFO: [ app_end ] --START--
INFO: Run Behavior\ShowPageTraceBehavior [ RunTime:0.002000s ]
INFO: [ app_end ] --END-- [ RunTime:0.002000s ]

[ 2015-05-12T14:40:37+08:00 ] 127.0.0.1 /Admin/Index/main.html
INFO: [ view_parse ] --START--
INFO: [ template_filter ] --START--
INFO: Run Behavior\ContentReplaceBehavior [ RunTime:0.001000s ]
INFO: [ template_filter ] --END-- [ RunTime:0.001000s ]
INFO: Run Behavior\ParseTemplateBehavior [ RunTime:0.014000s ]
INFO: [ view_parse ] --END-- [ RunTime:0.015000s ]
INFO: [ view_filter ] --START--
INFO: Run Behavior\WriteHtmlCacheBehavior [ RunTime:0.001000s ]
INFO: [ view_filter ] --END-- [ RunTime:0.001000s ]
INFO: [ app_end ] --START--
INFO: Run Behavior\ShowPageTraceBehavior [ RunTime:0.002000s ]
INFO: [ app_end ] --END-- [ RunTime:0.002000s ]

[ 2015-05-12T14:44:04+08:00 ] 127.0.0.1 /Admin/Goods/delattr.html
INFO: [ app_begin ] --START--
INFO: Run Behavior\ReadHtmlCacheBehavior [ RunTime:0.000000s ]
INFO: Run Behavior\CheckLangBehavior [ RunTime:0.001000s ]
INFO: [ app_begin ] --END-- [ RunTime:0.002000s ]
SQL: SHOW COLUMNS FROM `cz_admin` [ RunTime:0.0050s ]
SQL: SELECT * FROM `cz_admin` WHERE `admin_id` = 1 LIMIT 1   [ RunTime:0.0010s ]
SQL: SHOW COLUMNS FROM `cz_role` [ RunTime:0.0030s ]
SQL: SELECT * FROM `cz_role` WHERE `role_id` = 20 LIMIT 1   [ RunTime:0.0000s ]
SQL: SHOW COLUMNS FROM `cz_category` [ RunTime:0.0030s ]
SQL: SHOW COLUMNS FROM `cz_brand` [ RunTime:0.0030s ]
SQL: SHOW COLUMNS FROM `cz_goods_type` [ RunTime:0.0030s ]
SQL: SHOW COLUMNS FROM `cz_goods` [ RunTime:0.0040s ]
SQL: SHOW COLUMNS FROM `cz_goods_attr` [ RunTime:0.0040s ]
SQL: SHOW COLUMNS FROM `cz_gallery` [ RunTime:0.0040s ]
SQL: SHOW COLUMNS FROM `cz_attribute` [ RunTime:0.0030s ]
SQL: DELETE FROM `cz_goods_attr` WHERE ( goods_id =1 ) [ RunTime:0.0010s ]
INFO: [ app_end ] --START--
INFO: Run Behavior\ShowPageTraceBehavior [ RunTime:0.001000s ]
INFO: [ app_end ] --END-- [ RunTime:0.001000s ]

[ 2015-05-12T14:44:04+08:00 ] 127.0.0.1 /Admin/Goods/getattrlist.html
INFO: [ app_begin ] --START--
INFO: Run Behavior\ReadHtmlCacheBehavior [ RunTime:0.001000s ]
INFO: Run Behavior\CheckLangBehavior [ RunTime:0.001000s ]
INFO: [ app_begin ] --END-- [ RunTime:0.002000s ]
SQL: SHOW COLUMNS FROM `cz_admin` [ RunTime:0.0050s ]
SQL: SELECT * FROM `cz_admin` WHERE `admin_id` = 1 LIMIT 1   [ RunTime:0.0010s ]
SQL: SHOW COLUMNS FROM `cz_role` [ RunTime:0.0040s ]
SQL: SELECT * FROM `cz_role` WHERE `role_id` = 20 LIMIT 1   [ RunTime:0.0000s ]
SQL: SHOW COLUMNS FROM `cz_category` [ RunTime:0.0040s ]
SQL: SHOW COLUMNS FROM `cz_brand` [ RunTime:0.0040s ]
SQL: SHOW COLUMNS FROM `cz_goods_type` [ RunTime:0.0030s ]
SQL: SHOW COLUMNS FROM `cz_goods` [ RunTime:0.0040s ]
SQL: SHOW COLUMNS FROM `cz_goods_attr` [ RunTime:0.0040s ]
SQL: SHOW COLUMNS FROM `cz_gallery` [ RunTime:0.0040s ]
SQL: SHOW COLUMNS FROM `cz_attribute` [ RunTime:0.0060s ]
SQL: SHOW COLUMNS FROM `cz_attribute` [ RunTime:0.0040s ]
SQL: SHOW COLUMNS FROM `cz_attribute` [ RunTime:0.0030s ]
SQL: SELECT a.attr_id,a.attr_name,a.attr_input_type,a.attr_type,a.attr_values,v.attr_value,v.attr_price FROM cz_attribute as a left join cz_goods_attr as v on v.attr_id = a.attr_id and v.goods_id=1  WHERE ( a.type_id =1 or a.type_id=0 ) ORDER BY a.sort_order , a.attr_type, a.attr_id, v.attr_price,v.goods_attr_id  [ RunTime:0.0040s ]

[ 2015-05-12T14:44:06+08:00 ] 127.0.0.1 /Admin/Goods/delattr.html
INFO: [ app_begin ] --START--
INFO: Run Behavior\ReadHtmlCacheBehavior [ RunTime:0.001000s ]
INFO: Run Behavior\CheckLangBehavior [ RunTime:0.001000s ]
INFO: [ app_begin ] --END-- [ RunTime:0.002000s ]
SQL: SHOW COLUMNS FROM `cz_admin` [ RunTime:0.0040s ]
SQL: SELECT * FROM `cz_admin` WHERE `admin_id` = 1 LIMIT 1   [ RunTime:0.0000s ]
SQL: SHOW COLUMNS FROM `cz_role` [ RunTime:0.0040s ]
SQL: SELECT * FROM `cz_role` WHERE `role_id` = 20 LIMIT 1   [ RunTime:0.0000s ]
SQL: SHOW COLUMNS FROM `cz_category` [ RunTime:0.0040s ]
SQL: SHOW COLUMNS FROM `cz_brand` [ RunTime:0.0040s ]
SQL: SHOW COLUMNS FROM `cz_goods_type` [ RunTime:0.0030s ]
SQL: SHOW COLUMNS FROM `cz_goods` [ RunTime:0.0050s ]
SQL: SHOW COLUMNS FROM `cz_goods_attr` [ RunTime:0.0030s ]
SQL: SHOW COLUMNS FROM `cz_gallery` [ RunTime:0.0030s ]
SQL: SHOW COLUMNS FROM `cz_attribute` [ RunTime:0.0030s ]
SQL: DELETE FROM `cz_goods_attr` WHERE ( goods_id =1 ) [ RunTime:0.0000s ]
INFO: [ app_end ] --START--
INFO: Run Behavior\ShowPageTraceBehavior [ RunTime:0.001000s ]
INFO: [ app_end ] --END-- [ RunTime:0.001000s ]

[ 2015-05-12T14:44:06+08:00 ] 127.0.0.1 /Admin/Goods/getattrlist.html
INFO: [ app_begin ] --START--
INFO: Run Behavior\ReadHtmlCacheBehavior [ RunTime:0.001000s ]
INFO: Run Behavior\CheckLangBehavior [ RunTime:0.003001s ]
INFO: [ app_begin ] --END-- [ RunTime:0.005001s ]
SQL: SHOW COLUMNS FROM `cz_admin` [ RunTime:0.0040s ]
SQL: SELECT * FROM `cz_admin` WHERE `admin_id` = 1 LIMIT 1   [ RunTime:0.0000s ]
SQL: SHOW COLUMNS FROM `cz_role` [ RunTime:0.0030s ]
SQL: SELECT * FROM `cz_role` WHERE `role_id` = 20 LIMIT 1   [ RunTime:0.0000s ]
SQL: SHOW COLUMNS FROM `cz_category` [ RunTime:0.0040s ]
SQL: SHOW COLUMNS FROM `cz_brand` [ RunTime:0.0040s ]
SQL: SHOW COLUMNS FROM `cz_goods_type` [ RunTime:0.0040s ]
SQL: SHOW COLUMNS FROM `cz_goods` [ RunTime:0.0050s ]
SQL: SHOW COLUMNS FROM `cz_goods_attr` [ RunTime:0.0040s ]
SQL: SHOW COLUMNS FROM `cz_gallery` [ RunTime:0.0040s ]
SQL: SHOW COLUMNS FROM `cz_attribute` [ RunTime:0.0050s ]
SQL: SHOW COLUMNS FROM `cz_attribute` [ RunTime:0.0040s ]
SQL: SHOW COLUMNS FROM `cz_attribute` [ RunTime:0.0040s ]
SQL: SELECT a.attr_id,a.attr_name,a.attr_input_type,a.attr_type,a.attr_values,v.attr_value,v.attr_price FROM cz_attribute as a left join cz_goods_attr as v on v.attr_id = a.attr_id and v.goods_id=1  WHERE ( a.type_id =9 or a.type_id=0 ) ORDER BY a.sort_order , a.attr_type, a.attr_id, v.attr_price,v.goods_attr_id  [ RunTime:0.0040s ]

