[ 2015-05-15T00:38:45+08:00 ] 127.0.0.1 /Admin/Index/index.html
INFO: [ view_parse ] --START--
INFO: [ template_filter ] --START--
INFO: Run Behavior\ContentReplaceBehavior [ RunTime:0.000000s ]
INFO: [ template_filter ] --END-- [ RunTime:0.000000s ]
INFO: Run Behavior\ParseTemplateBehavior [ RunTime:0.012000s ]
INFO: [ view_parse ] --END-- [ RunTime:0.013001s ]
INFO: [ view_filter ] --START--
INFO: Run Behavior\WriteHtmlCacheBehavior [ RunTime:0.001000s ]
INFO: [ view_filter ] --END-- [ RunTime:0.001000s ]
INFO: [ app_end ] --START--
INFO: Run Behavior\ShowPageTraceBehavior [ RunTime:0.002000s ]
INFO: [ app_end ] --END-- [ RunTime:0.002000s ]

[ 2015-05-15T00:38:45+08:00 ] 127.0.0.1 /Admin/Index/top.html
INFO: [ view_parse ] --START--
INFO: [ template_filter ] --START--
INFO: Run Behavior\ContentReplaceBehavior [ RunTime:0.000000s ]
INFO: [ template_filter ] --END-- [ RunTime:0.000000s ]
INFO: Run Behavior\ParseTemplateBehavior [ RunTime:0.015000s ]
INFO: [ view_parse ] --END-- [ RunTime:0.016000s ]
INFO: [ view_filter ] --START--
INFO: Run Behavior\WriteHtmlCacheBehavior [ RunTime:0.001001s ]
INFO: [ view_filter ] --END-- [ RunTime:0.001001s ]
INFO: [ app_end ] --START--
INFO: Run Behavior\ShowPageTraceBehavior [ RunTime:0.001000s ]
INFO: [ app_end ] --END-- [ RunTime:0.001000s ]

[ 2015-05-15T00:38:45+08:00 ] 127.0.0.1 /Admin/Index/main.html
INFO: [ view_parse ] --START--
INFO: [ template_filter ] --START--
INFO: Run Behavior\ContentReplaceBehavior [ RunTime:0.000000s ]
INFO: [ template_filter ] --END-- [ RunTime:0.000000s ]
INFO: Run Behavior\ParseTemplateBehavior [ RunTime:0.018001s ]
INFO: [ view_parse ] --END-- [ RunTime:0.019002s ]
INFO: [ view_filter ] --START--
INFO: Run Behavior\WriteHtmlCacheBehavior [ RunTime:0.001000s ]
INFO: [ view_filter ] --END-- [ RunTime:0.001000s ]
INFO: [ app_end ] --START--
INFO: Run Behavior\ShowPageTraceBehavior [ RunTime:0.001000s ]
INFO: [ app_end ] --END-- [ RunTime:0.002000s ]

[ 2015-05-15T00:38:46+08:00 ] 127.0.0.1 /Admin/Index/index.html
INFO: [ view_parse ] --START--
INFO: [ template_filter ] --START--
INFO: Run Behavior\ContentReplaceBehavior [ RunTime:0.000000s ]
INFO: [ template_filter ] --END-- [ RunTime:0.000000s ]
INFO: Run Behavior\ParseTemplateBehavior [ RunTime:0.011001s ]
INFO: [ view_parse ] --END-- [ RunTime:0.012001s ]
INFO: [ view_filter ] --START--
INFO: Run Behavior\WriteHtmlCacheBehavior [ RunTime:0.000000s ]
INFO: [ view_filter ] --END-- [ RunTime:0.000000s ]
INFO: [ app_end ] --START--
INFO: Run Behavior\ShowPageTraceBehavior [ RunTime:0.001000s ]
INFO: [ app_end ] --END-- [ RunTime:0.001000s ]

[ 2015-05-15T00:38:46+08:00 ] 127.0.0.1 /Admin/Index/main.html
INFO: [ view_parse ] --START--
INFO: [ template_filter ] --START--
INFO: Run Behavior\ContentReplaceBehavior [ RunTime:0.000000s ]
INFO: [ template_filter ] --END-- [ RunTime:0.000000s ]
INFO: Run Behavior\ParseTemplateBehavior [ RunTime:0.018001s ]
INFO: [ view_parse ] --END-- [ RunTime:0.018001s ]
INFO: [ view_filter ] --START--
INFO: Run Behavior\WriteHtmlCacheBehavior [ RunTime:0.001001s ]
INFO: [ view_filter ] --END-- [ RunTime:0.001001s ]
INFO: [ app_end ] --START--
INFO: Run Behavior\ShowPageTraceBehavior [ RunTime:0.002000s ]
INFO: [ app_end ] --END-- [ RunTime:0.002000s ]

[ 2015-05-15T00:38:46+08:00 ] 127.0.0.1 /Admin/Index/top.html
INFO: [ view_parse ] --START--
INFO: [ template_filter ] --START--
INFO: Run Behavior\ContentReplaceBehavior [ RunTime:0.000000s ]
INFO: [ template_filter ] --END-- [ RunTime:0.000000s ]
INFO: Run Behavior\ParseTemplateBehavior [ RunTime:0.016001s ]
INFO: [ view_parse ] --END-- [ RunTime:0.017001s ]
INFO: [ view_filter ] --START--
INFO: Run Behavior\WriteHtmlCacheBehavior [ RunTime:0.000000s ]
INFO: [ view_filter ] --END-- [ RunTime:0.001000s ]
INFO: [ app_end ] --START--
INFO: Run Behavior\ShowPageTraceBehavior [ RunTime:0.002000s ]
INFO: [ app_end ] --END-- [ RunTime:0.002000s ]

[ 2015-05-15T17:20:20+08:00 ] 127.0.0.1 /Admin/Index/index.html
INFO: [ view_parse ] --START--
INFO: [ template_filter ] --START--
INFO: Run Behavior\ContentReplaceBehavior [ RunTime:0.000000s ]
INFO: [ template_filter ] --END-- [ RunTime:0.000000s ]
INFO: Run Behavior\ParseTemplateBehavior [ RunTime:0.022002s ]
INFO: [ view_parse ] --END-- [ RunTime:0.022002s ]
INFO: [ view_filter ] --START--
INFO: Run Behavior\WriteHtmlCacheBehavior [ RunTime:0.000000s ]
INFO: [ view_filter ] --END-- [ RunTime:0.000000s ]
INFO: [ app_end ] --START--
INFO: Run Behavior\ShowPageTraceBehavior [ RunTime:0.001000s ]
INFO: [ app_end ] --END-- [ RunTime:0.001000s ]

[ 2015-05-15T17:20:21+08:00 ] 127.0.0.1 /Admin/Index/top.html
INFO: [ view_parse ] --START--
INFO: [ template_filter ] --START--
INFO: Run Behavior\ContentReplaceBehavior [ RunTime:0.000000s ]
INFO: [ template_filter ] --END-- [ RunTime:0.000000s ]
INFO: Run Behavior\ParseTemplateBehavior [ RunTime:0.033002s ]
INFO: [ view_parse ] --END-- [ RunTime:0.034002s ]
INFO: [ view_filter ] --START--
INFO: Run Behavior\WriteHtmlCacheBehavior [ RunTime:0.001000s ]
INFO: [ view_filter ] --END-- [ RunTime:0.001000s ]
INFO: [ app_end ] --START--
INFO: Run Behavior\ShowPageTraceBehavior [ RunTime:0.000000s ]
INFO: [ app_end ] --END-- [ RunTime:0.000000s ]

[ 2015-05-15T17:20:21+08:00 ] 127.0.0.1 /Admin/Index/main.html
INFO: [ view_parse ] --START--
INFO: [ template_filter ] --START--
INFO: Run Behavior\ContentReplaceBehavior [ RunTime:0.000000s ]
INFO: [ template_filter ] --END-- [ RunTime:0.001000s ]
INFO: Run Behavior\ParseTemplateBehavior [ RunTime:0.023001s ]
INFO: [ view_parse ] --END-- [ RunTime:0.024001s ]
INFO: [ view_filter ] --START--
INFO: Run Behavior\WriteHtmlCacheBehavior [ RunTime:0.000000s ]
INFO: [ view_filter ] --END-- [ RunTime:0.001000s ]
INFO: [ app_end ] --START--
INFO: Run Behavior\ShowPageTraceBehavior [ RunTime:0.001000s ]
INFO: [ app_end ] --END-- [ RunTime:0.001000s ]

[ 2015-05-15T17:21:33+08:00 ] 127.0.0.1 /Admin/Goods/del.html
INFO: [ app_begin ] --START--
INFO: Run Behavior\ReadHtmlCacheBehavior [ RunTime:0.001000s ]
INFO: Run Behavior\CheckLangBehavior [ RunTime:0.000000s ]
INFO: [ app_begin ] --END-- [ RunTime:0.001000s ]
SQL: SHOW COLUMNS FROM `cz_admin` [ RunTime:0.0030s ]
SQL: SELECT * FROM `cz_admin` WHERE `admin_id` = 1 LIMIT 1   [ RunTime:0.0000s ]
SQL: SHOW COLUMNS FROM `cz_role` [ RunTime:0.0030s ]
SQL: SELECT * FROM `cz_role` WHERE `role_id` = 20 LIMIT 1   [ RunTime:0.0010s ]
SQL: SHOW COLUMNS FROM `cz_category` [ RunTime:0.0030s ]
SQL: SHOW COLUMNS FROM `cz_brand` [ RunTime:0.0030s ]
SQL: SHOW COLUMNS FROM `cz_goods_type` [ RunTime:0.0040s ]
SQL: SHOW COLUMNS FROM `cz_goods` [ RunTime:0.0040s ]
SQL: SHOW COLUMNS FROM `cz_goods_attr` [ RunTime:0.0030s ]
SQL: SHOW COLUMNS FROM `cz_gallery` [ RunTime:0.0030s ]
SQL: SHOW COLUMNS FROM `cz_attribute` [ RunTime:0.0030s ]
SQL: DELETE FROM `cz_goods` WHERE `goods_id` = 10 [ RunTime:0.0820s ]
SQL: DELETE FROM `cz_goods_attr` WHERE ( goods_id=10 ) [ RunTime:0.0010s ]

[ 2015-05-15T17:23:46+08:00 ] 127.0.0.1 /Admin/Goods/delattr.html
INFO: [ app_begin ] --START--
INFO: Run Behavior\ReadHtmlCacheBehavior [ RunTime:0.001000s ]
INFO: Run Behavior\CheckLangBehavior [ RunTime:0.001000s ]
INFO: [ app_begin ] --END-- [ RunTime:0.002000s ]
SQL: SHOW COLUMNS FROM `cz_admin` [ RunTime:0.0060s ]
SQL: SELECT * FROM `cz_admin` WHERE `admin_id` = 1 LIMIT 1   [ RunTime:0.0000s ]
SQL: SHOW COLUMNS FROM `cz_role` [ RunTime:0.0030s ]
SQL: SELECT * FROM `cz_role` WHERE `role_id` = 20 LIMIT 1   [ RunTime:0.0010s ]
SQL: SHOW COLUMNS FROM `cz_category` [ RunTime:0.0040s ]
SQL: SHOW COLUMNS FROM `cz_brand` [ RunTime:0.0040s ]
SQL: SHOW COLUMNS FROM `cz_goods_type` [ RunTime:0.0030s ]
SQL: SHOW COLUMNS FROM `cz_goods` [ RunTime:0.0040s ]
SQL: SHOW COLUMNS FROM `cz_goods_attr` [ RunTime:0.0030s ]
SQL: SHOW COLUMNS FROM `cz_gallery` [ RunTime:0.0030s ]
SQL: SHOW COLUMNS FROM `cz_attribute` [ RunTime:0.0030s ]
SQL: DELETE FROM `cz_goods_attr` WHERE ( goods_id =9 ) [ RunTime:0.0010s ]
INFO: [ app_end ] --START--
INFO: Run Behavior\ShowPageTraceBehavior [ RunTime:0.001000s ]
INFO: [ app_end ] --END-- [ RunTime:0.001000s ]

[ 2015-05-15T17:23:46+08:00 ] 127.0.0.1 /Admin/Goods/getattrlist.html
INFO: [ app_begin ] --START--
INFO: Run Behavior\ReadHtmlCacheBehavior [ RunTime:0.000000s ]
INFO: Run Behavior\CheckLangBehavior [ RunTime:0.001000s ]
INFO: [ app_begin ] --END-- [ RunTime:0.002000s ]
SQL: SHOW COLUMNS FROM `cz_admin` [ RunTime:0.0040s ]
SQL: SELECT * FROM `cz_admin` WHERE `admin_id` = 1 LIMIT 1   [ RunTime:0.0000s ]
SQL: SHOW COLUMNS FROM `cz_role` [ RunTime:0.0040s ]
SQL: SELECT * FROM `cz_role` WHERE `role_id` = 20 LIMIT 1   [ RunTime:0.0000s ]
SQL: SHOW COLUMNS FROM `cz_category` [ RunTime:0.0040s ]
SQL: SHOW COLUMNS FROM `cz_brand` [ RunTime:0.0030s ]
SQL: SHOW COLUMNS FROM `cz_goods_type` [ RunTime:0.0030s ]
SQL: SHOW COLUMNS FROM `cz_goods` [ RunTime:0.0040s ]
SQL: SHOW COLUMNS FROM `cz_goods_attr` [ RunTime:0.0040s ]
SQL: SHOW COLUMNS FROM `cz_gallery` [ RunTime:0.0030s ]
SQL: SHOW COLUMNS FROM `cz_attribute` [ RunTime:0.0040s ]
SQL: SHOW COLUMNS FROM `cz_attribute` [ RunTime:0.0030s ]
SQL: SHOW COLUMNS FROM `cz_attribute` [ RunTime:0.0030s ]
SQL: SELECT a.attr_id,a.attr_name,a.attr_input_type,a.attr_type,a.attr_values,v.attr_value,v.attr_price FROM cz_attribute as a left join cz_goods_attr as v on v.attr_id = a.attr_id and v.goods_id=9  WHERE ( a.type_id =3 or a.type_id=0 ) ORDER BY a.sort_order , a.attr_type, a.attr_id, v.attr_price,v.goods_attr_id  [ RunTime:0.0030s ]

[ 2015-05-15T17:24:00+08:00 ] 127.0.0.1 /Admin/Goods/getattrlist.html
INFO: [ app_begin ] --START--
INFO: Run Behavior\ReadHtmlCacheBehavior [ RunTime:0.001000s ]
INFO: Run Behavior\CheckLangBehavior [ RunTime:0.000000s ]
INFO: [ app_begin ] --END-- [ RunTime:0.002000s ]
SQL: SHOW COLUMNS FROM `cz_admin` [ RunTime:0.0050s ]
SQL: SELECT * FROM `cz_admin` WHERE `admin_id` = 1 LIMIT 1   [ RunTime:0.0010s ]
SQL: SHOW COLUMNS FROM `cz_role` [ RunTime:0.0050s ]
SQL: SELECT * FROM `cz_role` WHERE `role_id` = 20 LIMIT 1   [ RunTime:0.0010s ]
SQL: SHOW COLUMNS FROM `cz_category` [ RunTime:0.0040s ]
SQL: SHOW COLUMNS FROM `cz_brand` [ RunTime:0.0040s ]
SQL: SHOW COLUMNS FROM `cz_goods_type` [ RunTime:0.0040s ]
SQL: SHOW COLUMNS FROM `cz_goods` [ RunTime:0.0040s ]
SQL: SHOW COLUMNS FROM `cz_goods_attr` [ RunTime:0.0030s ]
SQL: SHOW COLUMNS FROM `cz_gallery` [ RunTime:0.0040s ]
SQL: SHOW COLUMNS FROM `cz_attribute` [ RunTime:0.0040s ]
SQL: SHOW COLUMNS FROM `cz_attribute` [ RunTime:0.0040s ]
SQL: SHOW COLUMNS FROM `cz_attribute` [ RunTime:0.0040s ]
SQL: SELECT a.attr_id,a.attr_name,a.attr_input_type,a.attr_type,a.attr_values,v.attr_value,v.attr_price FROM cz_attribute as a left join cz_goods_attr as v on v.attr_id = a.attr_id and v.goods_id=9  WHERE ( a.type_id =9 or a.type_id=0 ) ORDER BY a.sort_order , a.attr_type, a.attr_id, v.attr_price,v.goods_attr_id  [ RunTime:0.0040s ]

[ 2015-05-15T17:24:00+08:00 ] 127.0.0.1 /Admin/Goods/delattr.html
INFO: [ app_begin ] --START--
INFO: Run Behavior\ReadHtmlCacheBehavior [ RunTime:0.001000s ]
INFO: Run Behavior\CheckLangBehavior [ RunTime:0.001000s ]
INFO: [ app_begin ] --END-- [ RunTime:0.003000s ]
SQL: SHOW COLUMNS FROM `cz_admin` [ RunTime:0.0040s ]
SQL: SELECT * FROM `cz_admin` WHERE `admin_id` = 1 LIMIT 1   [ RunTime:0.0010s ]
SQL: SHOW COLUMNS FROM `cz_role` [ RunTime:0.0040s ]
SQL: SELECT * FROM `cz_role` WHERE `role_id` = 20 LIMIT 1   [ RunTime:0.0000s ]
SQL: SHOW COLUMNS FROM `cz_category` [ RunTime:0.0030s ]
SQL: SHOW COLUMNS FROM `cz_brand` [ RunTime:0.0030s ]
SQL: SHOW COLUMNS FROM `cz_goods_type` [ RunTime:0.0040s ]
SQL: SHOW COLUMNS FROM `cz_goods` [ RunTime:0.0050s ]
SQL: SHOW COLUMNS FROM `cz_goods_attr` [ RunTime:0.0030s ]
SQL: SHOW COLUMNS FROM `cz_gallery` [ RunTime:0.0030s ]
SQL: SHOW COLUMNS FROM `cz_attribute` [ RunTime:0.0040s ]
SQL: DELETE FROM `cz_goods_attr` WHERE ( goods_id =9 ) [ RunTime:0.0000s ]
INFO: [ app_end ] --START--
INFO: Run Behavior\ShowPageTraceBehavior [ RunTime:0.001000s ]
INFO: [ app_end ] --END-- [ RunTime:0.001000s ]

[ 2015-05-15T22:13:42+08:00 ] 127.0.0.1 /Admin/Index/index.html
INFO: [ view_parse ] --START--
INFO: [ template_filter ] --START--
INFO: Run Behavior\ContentReplaceBehavior [ RunTime:0.000000s ]
INFO: [ template_filter ] --END-- [ RunTime:0.000000s ]
INFO: Run Behavior\ParseTemplateBehavior [ RunTime:0.039002s ]
INFO: [ view_parse ] --END-- [ RunTime:0.040002s ]
INFO: [ view_filter ] --START--
INFO: Run Behavior\WriteHtmlCacheBehavior [ RunTime:0.000000s ]
INFO: [ view_filter ] --END-- [ RunTime:0.001000s ]
INFO: [ app_end ] --START--
INFO: Run Behavior\ShowPageTraceBehavior [ RunTime:0.001000s ]
INFO: [ app_end ] --END-- [ RunTime:0.001000s ]

[ 2015-05-15T22:13:43+08:00 ] 127.0.0.1 /Admin/Index/top.html
INFO: [ view_parse ] --START--
INFO: [ template_filter ] --START--
INFO: Run Behavior\ContentReplaceBehavior [ RunTime:0.000000s ]
INFO: [ template_filter ] --END-- [ RunTime:0.000000s ]
INFO: Run Behavior\ParseTemplateBehavior [ RunTime:0.029002s ]
INFO: [ view_parse ] --END-- [ RunTime:0.031002s ]
INFO: [ view_filter ] --START--
INFO: Run Behavior\WriteHtmlCacheBehavior [ RunTime:0.000000s ]
INFO: [ view_filter ] --END-- [ RunTime:0.000000s ]
INFO: [ app_end ] --START--
INFO: Run Behavior\ShowPageTraceBehavior [ RunTime:0.001000s ]
INFO: [ app_end ] --END-- [ RunTime:0.001000s ]

[ 2015-05-15T22:13:43+08:00 ] 127.0.0.1 /Admin/Index/main.html
INFO: [ view_parse ] --START--
INFO: [ template_filter ] --START--
INFO: Run Behavior\ContentReplaceBehavior [ RunTime:0.000000s ]
INFO: [ template_filter ] --END-- [ RunTime:0.000000s ]
INFO: Run Behavior\ParseTemplateBehavior [ RunTime:0.036002s ]
INFO: [ view_parse ] --END-- [ RunTime:0.036002s ]
INFO: [ view_filter ] --START--
INFO: Run Behavior\WriteHtmlCacheBehavior [ RunTime:0.001000s ]
INFO: [ view_filter ] --END-- [ RunTime:0.001000s ]
INFO: [ app_end ] --START--
INFO: Run Behavior\ShowPageTraceBehavior [ RunTime:0.002000s ]
INFO: [ app_end ] --END-- [ RunTime:0.002000s ]

[ 2015-05-15T22:17:51+08:00 ] 127.0.0.1 /Admin/Goods/getattrlist.html
INFO: [ app_begin ] --START--
INFO: Run Behavior\ReadHtmlCacheBehavior [ RunTime:0.000000s ]
INFO: Run Behavior\CheckLangBehavior [ RunTime:0.001000s ]
INFO: [ app_begin ] --END-- [ RunTime:0.003000s ]
SQL: SHOW COLUMNS FROM `cz_admin` [ RunTime:0.0030s ]
SQL: SELECT * FROM `cz_admin` WHERE `admin_id` = 1 LIMIT 1   [ RunTime:0.0000s ]
SQL: SHOW COLUMNS FROM `cz_role` [ RunTime:0.0030s ]
SQL: SELECT * FROM `cz_role` WHERE `role_id` = 20 LIMIT 1   [ RunTime:0.0010s ]
SQL: SHOW COLUMNS FROM `cz_category` [ RunTime:0.0050s ]
SQL: SHOW COLUMNS FROM `cz_brand` [ RunTime:0.0040s ]
SQL: SHOW COLUMNS FROM `cz_goods_type` [ RunTime:0.0040s ]
SQL: SHOW COLUMNS FROM `cz_goods` [ RunTime:0.0040s ]
SQL: SHOW COLUMNS FROM `cz_goods_attr` [ RunTime:0.0040s ]
SQL: SHOW COLUMNS FROM `cz_gallery` [ RunTime:0.0040s ]
SQL: SHOW COLUMNS FROM `cz_attribute` [ RunTime:0.0040s ]
SQL: SHOW COLUMNS FROM `cz_attribute` [ RunTime:0.0040s ]
SQL: SHOW COLUMNS FROM `cz_attribute` [ RunTime:0.0040s ]
SQL: SELECT a.attr_id,a.attr_name,a.attr_input_type,a.attr_type,a.attr_values,v.attr_value,v.attr_price FROM cz_attribute as a left join cz_goods_attr as v on v.attr_id = a.attr_id and v.goods_id=2  WHERE ( a.type_id =9 or a.type_id=0 ) ORDER BY a.sort_order , a.attr_type, a.attr_id, v.attr_price,v.goods_attr_id  [ RunTime:0.0040s ]

[ 2015-05-15T22:17:51+08:00 ] 127.0.0.1 /Admin/Goods/delattr.html
INFO: [ app_begin ] --START--
INFO: Run Behavior\ReadHtmlCacheBehavior [ RunTime:0.001000s ]
INFO: Run Behavior\CheckLangBehavior [ RunTime:0.001000s ]
INFO: [ app_begin ] --END-- [ RunTime:0.002000s ]
SQL: SHOW COLUMNS FROM `cz_admin` [ RunTime:0.0060s ]
SQL: SELECT * FROM `cz_admin` WHERE `admin_id` = 1 LIMIT 1   [ RunTime:0.0010s ]
SQL: SHOW COLUMNS FROM `cz_role` [ RunTime:0.0050s ]
SQL: SELECT * FROM `cz_role` WHERE `role_id` = 20 LIMIT 1   [ RunTime:0.0000s ]
SQL: SHOW COLUMNS FROM `cz_category` [ RunTime:0.0050s ]
SQL: SHOW COLUMNS FROM `cz_brand` [ RunTime:0.0060s ]
SQL: SHOW COLUMNS FROM `cz_goods_type` [ RunTime:0.0060s ]
SQL: SHOW COLUMNS FROM `cz_goods` [ RunTime:0.0080s ]
SQL: SHOW COLUMNS FROM `cz_goods_attr` [ RunTime:0.0040s ]
SQL: SHOW COLUMNS FROM `cz_gallery` [ RunTime:0.0040s ]
SQL: SHOW COLUMNS FROM `cz_attribute` [ RunTime:0.0040s ]
SQL: DELETE FROM `cz_goods_attr` WHERE ( goods_id =2 ) [ RunTime:0.0000s ]
INFO: [ app_end ] --START--
INFO: Run Behavior\ShowPageTraceBehavior [ RunTime:0.001000s ]
INFO: [ app_end ] --END-- [ RunTime:0.001000s ]

[ 2015-05-15T22:18:57+08:00 ] 127.0.0.1 /Admin/Goods/getattrlist.html
INFO: [ app_begin ] --START--
INFO: Run Behavior\ReadHtmlCacheBehavior [ RunTime:0.001000s ]
INFO: Run Behavior\CheckLangBehavior [ RunTime:0.001000s ]
INFO: [ app_begin ] --END-- [ RunTime:0.002000s ]
SQL: SHOW COLUMNS FROM `cz_admin` [ RunTime:0.0050s ]
SQL: SELECT * FROM `cz_admin` WHERE `admin_id` = 1 LIMIT 1   [ RunTime:0.0000s ]
SQL: SHOW COLUMNS FROM `cz_role` [ RunTime:0.0040s ]
SQL: SELECT * FROM `cz_role` WHERE `role_id` = 20 LIMIT 1   [ RunTime:0.0000s ]
SQL: SHOW COLUMNS FROM `cz_category` [ RunTime:0.0040s ]
SQL: SHOW COLUMNS FROM `cz_brand` [ RunTime:0.0030s ]
SQL: SHOW COLUMNS FROM `cz_goods_type` [ RunTime:0.0040s ]
SQL: SHOW COLUMNS FROM `cz_goods` [ RunTime:0.0040s ]
SQL: SHOW COLUMNS FROM `cz_goods_attr` [ RunTime:0.0030s ]
SQL: SHOW COLUMNS FROM `cz_gallery` [ RunTime:0.0040s ]
SQL: SHOW COLUMNS FROM `cz_attribute` [ RunTime:0.0040s ]
SQL: SHOW COLUMNS FROM `cz_attribute` [ RunTime:0.0040s ]
SQL: SHOW COLUMNS FROM `cz_attribute` [ RunTime:0.0030s ]
SQL: SELECT a.attr_id,a.attr_name,a.attr_input_type,a.attr_type,a.attr_values,v.attr_value,v.attr_price FROM cz_attribute as a left join cz_goods_attr as v on v.attr_id = a.attr_id and v.goods_id=3  WHERE ( a.type_id =4 or a.type_id=0 ) ORDER BY a.sort_order , a.attr_type, a.attr_id, v.attr_price,v.goods_attr_id  [ RunTime:0.0040s ]

[ 2015-05-15T22:18:57+08:00 ] 127.0.0.1 /Admin/Goods/delattr.html
INFO: [ app_begin ] --START--
INFO: Run Behavior\ReadHtmlCacheBehavior [ RunTime:0.001000s ]
INFO: Run Behavior\CheckLangBehavior [ RunTime:0.002000s ]
INFO: [ app_begin ] --END-- [ RunTime:0.004000s ]
SQL: SHOW COLUMNS FROM `cz_admin` [ RunTime:0.0040s ]
SQL: SELECT * FROM `cz_admin` WHERE `admin_id` = 1 LIMIT 1   [ RunTime:0.0000s ]
SQL: SHOW COLUMNS FROM `cz_role` [ RunTime:0.0040s ]
SQL: SELECT * FROM `cz_role` WHERE `role_id` = 20 LIMIT 1   [ RunTime:0.0000s ]
SQL: SHOW COLUMNS FROM `cz_category` [ RunTime:0.0040s ]
SQL: SHOW COLUMNS FROM `cz_brand` [ RunTime:0.0040s ]
SQL: SHOW COLUMNS FROM `cz_goods_type` [ RunTime:0.0040s ]
SQL: SHOW COLUMNS FROM `cz_goods` [ RunTime:0.0060s ]
SQL: SHOW COLUMNS FROM `cz_goods_attr` [ RunTime:0.0040s ]
SQL: SHOW COLUMNS FROM `cz_gallery` [ RunTime:0.0040s ]
SQL: SHOW COLUMNS FROM `cz_attribute` [ RunTime:0.0040s ]
SQL: DELETE FROM `cz_goods_attr` WHERE ( goods_id =3 ) [ RunTime:0.0000s ]
INFO: [ app_end ] --START--
INFO: Run Behavior\ShowPageTraceBehavior [ RunTime:0.001000s ]
INFO: [ app_end ] --END-- [ RunTime:0.002000s ]

[ 2015-05-15T22:22:06+08:00 ] 127.0.0.1 /Admin/Goods/getattrlist.html
INFO: [ app_begin ] --START--
INFO: Run Behavior\ReadHtmlCacheBehavior [ RunTime:0.001000s ]
INFO: Run Behavior\CheckLangBehavior [ RunTime:0.001000s ]
INFO: [ app_begin ] --END-- [ RunTime:0.002000s ]
SQL: SHOW COLUMNS FROM `cz_admin` [ RunTime:0.0050s ]
SQL: SELECT * FROM `cz_admin` WHERE `admin_id` = 1 LIMIT 1   [ RunTime:0.0010s ]
SQL: SHOW COLUMNS FROM `cz_role` [ RunTime:0.0050s ]
SQL: SELECT * FROM `cz_role` WHERE `role_id` = 20 LIMIT 1   [ RunTime:0.0000s ]
SQL: SHOW COLUMNS FROM `cz_category` [ RunTime:0.0040s ]
SQL: SHOW COLUMNS FROM `cz_brand` [ RunTime:0.0040s ]
SQL: SHOW COLUMNS FROM `cz_goods_type` [ RunTime:0.0040s ]
SQL: SHOW COLUMNS FROM `cz_goods` [ RunTime:0.0050s ]
SQL: SHOW COLUMNS FROM `cz_goods_attr` [ RunTime:0.0040s ]
SQL: SHOW COLUMNS FROM `cz_gallery` [ RunTime:0.0040s ]
SQL: SHOW COLUMNS FROM `cz_attribute` [ RunTime:0.0050s ]
SQL: SHOW COLUMNS FROM `cz_attribute` [ RunTime:0.0050s ]
SQL: SHOW COLUMNS FROM `cz_attribute` [ RunTime:0.0040s ]
SQL: SELECT a.attr_id,a.attr_name,a.attr_input_type,a.attr_type,a.attr_values,v.attr_value,v.attr_price FROM cz_attribute as a left join cz_goods_attr as v on v.attr_id = a.attr_id and v.goods_id=11  WHERE ( a.type_id =9 or a.type_id=0 ) ORDER BY a.sort_order , a.attr_type, a.attr_id, v.attr_price,v.goods_attr_id  [ RunTime:0.0030s ]

[ 2015-05-15T22:22:06+08:00 ] 127.0.0.1 /Admin/Goods/delattr.html
INFO: [ app_begin ] --START--
INFO: Run Behavior\ReadHtmlCacheBehavior [ RunTime:0.001000s ]
INFO: Run Behavior\CheckLangBehavior [ RunTime:0.001000s ]
INFO: [ app_begin ] --END-- [ RunTime:0.002000s ]
SQL: SHOW COLUMNS FROM `cz_admin` [ RunTime:0.0030s ]
SQL: SELECT * FROM `cz_admin` WHERE `admin_id` = 1 LIMIT 1   [ RunTime:0.0000s ]
SQL: SHOW COLUMNS FROM `cz_role` [ RunTime:0.0050s ]
SQL: SELECT * FROM `cz_role` WHERE `role_id` = 20 LIMIT 1   [ RunTime:0.0000s ]
SQL: SHOW COLUMNS FROM `cz_category` [ RunTime:0.0050s ]
SQL: SHOW COLUMNS FROM `cz_brand` [ RunTime:0.0040s ]
SQL: SHOW COLUMNS FROM `cz_goods_type` [ RunTime:0.0070s ]
SQL: SHOW COLUMNS FROM `cz_goods` [ RunTime:0.0060s ]
SQL: SHOW COLUMNS FROM `cz_goods_attr` [ RunTime:0.0040s ]
SQL: SHOW COLUMNS FROM `cz_gallery` [ RunTime:0.0040s ]
SQL: SHOW COLUMNS FROM `cz_attribute` [ RunTime:0.0040s ]
SQL: DELETE FROM `cz_goods_attr` WHERE ( goods_id =11 ) [ RunTime:0.0000s ]
INFO: [ app_end ] --START--
INFO: Run Behavior\ShowPageTraceBehavior [ RunTime:0.001000s ]
INFO: [ app_end ] --END-- [ RunTime:0.001000s ]

[ 2015-05-15T22:26:06+08:00 ] 127.0.0.1 /Admin/Goods/getattrlist.html
INFO: [ app_begin ] --START--
INFO: Run Behavior\ReadHtmlCacheBehavior [ RunTime:0.000000s ]
INFO: Run Behavior\CheckLangBehavior [ RunTime:0.001000s ]
INFO: [ app_begin ] --END-- [ RunTime:0.002000s ]
SQL: SHOW COLUMNS FROM `cz_admin` [ RunTime:0.0050s ]
SQL: SELECT * FROM `cz_admin` WHERE `admin_id` = 1 LIMIT 1   [ RunTime:0.0010s ]
SQL: SHOW COLUMNS FROM `cz_role` [ RunTime:0.0040s ]
SQL: SELECT * FROM `cz_role` WHERE `role_id` = 20 LIMIT 1   [ RunTime:0.0000s ]
SQL: SHOW COLUMNS FROM `cz_category` [ RunTime:0.0040s ]
SQL: SHOW COLUMNS FROM `cz_brand` [ RunTime:0.0040s ]
SQL: SHOW COLUMNS FROM `cz_goods_type` [ RunTime:0.0040s ]
SQL: SHOW COLUMNS FROM `cz_goods` [ RunTime:0.0050s ]
SQL: SHOW COLUMNS FROM `cz_goods_attr` [ RunTime:0.0040s ]
SQL: SHOW COLUMNS FROM `cz_gallery` [ RunTime:0.0030s ]
SQL: SHOW COLUMNS FROM `cz_attribute` [ RunTime:0.0030s ]
SQL: SHOW COLUMNS FROM `cz_attribute` [ RunTime:0.0040s ]
SQL: SHOW COLUMNS FROM `cz_attribute` [ RunTime:0.0040s ]
SQL: SELECT a.attr_id,a.attr_name,a.attr_input_type,a.attr_type,a.attr_values,v.attr_value,v.attr_price FROM cz_attribute as a left join cz_goods_attr as v on v.attr_id = a.attr_id and v.goods_id=15  WHERE ( a.type_id =9 or a.type_id=0 ) ORDER BY a.sort_order , a.attr_type, a.attr_id, v.attr_price,v.goods_attr_id  [ RunTime:0.0050s ]

[ 2015-05-15T22:26:06+08:00 ] 127.0.0.1 /Admin/Goods/delattr.html
INFO: [ app_begin ] --START--
INFO: Run Behavior\ReadHtmlCacheBehavior [ RunTime:0.002000s ]
INFO: Run Behavior\CheckLangBehavior [ RunTime:0.002001s ]
INFO: [ app_begin ] --END-- [ RunTime:0.005001s ]
SQL: SHOW COLUMNS FROM `cz_admin` [ RunTime:0.0050s ]
SQL: SELECT * FROM `cz_admin` WHERE `admin_id` = 1 LIMIT 1   [ RunTime:0.0000s ]
SQL: SHOW COLUMNS FROM `cz_role` [ RunTime:0.0030s ]
SQL: SELECT * FROM `cz_role` WHERE `role_id` = 20 LIMIT 1   [ RunTime:0.0000s ]
SQL: SHOW COLUMNS FROM `cz_category` [ RunTime:0.0060s ]
SQL: SHOW COLUMNS FROM `cz_brand` [ RunTime:0.0060s ]
SQL: SHOW COLUMNS FROM `cz_goods_type` [ RunTime:0.0060s ]
SQL: SHOW COLUMNS FROM `cz_goods` [ RunTime:0.0050s ]
SQL: SHOW COLUMNS FROM `cz_goods_attr` [ RunTime:0.0040s ]
SQL: SHOW COLUMNS FROM `cz_gallery` [ RunTime:0.0040s ]
SQL: SHOW COLUMNS FROM `cz_attribute` [ RunTime:0.0040s ]
SQL: DELETE FROM `cz_goods_attr` WHERE ( goods_id =15 ) [ RunTime:0.0000s ]
INFO: [ app_end ] --START--
INFO: Run Behavior\ShowPageTraceBehavior [ RunTime:0.001000s ]
INFO: [ app_end ] --END-- [ RunTime:0.001000s ]

[ 2015-05-15T22:27:31+08:00 ] 127.0.0.1 /Admin/Goods/getattrlist.html
INFO: [ app_begin ] --START--
INFO: Run Behavior\ReadHtmlCacheBehavior [ RunTime:0.001000s ]
INFO: Run Behavior\CheckLangBehavior [ RunTime:0.001000s ]
INFO: [ app_begin ] --END-- [ RunTime:0.004000s ]
SQL: SHOW COLUMNS FROM `cz_admin` [ RunTime:0.0040s ]
SQL: SELECT * FROM `cz_admin` WHERE `admin_id` = 1 LIMIT 1   [ RunTime:0.0010s ]
SQL: SHOW COLUMNS FROM `cz_role` [ RunTime:0.0040s ]
SQL: SELECT * FROM `cz_role` WHERE `role_id` = 20 LIMIT 1   [ RunTime:0.0010s ]
SQL: SHOW COLUMNS FROM `cz_category` [ RunTime:0.0050s ]
SQL: SHOW COLUMNS FROM `cz_brand` [ RunTime:0.0040s ]
SQL: SHOW COLUMNS FROM `cz_goods_type` [ RunTime:0.0040s ]
SQL: SHOW COLUMNS FROM `cz_goods` [ RunTime:0.0050s ]
SQL: SHOW COLUMNS FROM `cz_goods_attr` [ RunTime:0.0040s ]
SQL: SHOW COLUMNS FROM `cz_gallery` [ RunTime:0.0050s ]
SQL: SHOW COLUMNS FROM `cz_attribute` [ RunTime:0.0050s ]
SQL: SHOW COLUMNS FROM `cz_attribute` [ RunTime:0.0050s ]
SQL: SHOW COLUMNS FROM `cz_attribute` [ RunTime:0.0050s ]
SQL: SELECT a.attr_id,a.attr_name,a.attr_input_type,a.attr_type,a.attr_values,v.attr_value,v.attr_price FROM cz_attribute as a left join cz_goods_attr as v on v.attr_id = a.attr_id and v.goods_id=17  WHERE ( a.type_id =9 or a.type_id=0 ) ORDER BY a.sort_order , a.attr_type, a.attr_id, v.attr_price,v.goods_attr_id  [ RunTime:0.0060s ]

[ 2015-05-15T22:27:31+08:00 ] 127.0.0.1 /Admin/Goods/delattr.html
INFO: [ app_begin ] --START--
INFO: Run Behavior\ReadHtmlCacheBehavior [ RunTime:0.001000s ]
INFO: Run Behavior\CheckLangBehavior [ RunTime:0.001000s ]
INFO: [ app_begin ] --END-- [ RunTime:0.002000s ]
SQL: SHOW COLUMNS FROM `cz_admin` [ RunTime:0.0050s ]
SQL: SELECT * FROM `cz_admin` WHERE `admin_id` = 1 LIMIT 1   [ RunTime:0.0000s ]
SQL: SHOW COLUMNS FROM `cz_role` [ RunTime:0.0050s ]
SQL: SELECT * FROM `cz_role` WHERE `role_id` = 20 LIMIT 1   [ RunTime:0.0010s ]
SQL: SHOW COLUMNS FROM `cz_category` [ RunTime:0.0060s ]
SQL: SHOW COLUMNS FROM `cz_brand` [ RunTime:0.0040s ]
SQL: SHOW COLUMNS FROM `cz_goods_type` [ RunTime:0.0050s ]
SQL: SHOW COLUMNS FROM `cz_goods` [ RunTime:0.0080s ]
SQL: SHOW COLUMNS FROM `cz_goods_attr` [ RunTime:0.0050s ]
SQL: SHOW COLUMNS FROM `cz_gallery` [ RunTime:0.0030s ]
SQL: SHOW COLUMNS FROM `cz_attribute` [ RunTime:0.0030s ]
SQL: DELETE FROM `cz_goods_attr` WHERE ( goods_id =17 ) [ RunTime:0.0010s ]
INFO: [ app_end ] --START--
INFO: Run Behavior\ShowPageTraceBehavior [ RunTime:0.001000s ]
INFO: [ app_end ] --END-- [ RunTime:0.001000s ]

[ 2015-05-15T23:19:08+08:00 ] 127.0.0.1 /Admin/Index/index.html
INFO: [ view_parse ] --START--
INFO: [ template_filter ] --START--
INFO: Run Behavior\ContentReplaceBehavior [ RunTime:0.000000s ]
INFO: [ template_filter ] --END-- [ RunTime:0.000000s ]
INFO: Run Behavior\ParseTemplateBehavior [ RunTime:0.008001s ]
INFO: [ view_parse ] --END-- [ RunTime:0.009001s ]
INFO: [ view_filter ] --START--
INFO: Run Behavior\WriteHtmlCacheBehavior [ RunTime:0.001000s ]
INFO: [ view_filter ] --END-- [ RunTime:0.001000s ]
INFO: [ app_end ] --START--
INFO: Run Behavior\ShowPageTraceBehavior [ RunTime:0.000000s ]
INFO: [ app_end ] --END-- [ RunTime:0.000000s ]

[ 2015-05-15T23:19:08+08:00 ] 127.0.0.1 /Admin/Index/top.html
INFO: [ view_parse ] --START--
INFO: [ template_filter ] --START--
INFO: Run Behavior\ContentReplaceBehavior [ RunTime:0.000000s ]
INFO: [ template_filter ] --END-- [ RunTime:0.001000s ]
INFO: Run Behavior\ParseTemplateBehavior [ RunTime:0.013001s ]
INFO: [ view_parse ] --END-- [ RunTime:0.014001s ]
INFO: [ view_filter ] --START--
INFO: Run Behavior\WriteHtmlCacheBehavior [ RunTime:0.001000s ]
INFO: [ view_filter ] --END-- [ RunTime:0.001000s ]
INFO: [ app_end ] --START--
INFO: Run Behavior\ShowPageTraceBehavior [ RunTime:0.001000s ]
INFO: [ app_end ] --END-- [ RunTime:0.001000s ]

[ 2015-05-15T23:19:08+08:00 ] 127.0.0.1 /Admin/Index/main.html
INFO: [ view_parse ] --START--
INFO: [ template_filter ] --START--
INFO: Run Behavior\ContentReplaceBehavior [ RunTime:0.000000s ]
INFO: [ template_filter ] --END-- [ RunTime:0.000000s ]
INFO: Run Behavior\ParseTemplateBehavior [ RunTime:0.011001s ]
INFO: [ view_parse ] --END-- [ RunTime:0.012001s ]
INFO: [ view_filter ] --START--
INFO: Run Behavior\WriteHtmlCacheBehavior [ RunTime:0.001000s ]
INFO: [ view_filter ] --END-- [ RunTime:0.001000s ]
INFO: [ app_end ] --START--
INFO: Run Behavior\ShowPageTraceBehavior [ RunTime:0.001000s ]
INFO: [ app_end ] --END-- [ RunTime:0.001000s ]

